2025-05-16 16:10:04,408 - DEBUG    - [7560] - MainThread - root - main:main - 213: {'pricefeed_creds': {'user_id': 'TXA847', 'password': 'Veda@@369', 'totp_secret': 'C432GXXZZCZ4S273QDTU7FZ65WQSGUKD', 'api_key': 'pyjttc3uafwlge28', 'api_secret': 'anolqvan28hpo3huf2z3d2c9qe28fwl5'}, 'api': {'provider': 'shoonya', 'creds': {'user_id': 'FN112899', 'api_key': 'aff71287f2faaaf125c28612c52814f8', 'password': 'Vanitha@143', 'totp_secret': '745X5G7H447N774K6B4U2X3S5X6KN52Z'}}, 'strategy': {'strategy_end_time': '15:15:00', 'check_candle': 38, 'fund_allocations': {'nifty': 20000, 'sensex': 20000}, 'buffer_price_percentage': 2, 'strike_buffer_precentage': 0.15, 'stop_loss': 30, 'profit_target': 60, 'trailings': [{'profit_move': 25, 'stop_loss_move': 1}, {'profit_move': 40, 'stop_loss_move': 1.25}, {'profit_move': 49, 'stop_loss_move': 1.4}]}}
2025-05-16 16:10:04,470 - DEBUG    - [7560] - MainThread - urllib3.connectionpool - connectionpool:_new_conn - 1049: Starting new HTTPS connection (1): kite.zerodha.com:443
2025-05-16 16:10:05,716 - DEBUG    - [7560] - MainThread - urllib3.connectionpool - connectionpool:_make_request - 544: https://kite.zerodha.com:443 "POST /api/login HTTP/1.1" 200 None
2025-05-16 16:10:06,023 - DEBUG    - [7560] - MainThread - urllib3.connectionpool - connectionpool:_make_request - 544: https://kite.zerodha.com:443 "POST /api/twofa HTTP/1.1" 200 42
2025-05-16 16:10:06,330 - DEBUG    - [7560] - MainThread - urllib3.connectionpool - connectionpool:_make_request - 544: https://kite.zerodha.com:443 "GET /connect/login?v=3&api_key=pyjttc3uafwlge28 HTTP/1.1" 302 0
2025-05-16 16:10:06,637 - DEBUG    - [7560] - MainThread - urllib3.connectionpool - connectionpool:_make_request - 544: https://kite.zerodha.com:443 "GET /connect/finish?api_key=pyjttc3uafwlge28&sess_id=b7kS0xxx2gI4WanO7oF988MFCUBsjQWw HTTP/1.1" 302 0
2025-05-16 16:10:06,643 - DEBUG    - [7560] - MainThread - urllib3.connectionpool - connectionpool:_new_conn - 1049: Starting new HTTPS connection (1): api.kite.trade:443
2025-05-16 16:10:07,763 - DEBUG    - [7560] - MainThread - urllib3.connectionpool - connectionpool:_make_request - 544: https://api.kite.trade:443 "POST /session/token HTTP/1.1" 200 None
2025-05-16 16:10:13,977 - DEBUG    - [7560] - MainThread - urllib3.connectionpool - connectionpool:_new_conn - 1049: Starting new HTTPS connection (1): api.shoonya.com:443
2025-05-16 16:10:14,935 - DEBUG    - [7560] - MainThread - urllib3.connectionpool - connectionpool:_make_request - 544: https://api.shoonya.com:443 "POST /NorenWClientTP/QuickAuth HTTP/1.1" 200 2840
2025-05-16 16:10:14,937 - INFO     - [7560] - MainThread - oms - oms:shoonya_login - 163: Shoonya loggedin successfully.
2025-05-16 16:10:14,967 - INFO     - [7560] - MainThread - root - main:main - 237: ========= Next check-time: 09:38:00 =========
2025-05-16 16:10:15,239 - INFO     - [7560] - Thread-1 (run) - pricefeed - pricefeed:on_connect - 44: Feed connected successfully.
2025-05-16 16:10:15,261 - INFO     - [7560] - Thread-1 (run) - pricefeed - pricefeed:subscribe - 81: Succesfully subscribed 4000 tokens.
2025-05-16 16:10:15,261 - INFO     - [7560] - Thread-1 (run) - pricefeed - pricefeed:on_connect - 51: pricefeed connected, <kiteconnect.ticker.KiteTicker object at 0x168284a50>
2025-05-16 16:10:17,876 - DEBUG    - [7560] - MainThread - oms - oms:finvasia_get_orderbook - 228: Payload: jData= {"uid": "FN112899"}&jKey=7c4472a85c7870840530ab9af3266a31a8db2cfbee62b6079093e62794feb7f8
2025-05-16 16:10:17,878 - DEBUG    - [7560] - MainThread - urllib3.connectionpool - connectionpool:_new_conn - 1049: Starting new HTTPS connection (1): api.shoonya.com:443
2025-05-16 16:10:18,722 - DEBUG    - [7560] - MainThread - urllib3.connectionpool - connectionpool:_make_request - 544: https://api.shoonya.com:443 "POST /NorenWClientTP/OrderBook HTTP/1.1" 200 1477
2025-05-16 16:17:15,621 - CRITICAL - [7560] - MainThread - root - main:main - 509: Runtime Error
Traceback (most recent call last):
  File "/Users/rajeshboppana/Downloads/38mincandle-client/main.py", line 243, in main
    tick: PricePkt = pricefeed_queue.get()
                     ^^^^^^^^^^^^^^^^^^^^^
  File "/opt/anaconda3/lib/python3.11/queue.py", line 171, in get
    self.not_empty.wait()
  File "/opt/anaconda3/lib/python3.11/threading.py", line 327, in wait
    waiter.acquire()
KeyboardInterrupt
