[0m2025-06-18 08:53:22,812 - DEBUG    - [25464] - MainThread - urllib3.connectionpool - connectionpool:_new_conn - 1049: Starting new HTTPS connection (1): public.fyers.in:443[0m
[0m2025-06-18 08:53:23,053 - DEBUG    - [25464] - MainThread - urllib3.connectionpool - connectionpool:_make_request - 544: https://public.fyers.in:443 "GET /sym_details/NSE_FO_sym_master.json HTTP/1.1" 200 None[0m
[0m2025-06-18 08:53:24,740 - DEBUG    - [25464] - MainThread - urllib3.connectionpool - connectionpool:_new_conn - 1049: Starting new HTTPS connection (1): public.fyers.in:443[0m
[0m2025-06-18 08:53:24,930 - DEBUG    - [25464] - MainThread - urllib3.connectionpool - connectionpool:_make_request - 544: https://public.fyers.in:443 "GET /sym_details/BSE_FO_sym_master.json HTTP/1.1" 200 None[0m
[0m2025-06-18 08:53:25,112 - DEBUG    - [25464] - MainThread - urllib3.connectionpool - connectionpool:_new_conn - 1049: Starting new HTTPS connection (1): growwapi-assets.groww.in:443[0m
[0m2025-06-18 08:53:25,330 - DEBUG    - [25464] - MainThread - urllib3.connectionpool - connectionpool:_make_request - 544: https://growwapi-assets.groww.in:443 "GET /instruments/instrument.csv HTTP/1.1" 200 12527087[0m
[0m2025-06-18 08:53:27,379 - DEBUG    - [25464] - MainThread - root - main:main - 244: {'pricefeed_creds': {'user_id': 'MA2710', 'password': '26199493', 'totp_secret': 'ZKGG4OTQCZ2SXTZL3OHUYM3UCLDI2VKT', 'api_key': '5dugmd3zusa6lkuh', 'api_secret': '70ynllx2dcadud30mjcnkwnhyv1fhzi6'}, 'api': [{'provider': 'zerodha', 'fund_allocations': {'nifty': 40000, 'sensex': 40000}, 'creds': {'user_id': 'FMN939', 'api_key': '6tj7h9ko25oltcjw', 'password': 'Shan@@123', 'totp_secret': 'T2CTEEGZ3QG5ZBRPSKRGQZZL3JUCUZQK', 'api_secret': 'i782ku8bghagf0cefkoa5wglq4x23b71'}}, {'provider': 'GoPocket', 'fund_allocations': {'nifty': 0, 'sensex': 0}, 'creds': {'user_id': '', 'user_phone': '', 'app_code': '', 'app_secret': '', 'totp_secret': '', 'password': ''}}, {'provider': 'shoonya', 'fund_allocations': {'nifty': 20000, 'sensex': 20000}, 'creds': {'user_id': 'FN112899', 'api_key': 'aff71287f2faaaf125c28612c52814f8', 'password': 'Vanitha@@143', 'totp_secret': 'HL4U327A2A6I6677H355H4LZ44JH2J5N'}}, {'provider': 'shoonya', 'fund_allocations': {'nifty': 20000, 'sensex': 20000}, 'creds': {'user_id': 'FN123771', 'api_key': '6ae3f8dbab57e1cf95b5a0e5efb25b2c', 'password': 'Veda@@369', 'totp_secret': 'IIK3Y7552JCDFWAIY5OGHWB37PBWV257'}}, {'provider': 'shoonya', 'fund_allocations': {'nifty': 20000, 'sensex': 20000}, 'creds': {'user_id': '', 'api_key': '', 'password': '', 'totp_secret': ''}}, {'provider': 'shoonya', 'fund_allocations': {'nifty': 30000, 'sensex': 30000}, 'creds': {'user_id': '', 'api_key': '', 'password': '', 'totp_secret': ''}}, {'provider': 'shoonya', 'fund_allocations': {'nifty': 75000, 'sensex': 75000}, 'creds': {'user_id': '', 'api_key': '', 'password': '', 'totp_secret': ''}}, {'provider': 'shoonya', 'fund_allocations': {'nifty': 40000, 'sensex': 40000}, 'creds': {'user_id': '', 'api_key': '', 'password': '', 'totp_secret': ''}}, {'provider': 'shoonya', 'fund_allocations': {'nifty': 40000, 'sensex': 40000}, 'creds': {'user_id': '', 'api_key': '', 'password': '', 'totp_secret': ''}}, {'provider': 'groww', 'fund_allocations': {'banknifty': 15000, 'bankex': 20000}, 'creds': {'user_id': '', 'api_key': ''}}], 'strategy': {'strategy_end_time': '15:15:00', 'check_candle': 38, 'buffer_price_percentage': 2, 'strike_buffer_precentage': 0.15, 'stop_loss': 30, 'profit_target': 60, 'trailings': [{'profit_move': 25, 'stop_loss_move': 1}, {'profit_move': 40, 'stop_loss_move': 1.25}, {'profit_move': 49, 'stop_loss_move': 1.4}], 'fund_allocations': {'banknifty': 15000, 'bankex': 20000}}}[0m
[0m2025-06-18 08:53:27,379 - DEBUG    - [25464] - MainThread - urllib3.connectionpool - connectionpool:_new_conn - 1049: Starting new HTTPS connection (1): kite.zerodha.com:443[0m
[0m2025-06-18 08:53:27,580 - DEBUG    - [25464] - MainThread - urllib3.connectionpool - connectionpool:_make_request - 544: https://kite.zerodha.com:443 "POST /api/login HTTP/1.1" 200 None[0m
[0m2025-06-18 08:53:27,631 - DEBUG    - [25464] - MainThread - urllib3.connectionpool - connectionpool:_make_request - 544: https://kite.zerodha.com:443 "POST /api/twofa HTTP/1.1" 200 42[0m
[0m2025-06-18 08:53:27,680 - DEBUG    - [25464] - MainThread - urllib3.connectionpool - connectionpool:_make_request - 544: https://kite.zerodha.com:443 "GET /connect/login?v=3&api_key=5dugmd3zusa6lkuh HTTP/1.1" 302 0[0m
[0m2025-06-18 08:53:27,713 - DEBUG    - [25464] - MainThread - urllib3.connectionpool - connectionpool:_make_request - 544: https://kite.zerodha.com:443 "GET /connect/finish?api_key=5dugmd3zusa6lkuh&sess_id=bjGvF9rV1cpHzwhTwpNrbrk2tyFYiMTl HTTP/1.1" 302 0[0m
[0m2025-06-18 08:53:27,731 - DEBUG    - [25464] - MainThread - urllib3.connectionpool - connectionpool:_new_conn - 1049: Starting new HTTPS connection (1): api.kite.trade:443[0m
[0m2025-06-18 08:53:27,990 - DEBUG    - [25464] - MainThread - urllib3.connectionpool - connectionpool:_make_request - 544: https://api.kite.trade:443 "POST /session/token HTTP/1.1" 200 None[0m
[0m2025-06-18 08:53:27,997 - DEBUG    - [25464] - MainThread - urllib3.connectionpool - connectionpool:_new_conn - 1049: Starting new HTTPS connection (1): kite.zerodha.com:443[0m
[0m2025-06-18 08:53:28,128 - INFO     - [25464] - Thread-1 (run) - pricefeed - pricefeed:on_connect - 45: Feed connected successfully.[0m
[0m2025-06-18 08:53:28,138 - INFO     - [25464] - Thread-1 (run) - pricefeed - pricefeed:subscribe - 82: Succesfully subscribed 3706 tokens.[0m
[0m2025-06-18 08:53:28,138 - INFO     - [25464] - Thread-1 (run) - pricefeed - pricefeed:on_connect - 52: pricefeed connected, <kiteconnect.ticker.KiteTicker object at 0x000001EB17FC1B20>[0m
[0m2025-06-18 08:53:28,182 - DEBUG    - [25464] - MainThread - urllib3.connectionpool - connectionpool:_make_request - 544: https://kite.zerodha.com:443 "POST /api/login HTTP/1.1" 200 None[0m
[0m2025-06-18 08:53:28,233 - DEBUG    - [25464] - MainThread - urllib3.connectionpool - connectionpool:_make_request - 544: https://kite.zerodha.com:443 "POST /api/twofa HTTP/1.1" 400 113[0m
[1;41m2025-06-18 08:53:28,234 - CRITICAL - [25464] - MainThread - root - main:main - 279: Error while login in ZERODHA, config: {'user_id': 'FMN939', 'api_key': '6tj7h9ko25oltcjw', 'password': 'Shan@@123', 'totp_secret': 'T2CTEEGZ3QG5ZBRPSKRGQZZL3JUCUZQK', 'api_secret': 'i782ku8bghagf0cefkoa5wglq4x23b71'}[0m
[0m2025-06-18 08:53:28,235 - DEBUG    - [25464] - MainThread - root - main:main - 280: Error while login in ZERODHA
Traceback (most recent call last):
  File "E:\Multiple User On Thread\main.py", line 261, in main
    zerodha_login(strategy.api)
  File "E:\Multiple User On Thread\oms.py", line 155, in zerodha_login
    raise Exception(
Exception: Error while logging in to kite for user-FMN939, Error: {"status":"error","message":"The requested 2FA type is not available.","data":null,"error_type":"InputException"}[0m
[0m2025-06-18 08:53:29,529 - DEBUG    - [25464] - MainThread - urllib3.connectionpool - connectionpool:_new_conn - 1049: Starting new HTTPS connection (1): web.gopocket.in:443[0m
[0m2025-06-18 08:53:29,747 - DEBUG    - [25464] - MainThread - urllib3.connectionpool - connectionpool:_make_request - 544: https://web.gopocket.in:443 "POST /am/access/client/verify HTTP/1.1" 200 None[0m
[1;41m2025-06-18 08:53:29,747 - CRITICAL - [25464] - MainThread - root - main:main - 279: Error while login in GOPOCKET, config: {'user_id': '', 'user_phone': '', 'app_code': '', 'app_secret': '', 'totp_secret': '', 'password': ''}[0m
[0m2025-06-18 08:53:29,747 - DEBUG    - [25464] - MainThread - root - main:main - 280: Error while login in GOPOCKET
Traceback (most recent call last):
  File "E:\Multiple User On Thread\main.py", line 273, in main
    gopocket_login(strategy.api)
  File "E:\Multiple User On Thread\oms.py", line 286, in gopocket_login
    raise Exception(user_id_response.text)
Exception: {"status":"Not ok","message":"Invalid Parameter","result":[]}[0m
[0m2025-06-18 08:53:29,747 - DEBUG    - [25464] - MainThread - oms - oms:shoonya_login - 219: Shoonya login payload: jData={"apkversion": "1.0.0", "uid": "FN112899", "pwd": "29ad2d49d56407bc0ed86af8d0c6d34b6cf8ec71918554ded81d5d311f7a2f2c", "factor2": "137674", "vc": "FN112899_U", "appkey": "fa37482711d00d8f2134695eea8941ede3013550c53fcfa4b764c815a288e319", "imei": "abc1234", "source": "API"}[0m
[0m2025-06-18 08:53:29,747 - DEBUG    - [25464] - MainThread - urllib3.connectionpool - connectionpool:_new_conn - 1049: Starting new HTTPS connection (1): api.shoonya.com:443[0m
[0m2025-06-18 08:53:30,327 - DEBUG    - [25464] - MainThread - urllib3.connectionpool - connectionpool:_make_request - 544: https://api.shoonya.com:443 "POST /NorenWClientTP/QuickAuth HTTP/1.1" 200 3612[0m
[0m2025-06-18 08:53:30,329 - DEBUG    - [25464] - MainThread - oms - oms:shoonya_login - 221: Shoonya login response: {"request_time":"08:53:29 18-06-2025","actid":"FN112899","access_type":["WEB","MOB","TT","API"],"uname":"Vinod Batta","prarr":[{"prd":"C","s_prdt_ali":"CNC","exch":["NSE","BSE","NIPO","BSTAR"]},{"prd":"M","s_prdt_ali":"NRML","exch":["NFO","BFO"]},{"prd":"I","s_prdt_ali":"MIS","exch":["NSE","BSE","NFO","BFO"]},{"prd":"H","s_prdt_ali":"CO","exch":["NSE","NFO","BSE"]},{"prd":"B","s_prdt_ali":"BO","exch":["NSE","NFO","BSE"]}],"exch_prd":[{"exch":"NSE","prds":["C","I","H","B"]},{"exch":"NIPO","prds":["C"]},{"exch":"BSE","prds":["C","I","H","B"]},{"exch":"BSTAR","prds":["C"]},{"exch":"NFO","prds":["M","I","H","B"]},{"exch":"BFO","prds":["M","I"]}],"stat":"Ok","susertoken":"2aa8b3c2365c2073714e8ea2d7880414aa07fdacf9722cfab6703b9bd4bc6670","susertokenspl":"ef533c4624d1d7ba810ae2307b5e93197865c5119d853ae63af311491b5c3f08","email":"bhatta.vinod.b@gmail.com","uid":"FN112899","brnchid":"HO","totp_set":"1","m_num":"9030630427","orarr":["MKT","LMT","SL-LMT","SL-MKT"],"exarr":["NSE","NIPO","BSE","BSTAR","NFO","BFO"],"values":["1"],"mws":{"1":[{"exch":"NFO","token":"69056","tsym":"ASIANPAINT26JUN25P2320","cname":"ASIANPAINT JUN 2320 PE ","dname":"ASIANPAINT JUN 2320 PE ","instname":"OPTSTK","pp":"2","ls":"200","ti":"0.05","optt":"PE"},{"exch":"NFO","token":"104643","tsym":"INDIGO26JUN25P5400","cname":"INDIGO JUN 5400 PE ","dname":"INDIGO JUN 5400 PE ","instname":"OPTSTK","pp":"2","ls":"150","ti":"0.05","optt":"PE"},{"exch":"NFO","token":"133757","tsym":"ULTRACEMCO26JUN25P11700","cname":"ULTRACEMCO JUN 11700 PE ","dname":"ULTRACEMCO JUN 11700 PE ","instname":"OPTSTK","pp":"2","ls":"50","ti":"0.05","optt":"PE"},{"exch":"NFO","token":"50937","tsym":"MCX26JUN25C7800","cname":"MCX JUN 7800 CE ","dname":"MCX JUN 7800 CE ","instname":"OPTSTK","pp":"2","ls":"100","ti":"0.05","optt":"CE"},{"exch":"NFO","token":"101261","tsym":"INDHOTEL26JUN25C710","cname":"INDHOTEL JUN 710 CE ","dname":"INDHOTEL JUN 710 CE ","instname":"OPTSTK","pp":"2","ls":"1000","ti":"0.05","optt":"CE"},{"exch":"NFO","token":"51000","tsym":"NIFTY19JUN25P24750","weekly":"W3","cname":"NIFTY 19JUN25 24750 PE ","dname":"NIFTY 19JUN25 24750 PE ","instname":"OPTIDX","pp":"2","ls":"75","ti":"0.05","optt":"PE"},{"exch":"NFO","token":"62386","tsym":"NIFTY26JUN25P24750","cname":"NIFTY 26JUN25 24750 PE ","dname":"NIFTY 26JUN25 24750 PE ","instname":"OPTIDX","pp":"2","ls":"75","ti":"0.05","optt":"PE"},{"exch":"NFO","token":"51002","tsym":"NIFTY19JUN25P24800","weekly":"W3","cname":"NIFTY 19JUN25 24800 PE ","dname":"NIFTY 19JUN25 24800 PE ","instname":"OPTIDX","pp":"2","ls":"75","ti":"0.05","optt":"PE"},{"exch":"NFO","token":"50990","tsym":"NIFTY19JUN25P24500","weekly":"W3","cname":"NIFTY 19JUN25 24500 PE ","dname":"NIFTY 19JUN25 24500 PE ","instname":"OPTIDX","pp":"2","ls":"75","ti":"0.05","optt":"PE"},{"exch":"NFO","token":"50989","tsym":"NIFTY19JUN25C24500","weekly":"W3","cname":"NIFTY 19JUN25 24500 CE ","dname":"NIFTY 19JUN25 24500 CE ","instname":"OPTIDX","pp":"2","ls":"75","ti":"0.05","optt":"CE"},{"exch":"NFO","token":"139789","tsym":"SRF26JUN25C3100","cname":"SRF JUN 3100 CE ","dname":"SRF JUN 3100 CE ","instname":"OPTSTK","pp":"2","ls":"375","ti":"0.05","optt":"CE"},{"exch":"NFO","token":"118437","tsym":"MAZDOCK26JUN25P3400","cname":"MAZDOCK JUN 3400 PE ","dname":"MAZDOCK JUN 3400 PE ","instname":"OPTSTK","pp":"2","ls":"175","ti":"0.05","optt":"PE"},{"exch":"NFO","token":"112150","tsym":"M&M26JUN25C3050","cname":"M&M JUN 3050 CE ","dname":"M&M JUN 3050 CE ","instname":"OPTSTK","pp":"2","ls":"175","ti":"0.05","optt":"CE"}]},"brkname":"FINV","dmsg":"","lastaccesstime":"1750217009","lastpwdtime":"1749612427"}[0m
[0m2025-06-18 08:53:30,329 - INFO     - [25464] - MainThread - oms - oms:shoonya_login - 224: Shoonya: FN112899 loggedin successfully.[0m
[0m2025-06-18 08:53:30,331 - DEBUG    - [25464] - MainThread - oms - oms:shoonya_login - 219: Shoonya login payload: jData={"apkversion": "1.0.0", "uid": "FN123771", "pwd": "32f4ae19f03a21aebd6d2d1e18e8d0ac63792d31db3b4f8cfe2cd61b22daa08b", "factor2": "139004", "vc": "FN123771_U", "appkey": "5fbd25f598496e558b6618b9146aa59e9ce8654755bd05f1a5fecbac6b871e82", "imei": "abc1234", "source": "API"}[0m
[0m2025-06-18 08:53:30,333 - DEBUG    - [25464] - MainThread - urllib3.connectionpool - connectionpool:_new_conn - 1049: Starting new HTTPS connection (1): api.shoonya.com:443[0m
[0m2025-06-18 08:53:30,523 - DEBUG    - [25464] - MainThread - urllib3.connectionpool - connectionpool:_make_request - 544: https://api.shoonya.com:443 "POST /NorenWClientTP/QuickAuth HTTP/1.1" 200 1588[0m
[0m2025-06-18 08:53:30,524 - DEBUG    - [25464] - MainThread - oms - oms:shoonya_login - 221: Shoonya login response: {"request_time":"08:53:29 18-06-2025","actid":"FN123771","access_type":["WEB","TT","MOB","API"],"uname":"JYOTSNA SUNITHA NAGIREDDY","prarr":[{"prd":"C","s_prdt_ali":"CNC","exch":["NSE","BSE","NIPO","BSTAR"]},{"prd":"M","s_prdt_ali":"NRML","exch":["NFO","BFO"]},{"prd":"I","s_prdt_ali":"MIS","exch":["NSE","BSE","NFO","BFO"]},{"prd":"H","s_prdt_ali":"CO","exch":["NSE","NFO","BSE"]},{"prd":"B","s_prdt_ali":"BO","exch":["NSE","NFO","BSE"]}],"exch_prd":[{"exch":"NSE","prds":["C","I","H","B"]},{"exch":"NIPO","prds":["C"]},{"exch":"BSE","prds":["C","I","H","B"]},{"exch":"BSTAR","prds":["C"]},{"exch":"NFO","prds":["M","I","H","B"]},{"exch":"BFO","prds":["M","I"]}],"stat":"Ok","susertoken":"818d9e9ec852e4212ded0e5b1f4e1a50f83844cb095272d0cc05c54bf4898d88","susertokenspl":"11ec87e9e92442488f9849cfe603b3841eb88614a3cbbe2d8bcd2b13da59a226","email":"bruwguholdings@gmail.com","uid":"FN123771","brnchid":"HO","totp_set":"1","m_num":"7013602459","orarr":["MKT","LMT","SL-LMT","SL-MKT"],"exarr":["NSE","NIPO","BSE","BSTAR","NFO","BFO"],"values":["1"],"mws":{"1":[{"exch":"NFO","token":"50989","tsym":"NIFTY19JUN25C24500","weekly":"W3","cname":"NIFTY 19JUN25 24500 CE ","dname":"NIFTY 19JUN25 24500 CE ","instname":"OPTIDX","pp":"2","ls":"75","ti":"0.05","optt":"CE"},{"exch":"BSE","token":"1","tsym":"SENSEX","cname":"BSE SENSEX","instname":"UNDIND","pp":"2","ls":"1","ti":"0.05","nontrd":"1"},{"exch":"BSE","token":"507685","tsym":"WIPRO","cname":"WIPRO LTD.","instname":"A","pp":"2","ls":"1","ti":"0.05"}]},"brkname":"FINV","dmsg":"","lastaccesstime":"1750217009","lastpwdtime":"1745327683"}[0m
[0m2025-06-18 08:53:30,524 - INFO     - [25464] - MainThread - oms - oms:shoonya_login - 224: Shoonya: FN123771 loggedin successfully.[0m
[0m2025-06-18 08:53:30,526 - DEBUG    - [25464] - MainThread - oms - oms:shoonya_login - 219: Shoonya login payload: jData={"apkversion": "1.0.0", "uid": "", "pwd": "e3b0c44298fc1c149afbf4c8996fb92427ae41e4649b934ca495991b7852b855", "factor2": "080082", "vc": "_U", "appkey": "cbe5cfdf7c2118a9c3d78ef1d684f3afa089201352886449a06a6511cfef74a7", "imei": "abc1234", "source": "API"}[0m
[0m2025-06-18 08:53:30,527 - DEBUG    - [25464] - MainThread - urllib3.connectionpool - connectionpool:_new_conn - 1049: Starting new HTTPS connection (1): api.shoonya.com:443[0m
[0m2025-06-18 08:53:30,727 - DEBUG    - [25464] - MainThread - urllib3.connectionpool - connectionpool:_make_request - 544: https://api.shoonya.com:443 "POST /NorenWClientTP/QuickAuth HTTP/1.1" 400 63[0m
[0m2025-06-18 08:53:30,729 - DEBUG    - [25464] - MainThread - oms - oms:shoonya_login - 221: Shoonya login response: {"stat":"Not_Ok","emsg":"Invalid Input :  Invalid Vendor code"}[0m
[1;41m2025-06-18 08:53:30,730 - CRITICAL - [25464] - MainThread - root - main:main - 279: Error while login in SHOONYA, config: {'user_id': '', 'api_key': '', 'password': '', 'totp_secret': ''}[0m
[0m2025-06-18 08:53:30,730 - DEBUG    - [25464] - MainThread - root - main:main - 280: Error while login in SHOONYA
Traceback (most recent call last):
  File "E:\Multiple User On Thread\main.py", line 264, in main
    shoonya_login(strategy.api)
  File "E:\Multiple User On Thread\oms.py", line 226, in shoonya_login
    raise Exception("Not Ok")
Exception: Not Ok[0m
[0m2025-06-18 08:53:30,732 - DEBUG    - [25464] - MainThread - oms - oms:shoonya_login - 219: Shoonya login payload: jData={"apkversion": "1.0.0", "uid": "", "pwd": "e3b0c44298fc1c149afbf4c8996fb92427ae41e4649b934ca495991b7852b855", "factor2": "080082", "vc": "_U", "appkey": "cbe5cfdf7c2118a9c3d78ef1d684f3afa089201352886449a06a6511cfef74a7", "imei": "abc1234", "source": "API"}[0m
[0m2025-06-18 08:53:30,733 - DEBUG    - [25464] - MainThread - urllib3.connectionpool - connectionpool:_new_conn - 1049: Starting new HTTPS connection (1): api.shoonya.com:443[0m
[0m2025-06-18 08:53:30,921 - DEBUG    - [25464] - MainThread - urllib3.connectionpool - connectionpool:_make_request - 544: https://api.shoonya.com:443 "POST /NorenWClientTP/QuickAuth HTTP/1.1" 400 63[0m
[0m2025-06-18 08:53:30,921 - DEBUG    - [25464] - MainThread - oms - oms:shoonya_login - 221: Shoonya login response: {"stat":"Not_Ok","emsg":"Invalid Input :  Invalid Vendor code"}[0m
[1;41m2025-06-18 08:53:30,921 - CRITICAL - [25464] - MainThread - root - main:main - 279: Error while login in SHOONYA, config: {'user_id': '', 'api_key': '', 'password': '', 'totp_secret': ''}[0m
[0m2025-06-18 08:53:30,922 - DEBUG    - [25464] - MainThread - root - main:main - 280: Error while login in SHOONYA
Traceback (most recent call last):
  File "E:\Multiple User On Thread\main.py", line 264, in main
    shoonya_login(strategy.api)
  File "E:\Multiple User On Thread\oms.py", line 226, in shoonya_login
    raise Exception("Not Ok")
Exception: Not Ok[0m
[0m2025-06-18 08:53:30,923 - DEBUG    - [25464] - MainThread - oms - oms:shoonya_login - 219: Shoonya login payload: jData={"apkversion": "1.0.0", "uid": "", "pwd": "e3b0c44298fc1c149afbf4c8996fb92427ae41e4649b934ca495991b7852b855", "factor2": "080082", "vc": "_U", "appkey": "cbe5cfdf7c2118a9c3d78ef1d684f3afa089201352886449a06a6511cfef74a7", "imei": "abc1234", "source": "API"}[0m
[0m2025-06-18 08:53:30,924 - DEBUG    - [25464] - MainThread - urllib3.connectionpool - connectionpool:_new_conn - 1049: Starting new HTTPS connection (1): api.shoonya.com:443[0m
[0m2025-06-18 08:53:31,115 - DEBUG    - [25464] - MainThread - urllib3.connectionpool - connectionpool:_make_request - 544: https://api.shoonya.com:443 "POST /NorenWClientTP/QuickAuth HTTP/1.1" 400 63[0m
[0m2025-06-18 08:53:31,115 - DEBUG    - [25464] - MainThread - oms - oms:shoonya_login - 221: Shoonya login response: {"stat":"Not_Ok","emsg":"Invalid Input :  Invalid Vendor code"}[0m
[1;41m2025-06-18 08:53:31,115 - CRITICAL - [25464] - MainThread - root - main:main - 279: Error while login in SHOONYA, config: {'user_id': '', 'api_key': '', 'password': '', 'totp_secret': ''}[0m
[0m2025-06-18 08:53:31,116 - DEBUG    - [25464] - MainThread - root - main:main - 280: Error while login in SHOONYA
Traceback (most recent call last):
  File "E:\Multiple User On Thread\main.py", line 264, in main
    shoonya_login(strategy.api)
  File "E:\Multiple User On Thread\oms.py", line 226, in shoonya_login
    raise Exception("Not Ok")
Exception: Not Ok[0m
[0m2025-06-18 08:53:31,116 - DEBUG    - [25464] - MainThread - oms - oms:shoonya_login - 219: Shoonya login payload: jData={"apkversion": "1.0.0", "uid": "", "pwd": "e3b0c44298fc1c149afbf4c8996fb92427ae41e4649b934ca495991b7852b855", "factor2": "080082", "vc": "_U", "appkey": "cbe5cfdf7c2118a9c3d78ef1d684f3afa089201352886449a06a6511cfef74a7", "imei": "abc1234", "source": "API"}[0m
[0m2025-06-18 08:53:31,118 - DEBUG    - [25464] - MainThread - urllib3.connectionpool - connectionpool:_new_conn - 1049: Starting new HTTPS connection (1): api.shoonya.com:443[0m
[0m2025-06-18 08:53:31,308 - DEBUG    - [25464] - MainThread - urllib3.connectionpool - connectionpool:_make_request - 544: https://api.shoonya.com:443 "POST /NorenWClientTP/QuickAuth HTTP/1.1" 400 63[0m
[0m2025-06-18 08:53:31,308 - DEBUG    - [25464] - MainThread - oms - oms:shoonya_login - 221: Shoonya login response: {"stat":"Not_Ok","emsg":"Invalid Input :  Invalid Vendor code"}[0m
[1;41m2025-06-18 08:53:31,308 - CRITICAL - [25464] - MainThread - root - main:main - 279: Error while login in SHOONYA, config: {'user_id': '', 'api_key': '', 'password': '', 'totp_secret': ''}[0m
[0m2025-06-18 08:53:31,308 - DEBUG    - [25464] - MainThread - root - main:main - 280: Error while login in SHOONYA
Traceback (most recent call last):
  File "E:\Multiple User On Thread\main.py", line 264, in main
    shoonya_login(strategy.api)
  File "E:\Multiple User On Thread\oms.py", line 226, in shoonya_login
    raise Exception("Not Ok")
Exception: Not Ok[0m
[0m2025-06-18 08:53:31,310 - DEBUG    - [25464] - MainThread - oms - oms:shoonya_login - 219: Shoonya login payload: jData={"apkversion": "1.0.0", "uid": "", "pwd": "e3b0c44298fc1c149afbf4c8996fb92427ae41e4649b934ca495991b7852b855", "factor2": "080082", "vc": "_U", "appkey": "cbe5cfdf7c2118a9c3d78ef1d684f3afa089201352886449a06a6511cfef74a7", "imei": "abc1234", "source": "API"}[0m
[0m2025-06-18 08:53:31,311 - DEBUG    - [25464] - MainThread - urllib3.connectionpool - connectionpool:_new_conn - 1049: Starting new HTTPS connection (1): api.shoonya.com:443[0m
[0m2025-06-18 08:53:31,499 - DEBUG    - [25464] - MainThread - urllib3.connectionpool - connectionpool:_make_request - 544: https://api.shoonya.com:443 "POST /NorenWClientTP/QuickAuth HTTP/1.1" 400 63[0m
[0m2025-06-18 08:53:31,499 - DEBUG    - [25464] - MainThread - oms - oms:shoonya_login - 221: Shoonya login response: {"stat":"Not_Ok","emsg":"Invalid Input :  Invalid Vendor code"}[0m
[1;41m2025-06-18 08:53:31,499 - CRITICAL - [25464] - MainThread - root - main:main - 279: Error while login in SHOONYA, config: {'user_id': '', 'api_key': '', 'password': '', 'totp_secret': ''}[0m
[0m2025-06-18 08:53:31,499 - DEBUG    - [25464] - MainThread - root - main:main - 280: Error while login in SHOONYA
Traceback (most recent call last):
  File "E:\Multiple User On Thread\main.py", line 264, in main
    shoonya_login(strategy.api)
  File "E:\Multiple User On Thread\oms.py", line 226, in shoonya_login
    raise Exception("Not Ok")
Exception: Not Ok[0m
[0m2025-06-18 08:53:31,499 - DEBUG    - [25464] - MainThread - urllib3.connectionpool - connectionpool:_new_conn - 1049: Starting new HTTPS connection (1): api.groww.in:443[0m
[0m2025-06-18 08:53:31,753 - DEBUG    - [25464] - MainThread - urllib3.connectionpool - connectionpool:_make_request - 544: https://api.groww.in:443 "GET /v1/order/list HTTP/1.1" 401 97[0m
[1;41m2025-06-18 08:53:31,754 - CRITICAL - [25464] - MainThread - root - main:main - 279: Error while login in GROWW, config: {'user_id': '', 'api_key': ''}[0m
[0m2025-06-18 08:53:31,755 - DEBUG    - [25464] - MainThread - root - main:main - 280: Error while login in GROWW
Traceback (most recent call last):
  File "E:\Multiple User On Thread\main.py", line 270, in main
    groww_login(strategy.api)
  File "E:\Multiple User On Thread\oms.py", line 264, in groww_login
    groww_get_orderbook(api)
  File "E:\Multiple User On Thread\oms.py", line 680, in groww_get_orderbook
    raise Exception(error_message)
Exception: {"status":"FAILURE","error":{"code":"401","message":"Missing token in request.","metadata":null}}[0m
[0m2025-06-18 08:53:31,758 - INFO     - [25464] - MainThread - root - main:main - 285: ========= Next check-time: 09:38:00 =========[0m
[0m2025-06-18 08:53:31,759 - DEBUG    - [25464] - MainThread - oms - oms:finvasia_get_orderbook - 472: Payload: jData= {"uid": "FN112899"}&jKey=2aa8b3c2365c2073714e8ea2d7880414aa07fdacf9722cfab6703b9bd4bc6670[0m
[0m2025-06-18 08:53:31,760 - DEBUG    - [25464] - MainThread - urllib3.connectionpool - connectionpool:_new_conn - 1049: Starting new HTTPS connection (1): api.shoonya.com:443[0m
[0m2025-06-18 08:53:31,962 - DEBUG    - [25464] - MainThread - urllib3.connectionpool - connectionpool:_make_request - 544: https://api.shoonya.com:443 "POST /NorenWClientTP/OrderBook HTTP/1.1" 200 94[0m
[0m2025-06-18 08:53:31,962 - DEBUG    - [25464] - MainThread - oms - oms:finvasia_get_orderbook - 472: Payload: jData= {"uid": "FN123771"}&jKey=818d9e9ec852e4212ded0e5b1f4e1a50f83844cb095272d0cc05c54bf4898d88[0m
[0m2025-06-18 08:53:31,962 - DEBUG    - [25464] - MainThread - urllib3.connectionpool - connectionpool:_new_conn - 1049: Starting new HTTPS connection (1): api.shoonya.com:443[0m
[0m2025-06-18 08:53:32,169 - DEBUG    - [25464] - MainThread - urllib3.connectionpool - connectionpool:_make_request - 544: https://api.shoonya.com:443 "POST /NorenWClientTP/OrderBook HTTP/1.1" 200 94[0m
[0m2025-06-18 08:53:37,136 - DEBUG    - [25464] - MainThread - oms - oms:finvasia_get_orderbook - 472: Payload: jData= {"uid": "FN112899"}&jKey=2aa8b3c2365c2073714e8ea2d7880414aa07fdacf9722cfab6703b9bd4bc6670[0m
[0m2025-06-18 08:53:37,138 - DEBUG    - [25464] - MainThread - urllib3.connectionpool - connectionpool:_new_conn - 1049: Starting new HTTPS connection (1): api.shoonya.com:443[0m
[0m2025-06-18 08:53:37,721 - DEBUG    - [25464] - MainThread - urllib3.connectionpool - connectionpool:_make_request - 544: https://api.shoonya.com:443 "POST /NorenWClientTP/OrderBook HTTP/1.1" 200 94[0m
[0m2025-06-18 08:53:37,724 - DEBUG    - [25464] - MainThread - oms - oms:finvasia_get_orderbook - 472: Payload: jData= {"uid": "FN123771"}&jKey=818d9e9ec852e4212ded0e5b1f4e1a50f83844cb095272d0cc05c54bf4898d88[0m
[0m2025-06-18 08:53:37,725 - DEBUG    - [25464] - MainThread - urllib3.connectionpool - connectionpool:_new_conn - 1049: Starting new HTTPS connection (1): api.shoonya.com:443[0m
[0m2025-06-18 08:53:37,974 - DEBUG    - [25464] - MainThread - urllib3.connectionpool - connectionpool:_make_request - 544: https://api.shoonya.com:443 "POST /NorenWClientTP/OrderBook HTTP/1.1" 200 94[0m
[0m2025-06-18 08:53:42,879 - DEBUG    - [25464] - MainThread - oms - oms:finvasia_get_orderbook - 472: Payload: jData= {"uid": "FN112899"}&jKey=2aa8b3c2365c2073714e8ea2d7880414aa07fdacf9722cfab6703b9bd4bc6670[0m
[0m2025-06-18 08:53:42,879 - DEBUG    - [25464] - MainThread - urllib3.connectionpool - connectionpool:_new_conn - 1049: Starting new HTTPS connection (1): api.shoonya.com:443[0m
[0m2025-06-18 08:53:43,081 - DEBUG    - [25464] - MainThread - urllib3.connectionpool - connectionpool:_make_request - 544: https://api.shoonya.com:443 "POST /NorenWClientTP/OrderBook HTTP/1.1" 200 94[0m
[0m2025-06-18 08:53:43,096 - DEBUG    - [25464] - MainThread - oms - oms:finvasia_get_orderbook - 472: Payload: jData= {"uid": "FN123771"}&jKey=818d9e9ec852e4212ded0e5b1f4e1a50f83844cb095272d0cc05c54bf4898d88[0m
[0m2025-06-18 08:53:43,097 - DEBUG    - [25464] - MainThread - urllib3.connectionpool - connectionpool:_new_conn - 1049: Starting new HTTPS connection (1): api.shoonya.com:443[0m
[0m2025-06-18 08:53:43,736 - DEBUG    - [25464] - MainThread - urllib3.connectionpool - connectionpool:_make_request - 544: https://api.shoonya.com:443 "POST /NorenWClientTP/OrderBook HTTP/1.1" 200 94[0m
[0m2025-06-18 08:53:48,134 - DEBUG    - [25464] - MainThread - oms - oms:finvasia_get_orderbook - 472: Payload: jData= {"uid": "FN112899"}&jKey=2aa8b3c2365c2073714e8ea2d7880414aa07fdacf9722cfab6703b9bd4bc6670[0m
[0m2025-06-18 08:53:48,134 - DEBUG    - [25464] - MainThread - urllib3.connectionpool - connectionpool:_new_conn - 1049: Starting new HTTPS connection (1): api.shoonya.com:443[0m
[0m2025-06-18 08:53:48,364 - DEBUG    - [25464] - MainThread - urllib3.connectionpool - connectionpool:_make_request - 544: https://api.shoonya.com:443 "POST /NorenWClientTP/OrderBook HTTP/1.1" 200 94[0m
[0m2025-06-18 08:53:48,886 - DEBUG    - [25464] - MainThread - oms - oms:finvasia_get_orderbook - 472: Payload: jData= {"uid": "FN123771"}&jKey=818d9e9ec852e4212ded0e5b1f4e1a50f83844cb095272d0cc05c54bf4898d88[0m
[0m2025-06-18 08:53:48,889 - DEBUG    - [25464] - MainThread - urllib3.connectionpool - connectionpool:_new_conn - 1049: Starting new HTTPS connection (1): api.shoonya.com:443[0m
[0m2025-06-18 08:53:49,096 - DEBUG    - [25464] - MainThread - urllib3.connectionpool - connectionpool:_make_request - 544: https://api.shoonya.com:443 "POST /NorenWClientTP/OrderBook HTTP/1.1" 200 94[0m
[0m2025-06-18 08:53:53,636 - DEBUG    - [25464] - MainThread - oms - oms:finvasia_get_orderbook - 472: Payload: jData= {"uid": "FN112899"}&jKey=2aa8b3c2365c2073714e8ea2d7880414aa07fdacf9722cfab6703b9bd4bc6670[0m
[0m2025-06-18 08:53:53,638 - DEBUG    - [25464] - MainThread - urllib3.connectionpool - connectionpool:_new_conn - 1049: Starting new HTTPS connection (1): api.shoonya.com:443[0m
[0m2025-06-18 08:53:53,862 - DEBUG    - [25464] - MainThread - urllib3.connectionpool - connectionpool:_make_request - 544: https://api.shoonya.com:443 "POST /NorenWClientTP/OrderBook HTTP/1.1" 200 94[0m
[0m2025-06-18 08:53:54,137 - DEBUG    - [25464] - MainThread - oms - oms:finvasia_get_orderbook - 472: Payload: jData= {"uid": "FN123771"}&jKey=818d9e9ec852e4212ded0e5b1f4e1a50f83844cb095272d0cc05c54bf4898d88[0m
[0m2025-06-18 08:53:54,140 - DEBUG    - [25464] - MainThread - urllib3.connectionpool - connectionpool:_new_conn - 1049: Starting new HTTPS connection (1): api.shoonya.com:443[0m
[0m2025-06-18 08:53:54,345 - DEBUG    - [25464] - MainThread - urllib3.connectionpool - connectionpool:_make_request - 544: https://api.shoonya.com:443 "POST /NorenWClientTP/OrderBook HTTP/1.1" 200 94[0m
[0m2025-06-18 08:53:58,881 - DEBUG    - [25464] - MainThread - oms - oms:finvasia_get_orderbook - 472: Payload: jData= {"uid": "FN112899"}&jKey=2aa8b3c2365c2073714e8ea2d7880414aa07fdacf9722cfab6703b9bd4bc6670[0m
[0m2025-06-18 08:53:58,881 - DEBUG    - [25464] - MainThread - urllib3.connectionpool - connectionpool:_new_conn - 1049: Starting new HTTPS connection (1): api.shoonya.com:443[0m
[0m2025-06-18 08:53:59,106 - DEBUG    - [25464] - MainThread - urllib3.connectionpool - connectionpool:_make_request - 544: https://api.shoonya.com:443 "POST /NorenWClientTP/OrderBook HTTP/1.1" 200 94[0m
[0m2025-06-18 08:53:59,637 - DEBUG    - [25464] - MainThread - oms - oms:finvasia_get_orderbook - 472: Payload: jData= {"uid": "FN123771"}&jKey=818d9e9ec852e4212ded0e5b1f4e1a50f83844cb095272d0cc05c54bf4898d88[0m
[0m2025-06-18 08:53:59,639 - DEBUG    - [25464] - MainThread - urllib3.connectionpool - connectionpool:_new_conn - 1049: Starting new HTTPS connection (1): api.shoonya.com:443[0m
[0m2025-06-18 08:53:59,829 - DEBUG    - [25464] - MainThread - urllib3.connectionpool - connectionpool:_make_request - 544: https://api.shoonya.com:443 "POST /NorenWClientTP/OrderBook HTTP/1.1" 200 94[0m
[0m2025-06-18 08:54:04,132 - DEBUG    - [25464] - MainThread - oms - oms:finvasia_get_orderbook - 472: Payload: jData= {"uid": "FN112899"}&jKey=2aa8b3c2365c2073714e8ea2d7880414aa07fdacf9722cfab6703b9bd4bc6670[0m
[0m2025-06-18 08:54:04,132 - DEBUG    - [25464] - MainThread - urllib3.connectionpool - connectionpool:_new_conn - 1049: Starting new HTTPS connection (1): api.shoonya.com:443[0m
[0m2025-06-18 08:54:04,336 - DEBUG    - [25464] - MainThread - urllib3.connectionpool - connectionpool:_make_request - 544: https://api.shoonya.com:443 "POST /NorenWClientTP/OrderBook HTTP/1.1" 200 94[0m
[0m2025-06-18 08:54:04,881 - DEBUG    - [25464] - MainThread - oms - oms:finvasia_get_orderbook - 472: Payload: jData= {"uid": "FN123771"}&jKey=818d9e9ec852e4212ded0e5b1f4e1a50f83844cb095272d0cc05c54bf4898d88[0m
[0m2025-06-18 08:54:04,881 - DEBUG    - [25464] - MainThread - urllib3.connectionpool - connectionpool:_new_conn - 1049: Starting new HTTPS connection (1): api.shoonya.com:443[0m
[0m2025-06-18 08:54:05,079 - DEBUG    - [25464] - MainThread - urllib3.connectionpool - connectionpool:_make_request - 544: https://api.shoonya.com:443 "POST /NorenWClientTP/OrderBook HTTP/1.1" 200 94[0m
[0m2025-06-18 08:54:09,630 - DEBUG    - [25464] - MainThread - oms - oms:finvasia_get_orderbook - 472: Payload: jData= {"uid": "FN112899"}&jKey=2aa8b3c2365c2073714e8ea2d7880414aa07fdacf9722cfab6703b9bd4bc6670[0m
[0m2025-06-18 08:54:09,630 - DEBUG    - [25464] - MainThread - urllib3.connectionpool - connectionpool:_new_conn - 1049: Starting new HTTPS connection (1): api.shoonya.com:443[0m
[0m2025-06-18 08:54:09,846 - DEBUG    - [25464] - MainThread - urllib3.connectionpool - connectionpool:_make_request - 544: https://api.shoonya.com:443 "POST /NorenWClientTP/OrderBook HTTP/1.1" 200 94[0m
[0m2025-06-18 08:54:10,137 - DEBUG    - [25464] - MainThread - oms - oms:finvasia_get_orderbook - 472: Payload: jData= {"uid": "FN123771"}&jKey=818d9e9ec852e4212ded0e5b1f4e1a50f83844cb095272d0cc05c54bf4898d88[0m
[0m2025-06-18 08:54:10,140 - DEBUG    - [25464] - MainThread - urllib3.connectionpool - connectionpool:_new_conn - 1049: Starting new HTTPS connection (1): api.shoonya.com:443[0m
[0m2025-06-18 08:54:10,514 - DEBUG    - [25464] - MainThread - urllib3.connectionpool - connectionpool:_make_request - 544: https://api.shoonya.com:443 "POST /NorenWClientTP/OrderBook HTTP/1.1" 200 94[0m
[0m2025-06-18 08:54:14,887 - DEBUG    - [25464] - MainThread - oms - oms:finvasia_get_orderbook - 472: Payload: jData= {"uid": "FN112899"}&jKey=2aa8b3c2365c2073714e8ea2d7880414aa07fdacf9722cfab6703b9bd4bc6670[0m
[0m2025-06-18 08:54:14,889 - DEBUG    - [25464] - MainThread - urllib3.connectionpool - connectionpool:_new_conn - 1049: Starting new HTTPS connection (1): api.shoonya.com:443[0m
[0m2025-06-18 08:54:15,084 - DEBUG    - [25464] - MainThread - urllib3.connectionpool - connectionpool:_make_request - 544: https://api.shoonya.com:443 "POST /NorenWClientTP/OrderBook HTTP/1.1" 200 94[0m
[0m2025-06-18 08:54:15,637 - DEBUG    - [25464] - MainThread - oms - oms:finvasia_get_orderbook - 472: Payload: jData= {"uid": "FN123771"}&jKey=818d9e9ec852e4212ded0e5b1f4e1a50f83844cb095272d0cc05c54bf4898d88[0m
[0m2025-06-18 08:54:15,639 - DEBUG    - [25464] - MainThread - urllib3.connectionpool - connectionpool:_new_conn - 1049: Starting new HTTPS connection (1): api.shoonya.com:443[0m
[0m2025-06-18 08:54:15,861 - DEBUG    - [25464] - MainThread - urllib3.connectionpool - connectionpool:_make_request - 544: https://api.shoonya.com:443 "POST /NorenWClientTP/OrderBook HTTP/1.1" 200 94[0m
[0m2025-06-18 08:54:20,132 - DEBUG    - [25464] - MainThread - oms - oms:finvasia_get_orderbook - 472: Payload: jData= {"uid": "FN112899"}&jKey=2aa8b3c2365c2073714e8ea2d7880414aa07fdacf9722cfab6703b9bd4bc6670[0m
[0m2025-06-18 08:54:20,132 - DEBUG    - [25464] - MainThread - urllib3.connectionpool - connectionpool:_new_conn - 1049: Starting new HTTPS connection (1): api.shoonya.com:443[0m
[0m2025-06-18 08:54:20,347 - DEBUG    - [25464] - MainThread - urllib3.connectionpool - connectionpool:_make_request - 544: https://api.shoonya.com:443 "POST /NorenWClientTP/OrderBook HTTP/1.1" 200 94[0m
[0m2025-06-18 08:54:20,881 - DEBUG    - [25464] - MainThread - oms - oms:finvasia_get_orderbook - 472: Payload: jData= {"uid": "FN123771"}&jKey=818d9e9ec852e4212ded0e5b1f4e1a50f83844cb095272d0cc05c54bf4898d88[0m
[0m2025-06-18 08:54:20,881 - DEBUG    - [25464] - MainThread - urllib3.connectionpool - connectionpool:_new_conn - 1049: Starting new HTTPS connection (1): api.shoonya.com:443[0m
[0m2025-06-18 08:54:21,080 - DEBUG    - [25464] - MainThread - urllib3.connectionpool - connectionpool:_make_request - 544: https://api.shoonya.com:443 "POST /NorenWClientTP/OrderBook HTTP/1.1" 200 94[0m
[0m2025-06-18 08:54:25,637 - DEBUG    - [25464] - MainThread - oms - oms:finvasia_get_orderbook - 472: Payload: jData= {"uid": "FN112899"}&jKey=2aa8b3c2365c2073714e8ea2d7880414aa07fdacf9722cfab6703b9bd4bc6670[0m
[0m2025-06-18 08:54:25,639 - DEBUG    - [25464] - MainThread - urllib3.connectionpool - connectionpool:_new_conn - 1049: Starting new HTTPS connection (1): api.shoonya.com:443[0m
[0m2025-06-18 08:54:26,214 - DEBUG    - [25464] - MainThread - urllib3.connectionpool - connectionpool:_make_request - 544: https://api.shoonya.com:443 "POST /NorenWClientTP/OrderBook HTTP/1.1" 200 94[0m
[0m2025-06-18 08:54:26,214 - DEBUG    - [25464] - MainThread - oms - oms:finvasia_get_orderbook - 472: Payload: jData= {"uid": "FN123771"}&jKey=818d9e9ec852e4212ded0e5b1f4e1a50f83844cb095272d0cc05c54bf4898d88[0m
[0m2025-06-18 08:54:26,214 - DEBUG    - [25464] - MainThread - urllib3.connectionpool - connectionpool:_new_conn - 1049: Starting new HTTPS connection (1): api.shoonya.com:443[0m
[0m2025-06-18 08:54:26,414 - DEBUG    - [25464] - MainThread - urllib3.connectionpool - connectionpool:_make_request - 544: https://api.shoonya.com:443 "POST /NorenWClientTP/OrderBook HTTP/1.1" 200 94[0m
[0m2025-06-18 08:54:31,880 - DEBUG    - [25464] - MainThread - oms - oms:finvasia_get_orderbook - 472: Payload: jData= {"uid": "FN112899"}&jKey=2aa8b3c2365c2073714e8ea2d7880414aa07fdacf9722cfab6703b9bd4bc6670[0m
[0m2025-06-18 08:54:31,880 - DEBUG    - [25464] - MainThread - urllib3.connectionpool - connectionpool:_new_conn - 1049: Starting new HTTPS connection (1): api.shoonya.com:443[0m
[0m2025-06-18 08:54:32,084 - DEBUG    - [25464] - MainThread - urllib3.connectionpool - connectionpool:_make_request - 544: https://api.shoonya.com:443 "POST /NorenWClientTP/OrderBook HTTP/1.1" 200 94[0m
[0m2025-06-18 08:54:32,086 - DEBUG    - [25464] - MainThread - oms - oms:finvasia_get_orderbook - 472: Payload: jData= {"uid": "FN123771"}&jKey=818d9e9ec852e4212ded0e5b1f4e1a50f83844cb095272d0cc05c54bf4898d88[0m
[0m2025-06-18 08:54:32,086 - DEBUG    - [25464] - MainThread - urllib3.connectionpool - connectionpool:_new_conn - 1049: Starting new HTTPS connection (1): api.shoonya.com:443[0m
[0m2025-06-18 08:54:32,280 - DEBUG    - [25464] - MainThread - urllib3.connectionpool - connectionpool:_make_request - 544: https://api.shoonya.com:443 "POST /NorenWClientTP/OrderBook HTTP/1.1" 200 94[0m
[0m2025-06-18 08:54:37,136 - DEBUG    - [25464] - MainThread - oms - oms:finvasia_get_orderbook - 472: Payload: jData= {"uid": "FN112899"}&jKey=2aa8b3c2365c2073714e8ea2d7880414aa07fdacf9722cfab6703b9bd4bc6670[0m
[0m2025-06-18 08:54:37,136 - DEBUG    - [25464] - MainThread - urllib3.connectionpool - connectionpool:_new_conn - 1049: Starting new HTTPS connection (1): api.shoonya.com:443[0m
[0m2025-06-18 08:54:37,338 - DEBUG    - [25464] - MainThread - urllib3.connectionpool - connectionpool:_make_request - 544: https://api.shoonya.com:443 "POST /NorenWClientTP/OrderBook HTTP/1.1" 200 94[0m
[0m2025-06-18 08:54:37,339 - DEBUG    - [25464] - MainThread - oms - oms:finvasia_get_orderbook - 472: Payload: jData= {"uid": "FN123771"}&jKey=818d9e9ec852e4212ded0e5b1f4e1a50f83844cb095272d0cc05c54bf4898d88[0m
[0m2025-06-18 08:54:37,340 - DEBUG    - [25464] - MainThread - urllib3.connectionpool - connectionpool:_new_conn - 1049: Starting new HTTPS connection (1): api.shoonya.com:443[0m
[0m2025-06-18 08:54:37,548 - DEBUG    - [25464] - MainThread - urllib3.connectionpool - connectionpool:_make_request - 544: https://api.shoonya.com:443 "POST /NorenWClientTP/OrderBook HTTP/1.1" 200 94[0m
[93m2025-06-18 08:54:39,880 - WARNING  - [25464] - MainThread - root - main:main - 587: Keyboard Interrupt[0m
