[0m2025-06-18 09:19:28,608 - DEBUG    - [11544] - MainThread - urllib3.connectionpool - connectionpool:_new_conn - 1049: Starting new HTTPS connection (1): public.fyers.in:443[0m
[0m2025-06-18 09:19:28,856 - DEBUG    - [11544] - MainThread - urllib3.connectionpool - connectionpool:_make_request - 544: https://public.fyers.in:443 "GET /sym_details/NSE_FO_sym_master.json HTTP/1.1" 200 None[0m
[0m2025-06-18 09:19:30,556 - DEBUG    - [11544] - MainThread - urllib3.connectionpool - connectionpool:_new_conn - 1049: Starting new HTTPS connection (1): public.fyers.in:443[0m
[0m2025-06-18 09:19:30,785 - DEBUG    - [11544] - MainThread - urllib3.connectionpool - connectionpool:_make_request - 544: https://public.fyers.in:443 "GET /sym_details/BSE_FO_sym_master.json HTTP/1.1" 200 None[0m
[0m2025-06-18 09:19:30,970 - DEBUG    - [11544] - MainThread - urllib3.connectionpool - connectionpool:_new_conn - 1049: Starting new HTTPS connection (1): growwapi-assets.groww.in:443[0m
[0m2025-06-18 09:19:31,159 - DEBUG    - [11544] - MainThread - urllib3.connectionpool - connectionpool:_make_request - 544: https://growwapi-assets.groww.in:443 "GET /instruments/instrument.csv HTTP/1.1" 200 12527087[0m
[0m2025-06-18 09:19:33,076 - DEBUG    - [11544] - MainThread - root - main:main - 244: {'pricefeed_creds': {'user_id': 'MA2710', 'password': '26199493', 'totp_secret': 'ZKGG4OTQCZ2SXTZL3OHUYM3UCLDI2VKT', 'api_key': '5dugmd3zusa6lkuh', 'api_secret': '70ynllx2dcadud30mjcnkwnhyv1fhzi6'}, 'api': [{'provider': 'zerodha', 'fund_allocations': {'nifty': 40000, 'sensex': 40000}, 'creds': {'user_id': 'FMN939', 'api_key': '6tj7h9ko25oltcjw', 'password': 'Shan@@123', 'totp_secret': 'T2CTEEGZ3QG5ZBRPSKRGQZZL3JUCUZQK', 'api_secret': 'i782ku8bghagf0cefkoa5wglq4x23b71'}}, {'provider': 'GoPocket', 'fund_allocations': {'nifty': 0, 'sensex': 0}, 'creds': {'user_id': '', 'user_phone': '', 'app_code': '', 'app_secret': '', 'totp_secret': '', 'password': ''}}, {'provider': 'shoonya', 'fund_allocations': {'nifty': 20000, 'sensex': 20000}, 'creds': {'user_id': 'FN112899', 'api_key': 'aff71287f2faaaf125c28612c52814f8', 'password': 'Vanitha@@143', 'totp_secret': 'HL4U327A2A6I6677H355H4LZ44JH2J5N'}}, {'provider': 'shoonya', 'fund_allocations': {'nifty': 20000, 'sensex': 20000}, 'creds': {'user_id': 'FN123771', 'api_key': '6ae3f8dbab57e1cf95b5a0e5efb25b2c', 'password': 'Veda@@369', 'totp_secret': 'IIK3Y7552JCDFWAIY5OGHWB37PBWV257'}}, {'provider': 'shoonya', 'fund_allocations': {'nifty': 20000, 'sensex': 20000}, 'creds': {'user_id': '', 'api_key': '', 'password': '', 'totp_secret': ''}}, {'provider': 'shoonya', 'fund_allocations': {'nifty': 30000, 'sensex': 30000}, 'creds': {'user_id': '', 'api_key': '', 'password': '', 'totp_secret': ''}}, {'provider': 'shoonya', 'fund_allocations': {'nifty': 75000, 'sensex': 75000}, 'creds': {'user_id': '', 'api_key': '', 'password': '', 'totp_secret': ''}}, {'provider': 'shoonya', 'fund_allocations': {'nifty': 40000, 'sensex': 40000}, 'creds': {'user_id': '', 'api_key': '', 'password': '', 'totp_secret': ''}}, {'provider': 'shoonya', 'fund_allocations': {'nifty': 40000, 'sensex': 40000}, 'creds': {'user_id': '', 'api_key': '', 'password': '', 'totp_secret': ''}}, {'provider': 'groww', 'fund_allocations': {'banknifty': 15000, 'bankex': 20000}, 'creds': {'user_id': '', 'api_key': ''}}], 'strategy': {'strategy_end_time': '15:15:00', 'check_candle': 38, 'buffer_price_percentage': 2, 'strike_buffer_precentage': 0.15, 'stop_loss': 30, 'profit_target': 60, 'trailings': [{'profit_move': 25, 'stop_loss_move': 1}, {'profit_move': 40, 'stop_loss_move': 1.25}, {'profit_move': 49, 'stop_loss_move': 1.4}], 'fund_allocations': {'banknifty': 15000, 'bankex': 20000}}}[0m
[0m2025-06-18 09:19:33,077 - DEBUG    - [11544] - MainThread - urllib3.connectionpool - connectionpool:_new_conn - 1049: Starting new HTTPS connection (1): kite.zerodha.com:443[0m
[0m2025-06-18 09:19:33,308 - DEBUG    - [11544] - MainThread - urllib3.connectionpool - connectionpool:_make_request - 544: https://kite.zerodha.com:443 "POST /api/login HTTP/1.1" 200 None[0m
[0m2025-06-18 09:19:33,361 - DEBUG    - [11544] - MainThread - urllib3.connectionpool - connectionpool:_make_request - 544: https://kite.zerodha.com:443 "POST /api/twofa HTTP/1.1" 200 42[0m
[0m2025-06-18 09:19:33,391 - DEBUG    - [11544] - MainThread - urllib3.connectionpool - connectionpool:_make_request - 544: https://kite.zerodha.com:443 "GET /connect/login?v=3&api_key=5dugmd3zusa6lkuh HTTP/1.1" 302 0[0m
[0m2025-06-18 09:19:33,455 - DEBUG    - [11544] - MainThread - urllib3.connectionpool - connectionpool:_make_request - 544: https://kite.zerodha.com:443 "GET /connect/finish?api_key=5dugmd3zusa6lkuh&sess_id=MoRW5dImemwZOOqLArXJa51wAoq452zH HTTP/1.1" 302 0[0m
[0m2025-06-18 09:19:33,457 - DEBUG    - [11544] - MainThread - urllib3.connectionpool - connectionpool:_new_conn - 1049: Starting new HTTPS connection (1): api.kite.trade:443[0m
[0m2025-06-18 09:19:33,664 - DEBUG    - [11544] - MainThread - urllib3.connectionpool - connectionpool:_make_request - 544: https://api.kite.trade:443 "POST /session/token HTTP/1.1" 200 None[0m
[0m2025-06-18 09:19:33,668 - DEBUG    - [11544] - MainThread - urllib3.connectionpool - connectionpool:_new_conn - 1049: Starting new HTTPS connection (1): kite.zerodha.com:443[0m
[0m2025-06-18 09:19:33,807 - INFO     - [11544] - Thread-1 (run) - pricefeed - pricefeed:on_connect - 45: Feed connected successfully.[0m
[0m2025-06-18 09:19:33,824 - INFO     - [11544] - Thread-1 (run) - pricefeed - pricefeed:subscribe - 82: Succesfully subscribed 3706 tokens.[0m
[0m2025-06-18 09:19:33,825 - INFO     - [11544] - Thread-1 (run) - pricefeed - pricefeed:on_connect - 52: pricefeed connected, <kiteconnect.ticker.KiteTicker object at 0x0000028D8A7F19A0>[0m
[0m2025-06-18 09:19:33,859 - DEBUG    - [11544] - MainThread - urllib3.connectionpool - connectionpool:_make_request - 544: https://kite.zerodha.com:443 "POST /api/login HTTP/1.1" 200 None[0m
[0m2025-06-18 09:19:33,909 - DEBUG    - [11544] - MainThread - urllib3.connectionpool - connectionpool:_make_request - 544: https://kite.zerodha.com:443 "POST /api/twofa HTTP/1.1" 400 113[0m
[1;41m2025-06-18 09:19:33,909 - CRITICAL - [11544] - MainThread - root - main:main - 279: Error while login in ZERODHA, config: {'user_id': 'FMN939', 'api_key': '6tj7h9ko25oltcjw', 'password': 'Shan@@123', 'totp_secret': 'T2CTEEGZ3QG5ZBRPSKRGQZZL3JUCUZQK', 'api_secret': 'i782ku8bghagf0cefkoa5wglq4x23b71'}[0m
[0m2025-06-18 09:19:33,910 - DEBUG    - [11544] - MainThread - root - main:main - 280: Error while login in ZERODHA
Traceback (most recent call last):
  File "E:\Multiple User On Thread\main.py", line 261, in main
    zerodha_login(strategy.api)
  File "E:\Multiple User On Thread\oms.py", line 155, in zerodha_login
    raise Exception(
Exception: Error while logging in to kite for user-FMN939, Error: {"status":"error","message":"The requested 2FA type is not available.","data":null,"error_type":"InputException"}[0m
[0m2025-06-18 09:19:33,926 - DEBUG    - [11544] - MainThread - urllib3.connectionpool - connectionpool:_new_conn - 1049: Starting new HTTPS connection (1): web.gopocket.in:443[0m
[0m2025-06-18 09:19:34,157 - DEBUG    - [11544] - MainThread - urllib3.connectionpool - connectionpool:_make_request - 544: https://web.gopocket.in:443 "POST /am/access/client/verify HTTP/1.1" 200 None[0m
[1;41m2025-06-18 09:19:34,157 - CRITICAL - [11544] - MainThread - root - main:main - 279: Error while login in GOPOCKET, config: {'user_id': '', 'user_phone': '', 'app_code': '', 'app_secret': '', 'totp_secret': '', 'password': ''}[0m
[0m2025-06-18 09:19:34,157 - DEBUG    - [11544] - MainThread - root - main:main - 280: Error while login in GOPOCKET
Traceback (most recent call last):
  File "E:\Multiple User On Thread\main.py", line 273, in main
    gopocket_login(strategy.api)
  File "E:\Multiple User On Thread\oms.py", line 286, in gopocket_login
    raise Exception(user_id_response.text)
Exception: {"status":"Not ok","message":"Invalid Parameter","result":[]}[0m
[0m2025-06-18 09:19:34,157 - DEBUG    - [11544] - MainThread - oms - oms:shoonya_login - 219: Shoonya login payload: jData={"apkversion": "1.0.0", "uid": "FN112899", "pwd": "29ad2d49d56407bc0ed86af8d0c6d34b6cf8ec71918554ded81d5d311f7a2f2c", "factor2": "226841", "vc": "FN112899_U", "appkey": "fa37482711d00d8f2134695eea8941ede3013550c53fcfa4b764c815a288e319", "imei": "abc1234", "source": "API"}[0m
[0m2025-06-18 09:19:34,157 - DEBUG    - [11544] - MainThread - urllib3.connectionpool - connectionpool:_new_conn - 1049: Starting new HTTPS connection (1): api.shoonya.com:443[0m
[0m2025-06-18 09:19:34,379 - DEBUG    - [11544] - MainThread - urllib3.connectionpool - connectionpool:_make_request - 544: https://api.shoonya.com:443 "POST /NorenWClientTP/QuickAuth HTTP/1.1" 200 3612[0m
[0m2025-06-18 09:19:34,379 - DEBUG    - [11544] - MainThread - oms - oms:shoonya_login - 221: Shoonya login response: {"request_time":"09:19:33 18-06-2025","actid":"FN112899","access_type":["WEB","MOB","TT","API"],"uname":"Vinod Batta","prarr":[{"prd":"C","s_prdt_ali":"CNC","exch":["NSE","BSE","NIPO","BSTAR"]},{"prd":"M","s_prdt_ali":"NRML","exch":["NFO","BFO"]},{"prd":"I","s_prdt_ali":"MIS","exch":["NSE","BSE","NFO","BFO"]},{"prd":"H","s_prdt_ali":"CO","exch":["NSE","NFO","BSE"]},{"prd":"B","s_prdt_ali":"BO","exch":["NSE","NFO","BSE"]}],"exch_prd":[{"exch":"NSE","prds":["C","I","H","B"]},{"exch":"NIPO","prds":["C"]},{"exch":"BSE","prds":["C","I","H","B"]},{"exch":"BSTAR","prds":["C"]},{"exch":"NFO","prds":["M","I","H","B"]},{"exch":"BFO","prds":["M","I"]}],"stat":"Ok","susertoken":"66cde8fc1e96494e0a8d6e80c4f886b4e3de2a64c22ae12b758ca312736069a5","susertokenspl":"e72ad4f2f459b18cec1dafbfcfb906077b2f2c5adeb2b8cf5a19eafdef7746a4","email":"bhatta.vinod.b@gmail.com","uid":"FN112899","brnchid":"HO","totp_set":"1","m_num":"9030630427","orarr":["MKT","LMT","SL-LMT","SL-MKT"],"exarr":["NSE","NIPO","BSE","BSTAR","NFO","BFO"],"values":["1"],"mws":{"1":[{"exch":"NFO","token":"69056","tsym":"ASIANPAINT26JUN25P2320","cname":"ASIANPAINT JUN 2320 PE ","dname":"ASIANPAINT JUN 2320 PE ","instname":"OPTSTK","pp":"2","ls":"200","ti":"0.05","optt":"PE"},{"exch":"NFO","token":"104643","tsym":"INDIGO26JUN25P5400","cname":"INDIGO JUN 5400 PE ","dname":"INDIGO JUN 5400 PE ","instname":"OPTSTK","pp":"2","ls":"150","ti":"0.05","optt":"PE"},{"exch":"NFO","token":"133757","tsym":"ULTRACEMCO26JUN25P11700","cname":"ULTRACEMCO JUN 11700 PE ","dname":"ULTRACEMCO JUN 11700 PE ","instname":"OPTSTK","pp":"2","ls":"50","ti":"0.05","optt":"PE"},{"exch":"NFO","token":"50937","tsym":"MCX26JUN25C7800","cname":"MCX JUN 7800 CE ","dname":"MCX JUN 7800 CE ","instname":"OPTSTK","pp":"2","ls":"100","ti":"0.05","optt":"CE"},{"exch":"NFO","token":"101261","tsym":"INDHOTEL26JUN25C710","cname":"INDHOTEL JUN 710 CE ","dname":"INDHOTEL JUN 710 CE ","instname":"OPTSTK","pp":"2","ls":"1000","ti":"0.05","optt":"CE"},{"exch":"NFO","token":"51000","tsym":"NIFTY19JUN25P24750","weekly":"W3","cname":"NIFTY 19JUN25 24750 PE ","dname":"NIFTY 19JUN25 24750 PE ","instname":"OPTIDX","pp":"2","ls":"75","ti":"0.05","optt":"PE"},{"exch":"NFO","token":"62386","tsym":"NIFTY26JUN25P24750","cname":"NIFTY 26JUN25 24750 PE ","dname":"NIFTY 26JUN25 24750 PE ","instname":"OPTIDX","pp":"2","ls":"75","ti":"0.05","optt":"PE"},{"exch":"NFO","token":"51002","tsym":"NIFTY19JUN25P24800","weekly":"W3","cname":"NIFTY 19JUN25 24800 PE ","dname":"NIFTY 19JUN25 24800 PE ","instname":"OPTIDX","pp":"2","ls":"75","ti":"0.05","optt":"PE"},{"exch":"NFO","token":"50990","tsym":"NIFTY19JUN25P24500","weekly":"W3","cname":"NIFTY 19JUN25 24500 PE ","dname":"NIFTY 19JUN25 24500 PE ","instname":"OPTIDX","pp":"2","ls":"75","ti":"0.05","optt":"PE"},{"exch":"NFO","token":"50989","tsym":"NIFTY19JUN25C24500","weekly":"W3","cname":"NIFTY 19JUN25 24500 CE ","dname":"NIFTY 19JUN25 24500 CE ","instname":"OPTIDX","pp":"2","ls":"75","ti":"0.05","optt":"CE"},{"exch":"NFO","token":"139789","tsym":"SRF26JUN25C3100","cname":"SRF JUN 3100 CE ","dname":"SRF JUN 3100 CE ","instname":"OPTSTK","pp":"2","ls":"375","ti":"0.05","optt":"CE"},{"exch":"NFO","token":"118437","tsym":"MAZDOCK26JUN25P3400","cname":"MAZDOCK JUN 3400 PE ","dname":"MAZDOCK JUN 3400 PE ","instname":"OPTSTK","pp":"2","ls":"175","ti":"0.05","optt":"PE"},{"exch":"NFO","token":"112150","tsym":"M&M26JUN25C3050","cname":"M&M JUN 3050 CE ","dname":"M&M JUN 3050 CE ","instname":"OPTSTK","pp":"2","ls":"175","ti":"0.05","optt":"CE"}]},"brkname":"FINV","dmsg":"","lastaccesstime":"1750218573","lastpwdtime":"1749612427"}[0m
[0m2025-06-18 09:19:34,379 - INFO     - [11544] - MainThread - oms - oms:shoonya_login - 224: Shoonya: FN112899 loggedin successfully.[0m
[0m2025-06-18 09:19:34,381 - DEBUG    - [11544] - MainThread - oms - oms:shoonya_login - 219: Shoonya login payload: jData={"apkversion": "1.0.0", "uid": "FN123771", "pwd": "32f4ae19f03a21aebd6d2d1e18e8d0ac63792d31db3b4f8cfe2cd61b22daa08b", "factor2": "637748", "vc": "FN123771_U", "appkey": "5fbd25f598496e558b6618b9146aa59e9ce8654755bd05f1a5fecbac6b871e82", "imei": "abc1234", "source": "API"}[0m
[0m2025-06-18 09:19:34,382 - DEBUG    - [11544] - MainThread - urllib3.connectionpool - connectionpool:_new_conn - 1049: Starting new HTTPS connection (1): api.shoonya.com:443[0m
[0m2025-06-18 09:19:34,575 - DEBUG    - [11544] - MainThread - urllib3.connectionpool - connectionpool:_make_request - 544: https://api.shoonya.com:443 "POST /NorenWClientTP/QuickAuth HTTP/1.1" 200 1588[0m
[0m2025-06-18 09:19:34,575 - DEBUG    - [11544] - MainThread - oms - oms:shoonya_login - 221: Shoonya login response: {"request_time":"09:19:33 18-06-2025","actid":"FN123771","access_type":["WEB","TT","MOB","API"],"uname":"JYOTSNA SUNITHA NAGIREDDY","prarr":[{"prd":"C","s_prdt_ali":"CNC","exch":["NSE","BSE","NIPO","BSTAR"]},{"prd":"M","s_prdt_ali":"NRML","exch":["NFO","BFO"]},{"prd":"I","s_prdt_ali":"MIS","exch":["NSE","BSE","NFO","BFO"]},{"prd":"H","s_prdt_ali":"CO","exch":["NSE","NFO","BSE"]},{"prd":"B","s_prdt_ali":"BO","exch":["NSE","NFO","BSE"]}],"exch_prd":[{"exch":"NSE","prds":["C","I","H","B"]},{"exch":"NIPO","prds":["C"]},{"exch":"BSE","prds":["C","I","H","B"]},{"exch":"BSTAR","prds":["C"]},{"exch":"NFO","prds":["M","I","H","B"]},{"exch":"BFO","prds":["M","I"]}],"stat":"Ok","susertoken":"8dbd5d121ab1695a8b22ae11ef39c5d99729a50c199fe59c2195c0ca7f4b50fb","susertokenspl":"ddc26109ccbad6456b4f1d6049f466052f8bfa1fc161aa7ee9d4206d55c56381","email":"bruwguholdings@gmail.com","uid":"FN123771","brnchid":"HO","totp_set":"1","m_num":"7013602459","orarr":["MKT","LMT","SL-LMT","SL-MKT"],"exarr":["NSE","NIPO","BSE","BSTAR","NFO","BFO"],"values":["1"],"mws":{"1":[{"exch":"NFO","token":"50989","tsym":"NIFTY19JUN25C24500","weekly":"W3","cname":"NIFTY 19JUN25 24500 CE ","dname":"NIFTY 19JUN25 24500 CE ","instname":"OPTIDX","pp":"2","ls":"75","ti":"0.05","optt":"CE"},{"exch":"BSE","token":"1","tsym":"SENSEX","cname":"BSE SENSEX","instname":"UNDIND","pp":"2","ls":"1","ti":"0.05","nontrd":"1"},{"exch":"BSE","token":"507685","tsym":"WIPRO","cname":"WIPRO LTD.","instname":"A","pp":"2","ls":"1","ti":"0.05"}]},"brkname":"FINV","dmsg":"","lastaccesstime":"1750218573","lastpwdtime":"1745327683"}[0m
[0m2025-06-18 09:19:34,575 - INFO     - [11544] - MainThread - oms - oms:shoonya_login - 224: Shoonya: FN123771 loggedin successfully.[0m
[0m2025-06-18 09:19:34,576 - DEBUG    - [11544] - MainThread - oms - oms:shoonya_login - 219: Shoonya login payload: jData={"apkversion": "1.0.0", "uid": "", "pwd": "e3b0c44298fc1c149afbf4c8996fb92427ae41e4649b934ca495991b7852b855", "factor2": "368551", "vc": "_U", "appkey": "cbe5cfdf7c2118a9c3d78ef1d684f3afa089201352886449a06a6511cfef74a7", "imei": "abc1234", "source": "API"}[0m
[0m2025-06-18 09:19:34,576 - DEBUG    - [11544] - MainThread - urllib3.connectionpool - connectionpool:_new_conn - 1049: Starting new HTTPS connection (1): api.shoonya.com:443[0m
[0m2025-06-18 09:19:34,766 - DEBUG    - [11544] - MainThread - urllib3.connectionpool - connectionpool:_make_request - 544: https://api.shoonya.com:443 "POST /NorenWClientTP/QuickAuth HTTP/1.1" 400 63[0m
[0m2025-06-18 09:19:34,766 - DEBUG    - [11544] - MainThread - oms - oms:shoonya_login - 221: Shoonya login response: {"stat":"Not_Ok","emsg":"Invalid Input :  Invalid Vendor code"}[0m
[1;41m2025-06-18 09:19:34,766 - CRITICAL - [11544] - MainThread - root - main:main - 279: Error while login in SHOONYA, config: {'user_id': '', 'api_key': '', 'password': '', 'totp_secret': ''}[0m
[0m2025-06-18 09:19:34,766 - DEBUG    - [11544] - MainThread - root - main:main - 280: Error while login in SHOONYA
Traceback (most recent call last):
  File "E:\Multiple User On Thread\main.py", line 264, in main
    shoonya_login(strategy.api)
  File "E:\Multiple User On Thread\oms.py", line 226, in shoonya_login
    raise Exception("Not Ok")
Exception: Not Ok[0m
[0m2025-06-18 09:19:34,767 - DEBUG    - [11544] - MainThread - oms - oms:shoonya_login - 219: Shoonya login payload: jData={"apkversion": "1.0.0", "uid": "", "pwd": "e3b0c44298fc1c149afbf4c8996fb92427ae41e4649b934ca495991b7852b855", "factor2": "368551", "vc": "_U", "appkey": "cbe5cfdf7c2118a9c3d78ef1d684f3afa089201352886449a06a6511cfef74a7", "imei": "abc1234", "source": "API"}[0m
[0m2025-06-18 09:19:34,768 - DEBUG    - [11544] - MainThread - urllib3.connectionpool - connectionpool:_new_conn - 1049: Starting new HTTPS connection (1): api.shoonya.com:443[0m
[0m2025-06-18 09:19:34,959 - DEBUG    - [11544] - MainThread - urllib3.connectionpool - connectionpool:_make_request - 544: https://api.shoonya.com:443 "POST /NorenWClientTP/QuickAuth HTTP/1.1" 400 63[0m
[0m2025-06-18 09:19:34,960 - DEBUG    - [11544] - MainThread - oms - oms:shoonya_login - 221: Shoonya login response: {"stat":"Not_Ok","emsg":"Invalid Input :  Invalid Vendor code"}[0m
[1;41m2025-06-18 09:19:34,960 - CRITICAL - [11544] - MainThread - root - main:main - 279: Error while login in SHOONYA, config: {'user_id': '', 'api_key': '', 'password': '', 'totp_secret': ''}[0m
[0m2025-06-18 09:19:34,960 - DEBUG    - [11544] - MainThread - root - main:main - 280: Error while login in SHOONYA
Traceback (most recent call last):
  File "E:\Multiple User On Thread\main.py", line 264, in main
    shoonya_login(strategy.api)
  File "E:\Multiple User On Thread\oms.py", line 226, in shoonya_login
    raise Exception("Not Ok")
Exception: Not Ok[0m
[0m2025-06-18 09:19:34,961 - DEBUG    - [11544] - MainThread - oms - oms:shoonya_login - 219: Shoonya login payload: jData={"apkversion": "1.0.0", "uid": "", "pwd": "e3b0c44298fc1c149afbf4c8996fb92427ae41e4649b934ca495991b7852b855", "factor2": "368551", "vc": "_U", "appkey": "cbe5cfdf7c2118a9c3d78ef1d684f3afa089201352886449a06a6511cfef74a7", "imei": "abc1234", "source": "API"}[0m
[0m2025-06-18 09:19:34,962 - DEBUG    - [11544] - MainThread - urllib3.connectionpool - connectionpool:_new_conn - 1049: Starting new HTTPS connection (1): api.shoonya.com:443[0m
[0m2025-06-18 09:19:35,151 - DEBUG    - [11544] - MainThread - urllib3.connectionpool - connectionpool:_make_request - 544: https://api.shoonya.com:443 "POST /NorenWClientTP/QuickAuth HTTP/1.1" 400 63[0m
[0m2025-06-18 09:19:35,151 - DEBUG    - [11544] - MainThread - oms - oms:shoonya_login - 221: Shoonya login response: {"stat":"Not_Ok","emsg":"Invalid Input :  Invalid Vendor code"}[0m
[1;41m2025-06-18 09:19:35,151 - CRITICAL - [11544] - MainThread - root - main:main - 279: Error while login in SHOONYA, config: {'user_id': '', 'api_key': '', 'password': '', 'totp_secret': ''}[0m
[0m2025-06-18 09:19:35,151 - DEBUG    - [11544] - MainThread - root - main:main - 280: Error while login in SHOONYA
Traceback (most recent call last):
  File "E:\Multiple User On Thread\main.py", line 264, in main
    shoonya_login(strategy.api)
  File "E:\Multiple User On Thread\oms.py", line 226, in shoonya_login
    raise Exception("Not Ok")
Exception: Not Ok[0m
[0m2025-06-18 09:19:35,152 - DEBUG    - [11544] - MainThread - oms - oms:shoonya_login - 219: Shoonya login payload: jData={"apkversion": "1.0.0", "uid": "", "pwd": "e3b0c44298fc1c149afbf4c8996fb92427ae41e4649b934ca495991b7852b855", "factor2": "368551", "vc": "_U", "appkey": "cbe5cfdf7c2118a9c3d78ef1d684f3afa089201352886449a06a6511cfef74a7", "imei": "abc1234", "source": "API"}[0m
[0m2025-06-18 09:19:35,153 - DEBUG    - [11544] - MainThread - urllib3.connectionpool - connectionpool:_new_conn - 1049: Starting new HTTPS connection (1): api.shoonya.com:443[0m
[0m2025-06-18 09:19:35,340 - DEBUG    - [11544] - MainThread - urllib3.connectionpool - connectionpool:_make_request - 544: https://api.shoonya.com:443 "POST /NorenWClientTP/QuickAuth HTTP/1.1" 400 63[0m
[0m2025-06-18 09:19:35,340 - DEBUG    - [11544] - MainThread - oms - oms:shoonya_login - 221: Shoonya login response: {"stat":"Not_Ok","emsg":"Invalid Input :  Invalid Vendor code"}[0m
[1;41m2025-06-18 09:19:35,340 - CRITICAL - [11544] - MainThread - root - main:main - 279: Error while login in SHOONYA, config: {'user_id': '', 'api_key': '', 'password': '', 'totp_secret': ''}[0m
[0m2025-06-18 09:19:35,340 - DEBUG    - [11544] - MainThread - root - main:main - 280: Error while login in SHOONYA
Traceback (most recent call last):
  File "E:\Multiple User On Thread\main.py", line 264, in main
    shoonya_login(strategy.api)
  File "E:\Multiple User On Thread\oms.py", line 226, in shoonya_login
    raise Exception("Not Ok")
Exception: Not Ok[0m
[0m2025-06-18 09:19:35,340 - DEBUG    - [11544] - MainThread - oms - oms:shoonya_login - 219: Shoonya login payload: jData={"apkversion": "1.0.0", "uid": "", "pwd": "e3b0c44298fc1c149afbf4c8996fb92427ae41e4649b934ca495991b7852b855", "factor2": "368551", "vc": "_U", "appkey": "cbe5cfdf7c2118a9c3d78ef1d684f3afa089201352886449a06a6511cfef74a7", "imei": "abc1234", "source": "API"}[0m
[0m2025-06-18 09:19:35,340 - DEBUG    - [11544] - MainThread - urllib3.connectionpool - connectionpool:_new_conn - 1049: Starting new HTTPS connection (1): api.shoonya.com:443[0m
[0m2025-06-18 09:19:35,545 - DEBUG    - [11544] - MainThread - urllib3.connectionpool - connectionpool:_make_request - 544: https://api.shoonya.com:443 "POST /NorenWClientTP/QuickAuth HTTP/1.1" 400 63[0m
[0m2025-06-18 09:19:35,545 - DEBUG    - [11544] - MainThread - oms - oms:shoonya_login - 221: Shoonya login response: {"stat":"Not_Ok","emsg":"Invalid Input :  Invalid Vendor code"}[0m
[1;41m2025-06-18 09:19:35,546 - CRITICAL - [11544] - MainThread - root - main:main - 279: Error while login in SHOONYA, config: {'user_id': '', 'api_key': '', 'password': '', 'totp_secret': ''}[0m
[0m2025-06-18 09:19:35,546 - DEBUG    - [11544] - MainThread - root - main:main - 280: Error while login in SHOONYA
Traceback (most recent call last):
  File "E:\Multiple User On Thread\main.py", line 264, in main
    shoonya_login(strategy.api)
  File "E:\Multiple User On Thread\oms.py", line 226, in shoonya_login
    raise Exception("Not Ok")
Exception: Not Ok[0m
[0m2025-06-18 09:19:35,550 - DEBUG    - [11544] - MainThread - urllib3.connectionpool - connectionpool:_new_conn - 1049: Starting new HTTPS connection (1): api.groww.in:443[0m
[0m2025-06-18 09:19:35,836 - DEBUG    - [11544] - MainThread - urllib3.connectionpool - connectionpool:_make_request - 544: https://api.groww.in:443 "GET /v1/order/list HTTP/1.1" 401 97[0m
[1;41m2025-06-18 09:19:35,836 - CRITICAL - [11544] - MainThread - root - main:main - 279: Error while login in GROWW, config: {'user_id': '', 'api_key': ''}[0m
[0m2025-06-18 09:19:35,837 - DEBUG    - [11544] - MainThread - root - main:main - 280: Error while login in GROWW
Traceback (most recent call last):
  File "E:\Multiple User On Thread\main.py", line 270, in main
    groww_login(strategy.api)
  File "E:\Multiple User On Thread\oms.py", line 264, in groww_login
    groww_get_orderbook(api)
  File "E:\Multiple User On Thread\oms.py", line 680, in groww_get_orderbook
    raise Exception(error_message)
Exception: {"status":"FAILURE","error":{"code":"401","message":"Missing token in request.","metadata":null}}[0m
[0m2025-06-18 09:19:35,837 - INFO     - [11544] - MainThread - root - main:main - 285: ========= Next check-time: 09:38:00 =========[0m
[0m2025-06-18 09:19:35,838 - DEBUG    - [11544] - MainThread - oms - oms:finvasia_get_orderbook - 472: Payload: jData= {"uid": "FN112899"}&jKey=66cde8fc1e96494e0a8d6e80c4f886b4e3de2a64c22ae12b758ca312736069a5[0m
[0m2025-06-18 09:19:35,838 - DEBUG    - [11544] - MainThread - urllib3.connectionpool - connectionpool:_new_conn - 1049: Starting new HTTPS connection (1): api.shoonya.com:443[0m
[0m2025-06-18 09:19:36,023 - DEBUG    - [11544] - MainThread - urllib3.connectionpool - connectionpool:_make_request - 544: https://api.shoonya.com:443 "POST /NorenWClientTP/OrderBook HTTP/1.1" 200 94[0m
[0m2025-06-18 09:19:36,023 - DEBUG    - [11544] - MainThread - oms - oms:finvasia_get_orderbook - 472: Payload: jData= {"uid": "FN123771"}&jKey=8dbd5d121ab1695a8b22ae11ef39c5d99729a50c199fe59c2195c0ca7f4b50fb[0m
[0m2025-06-18 09:19:36,028 - DEBUG    - [11544] - MainThread - urllib3.connectionpool - connectionpool:_new_conn - 1049: Starting new HTTPS connection (1): api.shoonya.com:443[0m
[0m2025-06-18 09:19:36,228 - DEBUG    - [11544] - MainThread - urllib3.connectionpool - connectionpool:_make_request - 544: https://api.shoonya.com:443 "POST /NorenWClientTP/OrderBook HTTP/1.1" 200 94[0m
[0m2025-06-18 09:19:41,075 - DEBUG    - [11544] - MainThread - oms - oms:finvasia_get_orderbook - 472: Payload: jData= {"uid": "FN112899"}&jKey=66cde8fc1e96494e0a8d6e80c4f886b4e3de2a64c22ae12b758ca312736069a5[0m
[0m2025-06-18 09:19:41,075 - DEBUG    - [11544] - MainThread - urllib3.connectionpool - connectionpool:_new_conn - 1049: Starting new HTTPS connection (1): api.shoonya.com:443[0m
[0m2025-06-18 09:19:41,271 - DEBUG    - [11544] - MainThread - urllib3.connectionpool - connectionpool:_make_request - 544: https://api.shoonya.com:443 "POST /NorenWClientTP/OrderBook HTTP/1.1" 200 94[0m
[0m2025-06-18 09:19:41,279 - DEBUG    - [11544] - MainThread - oms - oms:finvasia_get_orderbook - 472: Payload: jData= {"uid": "FN123771"}&jKey=8dbd5d121ab1695a8b22ae11ef39c5d99729a50c199fe59c2195c0ca7f4b50fb[0m
[0m2025-06-18 09:19:41,281 - DEBUG    - [11544] - MainThread - urllib3.connectionpool - connectionpool:_new_conn - 1049: Starting new HTTPS connection (1): api.shoonya.com:443[0m
[0m2025-06-18 09:19:41,479 - DEBUG    - [11544] - MainThread - urllib3.connectionpool - connectionpool:_make_request - 544: https://api.shoonya.com:443 "POST /NorenWClientTP/OrderBook HTTP/1.1" 200 94[0m
[0m2025-06-18 09:19:46,323 - DEBUG    - [11544] - MainThread - oms - oms:finvasia_get_orderbook - 472: Payload: jData= {"uid": "FN112899"}&jKey=66cde8fc1e96494e0a8d6e80c4f886b4e3de2a64c22ae12b758ca312736069a5[0m
[0m2025-06-18 09:19:46,323 - DEBUG    - [11544] - MainThread - urllib3.connectionpool - connectionpool:_new_conn - 1049: Starting new HTTPS connection (1): api.shoonya.com:443[0m
[0m2025-06-18 09:19:46,537 - DEBUG    - [11544] - MainThread - urllib3.connectionpool - connectionpool:_make_request - 544: https://api.shoonya.com:443 "POST /NorenWClientTP/OrderBook HTTP/1.1" 200 94[0m
[0m2025-06-18 09:19:46,539 - DEBUG    - [11544] - MainThread - oms - oms:finvasia_get_orderbook - 472: Payload: jData= {"uid": "FN123771"}&jKey=8dbd5d121ab1695a8b22ae11ef39c5d99729a50c199fe59c2195c0ca7f4b50fb[0m
[0m2025-06-18 09:19:46,540 - DEBUG    - [11544] - MainThread - urllib3.connectionpool - connectionpool:_new_conn - 1049: Starting new HTTPS connection (1): api.shoonya.com:443[0m
[0m2025-06-18 09:19:46,745 - DEBUG    - [11544] - MainThread - urllib3.connectionpool - connectionpool:_make_request - 544: https://api.shoonya.com:443 "POST /NorenWClientTP/OrderBook HTTP/1.1" 200 94[0m
[0m2025-06-18 09:19:51,557 - DEBUG    - [11544] - MainThread - oms - oms:finvasia_get_orderbook - 472: Payload: jData= {"uid": "FN112899"}&jKey=66cde8fc1e96494e0a8d6e80c4f886b4e3de2a64c22ae12b758ca312736069a5[0m
[0m2025-06-18 09:19:51,557 - DEBUG    - [11544] - MainThread - urllib3.connectionpool - connectionpool:_new_conn - 1049: Starting new HTTPS connection (1): api.shoonya.com:443[0m
[0m2025-06-18 09:19:51,759 - DEBUG    - [11544] - MainThread - urllib3.connectionpool - connectionpool:_make_request - 544: https://api.shoonya.com:443 "POST /NorenWClientTP/OrderBook HTTP/1.1" 200 94[0m
[0m2025-06-18 09:19:51,759 - DEBUG    - [11544] - MainThread - oms - oms:finvasia_get_orderbook - 472: Payload: jData= {"uid": "FN123771"}&jKey=8dbd5d121ab1695a8b22ae11ef39c5d99729a50c199fe59c2195c0ca7f4b50fb[0m
[0m2025-06-18 09:19:51,759 - DEBUG    - [11544] - MainThread - urllib3.connectionpool - connectionpool:_new_conn - 1049: Starting new HTTPS connection (1): api.shoonya.com:443[0m
[0m2025-06-18 09:19:51,960 - DEBUG    - [11544] - MainThread - urllib3.connectionpool - connectionpool:_make_request - 544: https://api.shoonya.com:443 "POST /NorenWClientTP/OrderBook HTTP/1.1" 200 94[0m
[0m2025-06-18 09:19:56,822 - DEBUG    - [11544] - MainThread - oms - oms:finvasia_get_orderbook - 472: Payload: jData= {"uid": "FN112899"}&jKey=66cde8fc1e96494e0a8d6e80c4f886b4e3de2a64c22ae12b758ca312736069a5[0m
[0m2025-06-18 09:19:56,822 - DEBUG    - [11544] - MainThread - urllib3.connectionpool - connectionpool:_new_conn - 1049: Starting new HTTPS connection (1): api.shoonya.com:443[0m
[0m2025-06-18 09:19:57,020 - DEBUG    - [11544] - MainThread - urllib3.connectionpool - connectionpool:_make_request - 544: https://api.shoonya.com:443 "POST /NorenWClientTP/OrderBook HTTP/1.1" 200 94[0m
[0m2025-06-18 09:19:57,029 - DEBUG    - [11544] - MainThread - oms - oms:finvasia_get_orderbook - 472: Payload: jData= {"uid": "FN123771"}&jKey=8dbd5d121ab1695a8b22ae11ef39c5d99729a50c199fe59c2195c0ca7f4b50fb[0m
[0m2025-06-18 09:19:57,031 - DEBUG    - [11544] - MainThread - urllib3.connectionpool - connectionpool:_new_conn - 1049: Starting new HTTPS connection (1): api.shoonya.com:443[0m
[0m2025-06-18 09:19:57,226 - DEBUG    - [11544] - MainThread - urllib3.connectionpool - connectionpool:_make_request - 544: https://api.shoonya.com:443 "POST /NorenWClientTP/OrderBook HTTP/1.1" 200 94[0m
[0m2025-06-18 09:20:02,072 - DEBUG    - [11544] - MainThread - oms - oms:finvasia_get_orderbook - 472: Payload: jData= {"uid": "FN112899"}&jKey=66cde8fc1e96494e0a8d6e80c4f886b4e3de2a64c22ae12b758ca312736069a5[0m
[0m2025-06-18 09:20:02,074 - DEBUG    - [11544] - MainThread - urllib3.connectionpool - connectionpool:_new_conn - 1049: Starting new HTTPS connection (1): api.shoonya.com:443[0m
[0m2025-06-18 09:20:02,304 - DEBUG    - [11544] - MainThread - urllib3.connectionpool - connectionpool:_make_request - 544: https://api.shoonya.com:443 "POST /NorenWClientTP/OrderBook HTTP/1.1" 200 94[0m
[0m2025-06-18 09:20:02,304 - DEBUG    - [11544] - MainThread - oms - oms:finvasia_get_orderbook - 472: Payload: jData= {"uid": "FN123771"}&jKey=8dbd5d121ab1695a8b22ae11ef39c5d99729a50c199fe59c2195c0ca7f4b50fb[0m
[0m2025-06-18 09:20:02,304 - DEBUG    - [11544] - MainThread - urllib3.connectionpool - connectionpool:_new_conn - 1049: Starting new HTTPS connection (1): api.shoonya.com:443[0m
[0m2025-06-18 09:20:02,525 - DEBUG    - [11544] - MainThread - urllib3.connectionpool - connectionpool:_make_request - 544: https://api.shoonya.com:443 "POST /NorenWClientTP/OrderBook HTTP/1.1" 200 94[0m
[0m2025-06-18 09:20:07,318 - DEBUG    - [11544] - MainThread - oms - oms:finvasia_get_orderbook - 472: Payload: jData= {"uid": "FN112899"}&jKey=66cde8fc1e96494e0a8d6e80c4f886b4e3de2a64c22ae12b758ca312736069a5[0m
[0m2025-06-18 09:20:07,318 - DEBUG    - [11544] - MainThread - urllib3.connectionpool - connectionpool:_new_conn - 1049: Starting new HTTPS connection (1): api.shoonya.com:443[0m
[0m2025-06-18 09:20:07,555 - DEBUG    - [11544] - MainThread - urllib3.connectionpool - connectionpool:_make_request - 544: https://api.shoonya.com:443 "POST /NorenWClientTP/OrderBook HTTP/1.1" 200 94[0m
[0m2025-06-18 09:20:07,556 - DEBUG    - [11544] - MainThread - oms - oms:finvasia_get_orderbook - 472: Payload: jData= {"uid": "FN123771"}&jKey=8dbd5d121ab1695a8b22ae11ef39c5d99729a50c199fe59c2195c0ca7f4b50fb[0m
[0m2025-06-18 09:20:07,556 - DEBUG    - [11544] - MainThread - urllib3.connectionpool - connectionpool:_new_conn - 1049: Starting new HTTPS connection (1): api.shoonya.com:443[0m
[0m2025-06-18 09:20:07,752 - DEBUG    - [11544] - MainThread - urllib3.connectionpool - connectionpool:_make_request - 544: https://api.shoonya.com:443 "POST /NorenWClientTP/OrderBook HTTP/1.1" 200 94[0m
[0m2025-06-18 09:20:12,574 - DEBUG    - [11544] - MainThread - oms - oms:finvasia_get_orderbook - 472: Payload: jData= {"uid": "FN112899"}&jKey=66cde8fc1e96494e0a8d6e80c4f886b4e3de2a64c22ae12b758ca312736069a5[0m
[0m2025-06-18 09:20:12,574 - DEBUG    - [11544] - MainThread - urllib3.connectionpool - connectionpool:_new_conn - 1049: Starting new HTTPS connection (1): api.shoonya.com:443[0m
[0m2025-06-18 09:20:12,770 - DEBUG    - [11544] - MainThread - urllib3.connectionpool - connectionpool:_make_request - 544: https://api.shoonya.com:443 "POST /NorenWClientTP/OrderBook HTTP/1.1" 200 94[0m
[0m2025-06-18 09:20:12,770 - DEBUG    - [11544] - MainThread - oms - oms:finvasia_get_orderbook - 472: Payload: jData= {"uid": "FN123771"}&jKey=8dbd5d121ab1695a8b22ae11ef39c5d99729a50c199fe59c2195c0ca7f4b50fb[0m
[0m2025-06-18 09:20:12,770 - DEBUG    - [11544] - MainThread - urllib3.connectionpool - connectionpool:_new_conn - 1049: Starting new HTTPS connection (1): api.shoonya.com:443[0m
[0m2025-06-18 09:20:12,973 - DEBUG    - [11544] - MainThread - urllib3.connectionpool - connectionpool:_make_request - 544: https://api.shoonya.com:443 "POST /NorenWClientTP/OrderBook HTTP/1.1" 200 94[0m
[0m2025-06-18 09:20:17,829 - DEBUG    - [11544] - MainThread - oms - oms:finvasia_get_orderbook - 472: Payload: jData= {"uid": "FN112899"}&jKey=66cde8fc1e96494e0a8d6e80c4f886b4e3de2a64c22ae12b758ca312736069a5[0m
[0m2025-06-18 09:20:17,829 - DEBUG    - [11544] - MainThread - urllib3.connectionpool - connectionpool:_new_conn - 1049: Starting new HTTPS connection (1): api.shoonya.com:443[0m
[0m2025-06-18 09:20:18,021 - DEBUG    - [11544] - MainThread - urllib3.connectionpool - connectionpool:_make_request - 544: https://api.shoonya.com:443 "POST /NorenWClientTP/OrderBook HTTP/1.1" 200 94[0m
[0m2025-06-18 09:20:18,021 - DEBUG    - [11544] - MainThread - oms - oms:finvasia_get_orderbook - 472: Payload: jData= {"uid": "FN123771"}&jKey=8dbd5d121ab1695a8b22ae11ef39c5d99729a50c199fe59c2195c0ca7f4b50fb[0m
[0m2025-06-18 09:20:18,021 - DEBUG    - [11544] - MainThread - urllib3.connectionpool - connectionpool:_new_conn - 1049: Starting new HTTPS connection (1): api.shoonya.com:443[0m
[0m2025-06-18 09:20:18,205 - DEBUG    - [11544] - MainThread - urllib3.connectionpool - connectionpool:_make_request - 544: https://api.shoonya.com:443 "POST /NorenWClientTP/OrderBook HTTP/1.1" 200 94[0m
[0m2025-06-18 09:20:23,077 - DEBUG    - [11544] - MainThread - oms - oms:finvasia_get_orderbook - 472: Payload: jData= {"uid": "FN112899"}&jKey=66cde8fc1e96494e0a8d6e80c4f886b4e3de2a64c22ae12b758ca312736069a5[0m
[0m2025-06-18 09:20:23,077 - DEBUG    - [11544] - MainThread - urllib3.connectionpool - connectionpool:_new_conn - 1049: Starting new HTTPS connection (1): api.shoonya.com:443[0m
[0m2025-06-18 09:20:23,622 - DEBUG    - [11544] - MainThread - urllib3.connectionpool - connectionpool:_make_request - 544: https://api.shoonya.com:443 "POST /NorenWClientTP/OrderBook HTTP/1.1" 200 94[0m
[0m2025-06-18 09:20:23,622 - DEBUG    - [11544] - MainThread - oms - oms:finvasia_get_orderbook - 472: Payload: jData= {"uid": "FN123771"}&jKey=8dbd5d121ab1695a8b22ae11ef39c5d99729a50c199fe59c2195c0ca7f4b50fb[0m
[0m2025-06-18 09:20:23,622 - DEBUG    - [11544] - MainThread - urllib3.connectionpool - connectionpool:_new_conn - 1049: Starting new HTTPS connection (1): api.shoonya.com:443[0m
[0m2025-06-18 09:20:23,850 - DEBUG    - [11544] - MainThread - urllib3.connectionpool - connectionpool:_make_request - 544: https://api.shoonya.com:443 "POST /NorenWClientTP/OrderBook HTTP/1.1" 200 94[0m
[0m2025-06-18 09:20:28,827 - DEBUG    - [11544] - MainThread - oms - oms:finvasia_get_orderbook - 472: Payload: jData= {"uid": "FN112899"}&jKey=66cde8fc1e96494e0a8d6e80c4f886b4e3de2a64c22ae12b758ca312736069a5[0m
[0m2025-06-18 09:20:28,828 - DEBUG    - [11544] - MainThread - urllib3.connectionpool - connectionpool:_new_conn - 1049: Starting new HTTPS connection (1): api.shoonya.com:443[0m
[0m2025-06-18 09:20:29,200 - DEBUG    - [11544] - MainThread - urllib3.connectionpool - connectionpool:_make_request - 544: https://api.shoonya.com:443 "POST /NorenWClientTP/OrderBook HTTP/1.1" 200 94[0m
[0m2025-06-18 09:20:29,202 - DEBUG    - [11544] - MainThread - oms - oms:finvasia_get_orderbook - 472: Payload: jData= {"uid": "FN123771"}&jKey=8dbd5d121ab1695a8b22ae11ef39c5d99729a50c199fe59c2195c0ca7f4b50fb[0m
[0m2025-06-18 09:20:29,202 - DEBUG    - [11544] - MainThread - urllib3.connectionpool - connectionpool:_new_conn - 1049: Starting new HTTPS connection (1): api.shoonya.com:443[0m
[0m2025-06-18 09:20:29,404 - DEBUG    - [11544] - MainThread - urllib3.connectionpool - connectionpool:_make_request - 544: https://api.shoonya.com:443 "POST /NorenWClientTP/OrderBook HTTP/1.1" 200 94[0m
[0m2025-06-18 09:20:34,329 - DEBUG    - [11544] - MainThread - oms - oms:finvasia_get_orderbook - 472: Payload: jData= {"uid": "FN112899"}&jKey=66cde8fc1e96494e0a8d6e80c4f886b4e3de2a64c22ae12b758ca312736069a5[0m
[0m2025-06-18 09:20:34,345 - DEBUG    - [11544] - MainThread - urllib3.connectionpool - connectionpool:_new_conn - 1049: Starting new HTTPS connection (1): api.shoonya.com:443[0m
[0m2025-06-18 09:20:34,554 - DEBUG    - [11544] - MainThread - urllib3.connectionpool - connectionpool:_make_request - 544: https://api.shoonya.com:443 "POST /NorenWClientTP/OrderBook HTTP/1.1" 200 94[0m
[0m2025-06-18 09:20:34,556 - DEBUG    - [11544] - MainThread - oms - oms:finvasia_get_orderbook - 472: Payload: jData= {"uid": "FN123771"}&jKey=8dbd5d121ab1695a8b22ae11ef39c5d99729a50c199fe59c2195c0ca7f4b50fb[0m
[0m2025-06-18 09:20:34,556 - DEBUG    - [11544] - MainThread - urllib3.connectionpool - connectionpool:_new_conn - 1049: Starting new HTTPS connection (1): api.shoonya.com:443[0m
[0m2025-06-18 09:20:34,743 - DEBUG    - [11544] - MainThread - urllib3.connectionpool - connectionpool:_make_request - 544: https://api.shoonya.com:443 "POST /NorenWClientTP/OrderBook HTTP/1.1" 200 94[0m
[0m2025-06-18 09:20:39,580 - DEBUG    - [11544] - MainThread - oms - oms:finvasia_get_orderbook - 472: Payload: jData= {"uid": "FN112899"}&jKey=66cde8fc1e96494e0a8d6e80c4f886b4e3de2a64c22ae12b758ca312736069a5[0m
[0m2025-06-18 09:20:39,580 - DEBUG    - [11544] - MainThread - urllib3.connectionpool - connectionpool:_new_conn - 1049: Starting new HTTPS connection (1): api.shoonya.com:443[0m
[0m2025-06-18 09:20:39,773 - DEBUG    - [11544] - MainThread - urllib3.connectionpool - connectionpool:_make_request - 544: https://api.shoonya.com:443 "POST /NorenWClientTP/OrderBook HTTP/1.1" 200 94[0m
[0m2025-06-18 09:20:39,789 - DEBUG    - [11544] - MainThread - oms - oms:finvasia_get_orderbook - 472: Payload: jData= {"uid": "FN123771"}&jKey=8dbd5d121ab1695a8b22ae11ef39c5d99729a50c199fe59c2195c0ca7f4b50fb[0m
[0m2025-06-18 09:20:39,789 - DEBUG    - [11544] - MainThread - urllib3.connectionpool - connectionpool:_new_conn - 1049: Starting new HTTPS connection (1): api.shoonya.com:443[0m
[0m2025-06-18 09:20:39,981 - DEBUG    - [11544] - MainThread - urllib3.connectionpool - connectionpool:_make_request - 544: https://api.shoonya.com:443 "POST /NorenWClientTP/OrderBook HTTP/1.1" 200 94[0m
[0m2025-06-18 09:20:44,833 - DEBUG    - [11544] - MainThread - oms - oms:finvasia_get_orderbook - 472: Payload: jData= {"uid": "FN112899"}&jKey=66cde8fc1e96494e0a8d6e80c4f886b4e3de2a64c22ae12b758ca312736069a5[0m
[0m2025-06-18 09:20:44,834 - DEBUG    - [11544] - MainThread - urllib3.connectionpool - connectionpool:_new_conn - 1049: Starting new HTTPS connection (1): api.shoonya.com:443[0m
[0m2025-06-18 09:20:45,186 - DEBUG    - [11544] - MainThread - urllib3.connectionpool - connectionpool:_make_request - 544: https://api.shoonya.com:443 "POST /NorenWClientTP/OrderBook HTTP/1.1" 200 94[0m
[0m2025-06-18 09:20:45,186 - DEBUG    - [11544] - MainThread - oms - oms:finvasia_get_orderbook - 472: Payload: jData= {"uid": "FN123771"}&jKey=8dbd5d121ab1695a8b22ae11ef39c5d99729a50c199fe59c2195c0ca7f4b50fb[0m
[0m2025-06-18 09:20:45,186 - DEBUG    - [11544] - MainThread - urllib3.connectionpool - connectionpool:_new_conn - 1049: Starting new HTTPS connection (1): api.shoonya.com:443[0m
[0m2025-06-18 09:20:45,413 - DEBUG    - [11544] - MainThread - urllib3.connectionpool - connectionpool:_make_request - 544: https://api.shoonya.com:443 "POST /NorenWClientTP/OrderBook HTTP/1.1" 200 94[0m
[93m2025-06-18 09:20:46,827 - WARNING  - [11544] - MainThread - root - main:main - 587: Keyboard Interrupt[0m
