[0m2025-06-27 13:36:54,146 - DEBUG    - [22859] - MainThread - botocore.hooks - hooks:_alias_event_name - 482: Changing event name from creating-client-class.iot-data to creating-client-class.iot-data-plane[0m
[0m2025-06-27 13:36:54,147 - DEBUG    - [22859] - MainThread - botocore.hooks - hooks:_alias_event_name - 482: Changing event name from before-call.apigateway to before-call.api-gateway[0m
[0m2025-06-27 13:36:54,148 - DEBUG    - [22859] - MainThread - botocore.hooks - hooks:_alias_event_name - 482: Changing event name from request-created.machinelearning.Predict to request-created.machine-learning.Predict[0m
[0m2025-06-27 13:36:54,149 - DEBUG    - [22859] - MainThread - botocore.hooks - hooks:_alias_event_name - 482: Changing event name from before-parameter-build.autoscaling.CreateLaunchConfiguration to before-parameter-build.auto-scaling.CreateLaunchConfiguration[0m
[0m2025-06-27 13:36:54,149 - DEBUG    - [22859] - MainThread - botocore.hooks - hooks:_alias_event_name - 482: Changing event name from before-parameter-build.route53 to before-parameter-build.route-53[0m
[0m2025-06-27 13:36:54,149 - DEBUG    - [22859] - MainThread - botocore.hooks - hooks:_alias_event_name - 482: Changing event name from request-created.cloudsearchdomain.Search to request-created.cloudsearch-domain.Search[0m
[0m2025-06-27 13:36:54,150 - DEBUG    - [22859] - MainThread - botocore.hooks - hooks:_alias_event_name - 482: Changing event name from docs.*.autoscaling.CreateLaunchConfiguration.complete-section to docs.*.auto-scaling.CreateLaunchConfiguration.complete-section[0m
[0m2025-06-27 13:36:54,151 - DEBUG    - [22859] - MainThread - botocore.hooks - hooks:_alias_event_name - 482: Changing event name from before-parameter-build.logs.CreateExportTask to before-parameter-build.cloudwatch-logs.CreateExportTask[0m
[0m2025-06-27 13:36:54,151 - DEBUG    - [22859] - MainThread - botocore.hooks - hooks:_alias_event_name - 482: Changing event name from docs.*.logs.CreateExportTask.complete-section to docs.*.cloudwatch-logs.CreateExportTask.complete-section[0m
[0m2025-06-27 13:36:54,151 - DEBUG    - [22859] - MainThread - botocore.hooks - hooks:_alias_event_name - 482: Changing event name from before-parameter-build.cloudsearchdomain.Search to before-parameter-build.cloudsearch-domain.Search[0m
[0m2025-06-27 13:36:54,151 - DEBUG    - [22859] - MainThread - botocore.hooks - hooks:_alias_event_name - 482: Changing event name from docs.*.cloudsearchdomain.Search.complete-section to docs.*.cloudsearch-domain.Search.complete-section[0m
[0m2025-06-27 13:36:54,180 - DEBUG    - [22859] - MainThread - botocore.loaders - loaders:_load_file - 181: Loading JSON file: /Users/rajeshboppana/Downloads/Multiple User On Thread copy/venv/lib/python3.13/site-packages/boto3/data/dynamodb/2012-08-10/resources-1.json[0m
[0m2025-06-27 13:36:54,184 - DEBUG    - [22859] - MainThread - botocore.utils - utils:_select_base_url - 439: IMDS ENDPOINT: http://169.254.169.254/[0m
[0m2025-06-27 13:36:54,203 - DEBUG    - [22859] - MainThread - botocore.credentials - credentials:load_credentials - 2166: Looking for credentials via: env[0m
[0m2025-06-27 13:36:54,203 - DEBUG    - [22859] - MainThread - botocore.credentials - credentials:load_credentials - 2166: Looking for credentials via: assume-role[0m
[0m2025-06-27 13:36:54,203 - DEBUG    - [22859] - MainThread - botocore.credentials - credentials:load_credentials - 2166: Looking for credentials via: assume-role-with-web-identity[0m
[0m2025-06-27 13:36:54,203 - DEBUG    - [22859] - MainThread - botocore.credentials - credentials:load_credentials - 2166: Looking for credentials via: sso[0m
[0m2025-06-27 13:36:54,203 - DEBUG    - [22859] - MainThread - botocore.credentials - credentials:load_credentials - 2166: Looking for credentials via: shared-credentials-file[0m
[0m2025-06-27 13:36:54,204 - INFO     - [22859] - MainThread - botocore.credentials - credentials:load - 1352: Found credentials in shared credentials file: ~/.aws/credentials[0m
[0m2025-06-27 13:36:54,205 - DEBUG    - [22859] - MainThread - botocore.loaders - loaders:_load_file - 181: Loading JSON file: /Users/rajeshboppana/Downloads/Multiple User On Thread copy/venv/lib/python3.13/site-packages/botocore/data/endpoints.json[0m
[0m2025-06-27 13:36:54,217 - DEBUG    - [22859] - MainThread - botocore.loaders - loaders:_load_file - 181: Loading JSON file: /Users/rajeshboppana/Downloads/Multiple User On Thread copy/venv/lib/python3.13/site-packages/botocore/data/sdk-default-configuration.json[0m
[0m2025-06-27 13:36:54,217 - DEBUG    - [22859] - MainThread - botocore.hooks - hooks:_emit - 238: Event choose-service-name: calling handler <function handle_service_name_alias at 0x102a256c0>[0m
[0m2025-06-27 13:36:54,233 - DEBUG    - [22859] - MainThread - botocore.loaders - loaders:_load_file - 181: Loading JSON file: /Users/rajeshboppana/Downloads/Multiple User On Thread copy/venv/lib/python3.13/site-packages/botocore/data/dynamodb/2012-08-10/service-2.json.gz[0m
[0m2025-06-27 13:36:54,247 - DEBUG    - [22859] - MainThread - botocore.loaders - loaders:_load_file - 181: Loading JSON file: /Users/rajeshboppana/Downloads/Multiple User On Thread copy/venv/lib/python3.13/site-packages/botocore/data/dynamodb/2012-08-10/endpoint-rule-set-1.json.gz[0m
[0m2025-06-27 13:36:54,248 - DEBUG    - [22859] - MainThread - botocore.loaders - loaders:_load_file - 181: Loading JSON file: /Users/rajeshboppana/Downloads/Multiple User On Thread copy/venv/lib/python3.13/site-packages/botocore/data/partitions.json[0m
[0m2025-06-27 13:36:54,248 - DEBUG    - [22859] - MainThread - botocore.hooks - hooks:_emit - 238: Event creating-client-class.dynamodb: calling handler <function add_generate_presigned_url at 0x1029500e0>[0m
[0m2025-06-27 13:36:54,248 - DEBUG    - [22859] - MainThread - botocore.configprovider - configprovider:provide - 989: Looking for endpoint for dynamodb via: environment_service[0m
[0m2025-06-27 13:36:54,248 - DEBUG    - [22859] - MainThread - botocore.configprovider - configprovider:provide - 989: Looking for endpoint for dynamodb via: environment_global[0m
[0m2025-06-27 13:36:54,248 - DEBUG    - [22859] - MainThread - botocore.configprovider - configprovider:provide - 989: Looking for endpoint for dynamodb via: config_service[0m
[0m2025-06-27 13:36:54,248 - DEBUG    - [22859] - MainThread - botocore.configprovider - configprovider:provide - 989: Looking for endpoint for dynamodb via: config_global[0m
[0m2025-06-27 13:36:54,248 - DEBUG    - [22859] - MainThread - botocore.configprovider - configprovider:provide - 1005: No configured endpoint found.[0m
[0m2025-06-27 13:36:54,249 - DEBUG    - [22859] - MainThread - botocore.endpoint - endpoint:create_endpoint - 414: Setting dynamodb timeout as (60, 60)[0m
[0m2025-06-27 13:36:54,250 - DEBUG    - [22859] - MainThread - botocore.loaders - loaders:_load_file - 181: Loading JSON file: /Users/rajeshboppana/Downloads/Multiple User On Thread copy/venv/lib/python3.13/site-packages/botocore/data/_retry.json[0m
[0m2025-06-27 13:36:54,255 - DEBUG    - [22859] - MainThread - botocore.client - client:_register_legacy_retries - 279: Registering retry handlers for service: dynamodb[0m
[0m2025-06-27 13:36:54,256 - DEBUG    - [22859] - MainThread - boto3.resources.factory - factory:load_from_definition - 65: Loading dynamodb:dynamodb[0m
[0m2025-06-27 13:36:54,256 - DEBUG    - [22859] - MainThread - botocore.hooks - hooks:_emit - 238: Event creating-resource-class.dynamodb.ServiceResource: calling handler <function lazy_call.<locals>._handler at 0x11cf50ae0>[0m
[0m2025-06-27 13:36:54,258 - DEBUG    - [22859] - MainThread - boto3.resources.factory - factory:load_from_definition - 65: Loading dynamodb:Table[0m
[0m2025-06-27 13:36:54,258 - DEBUG    - [22859] - MainThread - botocore.hooks - hooks:_emit - 238: Event creating-resource-class.dynamodb.Table: calling handler <function lazy_call.<locals>._handler at 0x11cf50b80>[0m
[0m2025-06-27 13:36:54,258 - DEBUG    - [22859] - MainThread - botocore.hooks - hooks:_emit - 238: Event creating-resource-class.dynamodb.Table: calling handler <function lazy_call.<locals>._handler at 0x11cf50ae0>[0m
