[0m2025-06-18 09:26:30,335 - DEBUG    - [16112] - MainThread - urllib3.connectionpool - connectionpool:_new_conn - 1049: Starting new HTTPS connection (1): public.fyers.in:443[0m
[0m2025-06-18 09:26:30,572 - DEBUG    - [16112] - MainThread - urllib3.connectionpool - connectionpool:_make_request - 544: https://public.fyers.in:443 "GET /sym_details/NSE_FO_sym_master.json HTTP/1.1" 200 None[0m
[0m2025-06-18 09:26:32,342 - DEBUG    - [16112] - MainThread - urllib3.connectionpool - connectionpool:_new_conn - 1049: Starting new HTTPS connection (1): public.fyers.in:443[0m
[0m2025-06-18 09:26:32,638 - DEBUG    - [16112] - MainThread - urllib3.connectionpool - connectionpool:_make_request - 544: https://public.fyers.in:443 "GET /sym_details/BSE_FO_sym_master.json HTTP/1.1" 200 None[0m
[0m2025-06-18 09:26:32,823 - DEBUG    - [16112] - MainThread - urllib3.connectionpool - connectionpool:_new_conn - 1049: Starting new HTTPS connection (1): growwapi-assets.groww.in:443[0m
[0m2025-06-18 09:26:32,984 - DEBUG    - [16112] - MainThread - urllib3.connectionpool - connectionpool:_make_request - 544: https://growwapi-assets.groww.in:443 "GET /instruments/instrument.csv HTTP/1.1" 200 12527087[0m
[0m2025-06-18 09:26:34,826 - DEBUG    - [16112] - MainThread - root - main:main - 244: {'pricefeed_creds': {'user_id': 'MA2710', 'password': '26199493', 'totp_secret': 'ZKGG4OTQCZ2SXTZL3OHUYM3UCLDI2VKT', 'api_key': '5dugmd3zusa6lkuh', 'api_secret': '70ynllx2dcadud30mjcnkwnhyv1fhzi6'}, 'api': [{'provider': 'zerodha', 'fund_allocations': {'nifty': 40000, 'sensex': 40000}, 'creds': {'user_id': 'FMN939', 'api_key': '6tj7h9ko25oltcjw', 'password': 'Shan@@123', 'totp_secret': 'VP3AUYFEFUJBMEAUR2UUHCKYOUE6GNOI', 'api_secret': 'i782ku8bghagf0cefkoa5wglq4x23b71'}}, {'provider': 'GoPocket', 'fund_allocations': {'nifty': 0, 'sensex': 0}, 'creds': {'user_id': '', 'user_phone': '', 'app_code': '', 'app_secret': '', 'totp_secret': '', 'password': ''}}, {'provider': 'shoonya', 'fund_allocations': {'nifty': 20000, 'sensex': 20000}, 'creds': {'user_id': 'FN112899', 'api_key': 'aff71287f2faaaf125c28612c52814f8', 'password': 'Vanitha@@143', 'totp_secret': 'HL4U327A2A6I6677H355H4LZ44JH2J5N'}}, {'provider': 'shoonya', 'fund_allocations': {'nifty': 20000, 'sensex': 20000}, 'creds': {'user_id': 'FN123771', 'api_key': '6ae3f8dbab57e1cf95b5a0e5efb25b2c', 'password': 'Veda@@369', 'totp_secret': 'IIK3Y7552JCDFWAIY5OGHWB37PBWV257'}}, {'provider': 'shoonya', 'fund_allocations': {'nifty': 20000, 'sensex': 20000}, 'creds': {'user_id': '', 'api_key': '', 'password': '', 'totp_secret': ''}}, {'provider': 'shoonya', 'fund_allocations': {'nifty': 30000, 'sensex': 30000}, 'creds': {'user_id': '', 'api_key': '', 'password': '', 'totp_secret': ''}}, {'provider': 'shoonya', 'fund_allocations': {'nifty': 75000, 'sensex': 75000}, 'creds': {'user_id': '', 'api_key': '', 'password': '', 'totp_secret': ''}}, {'provider': 'shoonya', 'fund_allocations': {'nifty': 40000, 'sensex': 40000}, 'creds': {'user_id': '', 'api_key': '', 'password': '', 'totp_secret': ''}}, {'provider': 'shoonya', 'fund_allocations': {'nifty': 40000, 'sensex': 40000}, 'creds': {'user_id': '', 'api_key': '', 'password': '', 'totp_secret': ''}}, {'provider': 'groww', 'fund_allocations': {'banknifty': 15000, 'bankex': 20000}, 'creds': {'user_id': '', 'api_key': ''}}], 'strategy': {'strategy_end_time': '15:15:00', 'check_candle': 38, 'buffer_price_percentage': 2, 'strike_buffer_precentage': 0.15, 'stop_loss': 30, 'profit_target': 60, 'trailings': [{'profit_move': 25, 'stop_loss_move': 1}, {'profit_move': 40, 'stop_loss_move': 1.25}, {'profit_move': 49, 'stop_loss_move': 1.4}], 'fund_allocations': {'banknifty': 15000, 'bankex': 20000}}}[0m
[0m2025-06-18 09:26:34,826 - DEBUG    - [16112] - MainThread - urllib3.connectionpool - connectionpool:_new_conn - 1049: Starting new HTTPS connection (1): kite.zerodha.com:443[0m
[0m2025-06-18 09:26:35,023 - DEBUG    - [16112] - MainThread - urllib3.connectionpool - connectionpool:_make_request - 544: https://kite.zerodha.com:443 "POST /api/login HTTP/1.1" 200 None[0m
[0m2025-06-18 09:26:35,086 - DEBUG    - [16112] - MainThread - urllib3.connectionpool - connectionpool:_make_request - 544: https://kite.zerodha.com:443 "POST /api/twofa HTTP/1.1" 200 42[0m
[0m2025-06-18 09:26:35,134 - DEBUG    - [16112] - MainThread - urllib3.connectionpool - connectionpool:_make_request - 544: https://kite.zerodha.com:443 "GET /connect/login?v=3&api_key=5dugmd3zusa6lkuh HTTP/1.1" 302 0[0m
[0m2025-06-18 09:26:35,180 - DEBUG    - [16112] - MainThread - urllib3.connectionpool - connectionpool:_make_request - 544: https://kite.zerodha.com:443 "GET /connect/finish?api_key=5dugmd3zusa6lkuh&sess_id=4ePAR3f4ZpzqtPQMfUkQI7sxAmeUAoXn HTTP/1.1" 302 0[0m
[0m2025-06-18 09:26:35,180 - DEBUG    - [16112] - MainThread - urllib3.connectionpool - connectionpool:_new_conn - 1049: Starting new HTTPS connection (1): api.kite.trade:443[0m
[0m2025-06-18 09:26:35,355 - DEBUG    - [16112] - MainThread - urllib3.connectionpool - connectionpool:_make_request - 544: https://api.kite.trade:443 "POST /session/token HTTP/1.1" 200 None[0m
[0m2025-06-18 09:26:35,373 - DEBUG    - [16112] - MainThread - urllib3.connectionpool - connectionpool:_new_conn - 1049: Starting new HTTPS connection (1): kite.zerodha.com:443[0m
[0m2025-06-18 09:26:35,532 - INFO     - [16112] - Thread-1 (run) - pricefeed - pricefeed:on_connect - 45: Feed connected successfully.[0m
[0m2025-06-18 09:26:35,538 - INFO     - [16112] - Thread-1 (run) - pricefeed - pricefeed:subscribe - 82: Succesfully subscribed 3706 tokens.[0m
[0m2025-06-18 09:26:35,539 - INFO     - [16112] - Thread-1 (run) - pricefeed - pricefeed:on_connect - 52: pricefeed connected, <kiteconnect.ticker.KiteTicker object at 0x00000185A5E486B0>[0m
[0m2025-06-18 09:26:35,562 - DEBUG    - [16112] - MainThread - urllib3.connectionpool - connectionpool:_make_request - 544: https://kite.zerodha.com:443 "POST /api/login HTTP/1.1" 200 None[0m
[0m2025-06-18 09:26:35,610 - DEBUG    - [16112] - MainThread - urllib3.connectionpool - connectionpool:_make_request - 544: https://kite.zerodha.com:443 "POST /api/twofa HTTP/1.1" 200 42[0m
[0m2025-06-18 09:26:35,647 - DEBUG    - [16112] - MainThread - urllib3.connectionpool - connectionpool:_make_request - 544: https://kite.zerodha.com:443 "GET /connect/login?v=3&api_key=6tj7h9ko25oltcjw HTTP/1.1" 302 0[0m
[0m2025-06-18 09:26:35,706 - DEBUG    - [16112] - MainThread - urllib3.connectionpool - connectionpool:_make_request - 544: https://kite.zerodha.com:443 "GET /connect/finish?api_key=6tj7h9ko25oltcjw&sess_id=JcfyTfsRW5qPE3vsfHHWzQkh3T4Srigy HTTP/1.1" 302 0[0m
[0m2025-06-18 09:26:35,710 - DEBUG    - [16112] - MainThread - urllib3.connectionpool - connectionpool:_new_conn - 1049: Starting new HTTPS connection (1): api.kite.trade:443[0m
[0m2025-06-18 09:26:35,965 - DEBUG    - [16112] - MainThread - urllib3.connectionpool - connectionpool:_make_request - 544: https://api.kite.trade:443 "POST /session/token HTTP/1.1" 200 None[0m
[0m2025-06-18 09:26:35,965 - INFO     - [16112] - MainThread - oms - oms:zerodha_login - 189: Zerodha: FMN939 loggedin successfully.[0m
[0m2025-06-18 09:26:35,988 - DEBUG    - [16112] - MainThread - urllib3.connectionpool - connectionpool:_new_conn - 1049: Starting new HTTPS connection (1): web.gopocket.in:443[0m
[0m2025-06-18 09:26:36,174 - DEBUG    - [16112] - MainThread - urllib3.connectionpool - connectionpool:_make_request - 544: https://web.gopocket.in:443 "POST /am/access/client/verify HTTP/1.1" 200 None[0m
[1;41m2025-06-18 09:26:36,174 - CRITICAL - [16112] - MainThread - root - main:main - 279: Error while login in GOPOCKET, config: {'user_id': '', 'user_phone': '', 'app_code': '', 'app_secret': '', 'totp_secret': '', 'password': ''}[0m
[0m2025-06-18 09:26:36,174 - DEBUG    - [16112] - MainThread - root - main:main - 280: Error while login in GOPOCKET
Traceback (most recent call last):
  File "E:\Multiple User On Thread\main.py", line 273, in main
    gopocket_login(strategy.api)
  File "E:\Multiple User On Thread\oms.py", line 286, in gopocket_login
    raise Exception(user_id_response.text)
Exception: {"status":"Not ok","message":"Invalid Parameter","result":[]}[0m
[0m2025-06-18 09:26:36,174 - DEBUG    - [16112] - MainThread - oms - oms:shoonya_login - 219: Shoonya login payload: jData={"apkversion": "1.0.0", "uid": "FN112899", "pwd": "29ad2d49d56407bc0ed86af8d0c6d34b6cf8ec71918554ded81d5d311f7a2f2c", "factor2": "247252", "vc": "FN112899_U", "appkey": "fa37482711d00d8f2134695eea8941ede3013550c53fcfa4b764c815a288e319", "imei": "abc1234", "source": "API"}[0m
[0m2025-06-18 09:26:36,174 - DEBUG    - [16112] - MainThread - urllib3.connectionpool - connectionpool:_new_conn - 1049: Starting new HTTPS connection (1): api.shoonya.com:443[0m
[0m2025-06-18 09:26:36,377 - DEBUG    - [16112] - MainThread - urllib3.connectionpool - connectionpool:_make_request - 544: https://api.shoonya.com:443 "POST /NorenWClientTP/QuickAuth HTTP/1.1" 200 3816[0m
[0m2025-06-18 09:26:36,393 - DEBUG    - [16112] - MainThread - oms - oms:shoonya_login - 221: Shoonya login response: {"request_time":"09:26:35 18-06-2025","actid":"FN112899","access_type":["WEB","MOB","TT","API"],"uname":"Vinod Batta","prarr":[{"prd":"C","s_prdt_ali":"CNC","exch":["NSE","BSE","NIPO","BSTAR"]},{"prd":"M","s_prdt_ali":"NRML","exch":["NFO","BFO"]},{"prd":"I","s_prdt_ali":"MIS","exch":["NSE","BSE","NFO","BFO"]},{"prd":"H","s_prdt_ali":"CO","exch":["NSE","NFO","BSE"]},{"prd":"B","s_prdt_ali":"BO","exch":["NSE","NFO","BSE"]}],"exch_prd":[{"exch":"NSE","prds":["C","I","H","B"]},{"exch":"NIPO","prds":["C"]},{"exch":"BSE","prds":["C","I","H","B"]},{"exch":"BSTAR","prds":["C"]},{"exch":"NFO","prds":["M","I","H","B"]},{"exch":"BFO","prds":["M","I"]}],"stat":"Ok","susertoken":"5240cab299c43871c8769d02bbb4f13cdbb5e5b849bc2c88c74466f1064e9c7c","susertokenspl":"b283a40f4a3fb1499add2fd79fc830d593f0ee37c45fd3c9c15d2e8b47cb8955","email":"bhatta.vinod.b@gmail.com","uid":"FN112899","brnchid":"HO","totp_set":"1","m_num":"9030630427","orarr":["MKT","LMT","SL-LMT","SL-MKT"],"exarr":["NSE","NIPO","BSE","BSTAR","NFO","BFO"],"values":["1"],"mws":{"1":[{"exch":"NFO","token":"51001","tsym":"NIFTY19JUN25C24800","weekly":"W3","cname":"NIFTY 19JUN25 24800 CE ","dname":"NIFTY 19JUN25 24800 CE ","instname":"OPTIDX","pp":"2","ls":"75","ti":"0.05","optt":"CE"},{"exch":"NFO","token":"69056","tsym":"ASIANPAINT26JUN25P2320","cname":"ASIANPAINT JUN 2320 PE ","dname":"ASIANPAINT JUN 2320 PE ","instname":"OPTSTK","pp":"2","ls":"200","ti":"0.05","optt":"PE"},{"exch":"NFO","token":"104643","tsym":"INDIGO26JUN25P5400","cname":"INDIGO JUN 5400 PE ","dname":"INDIGO JUN 5400 PE ","instname":"OPTSTK","pp":"2","ls":"150","ti":"0.05","optt":"PE"},{"exch":"NFO","token":"133757","tsym":"ULTRACEMCO26JUN25P11700","cname":"ULTRACEMCO JUN 11700 PE ","dname":"ULTRACEMCO JUN 11700 PE ","instname":"OPTSTK","pp":"2","ls":"50","ti":"0.05","optt":"PE"},{"exch":"NFO","token":"50937","tsym":"MCX26JUN25C7800","cname":"MCX JUN 7800 CE ","dname":"MCX JUN 7800 CE ","instname":"OPTSTK","pp":"2","ls":"100","ti":"0.05","optt":"CE"},{"exch":"NFO","token":"101261","tsym":"INDHOTEL26JUN25C710","cname":"INDHOTEL JUN 710 CE ","dname":"INDHOTEL JUN 710 CE ","instname":"OPTSTK","pp":"2","ls":"1000","ti":"0.05","optt":"CE"},{"exch":"NFO","token":"51000","tsym":"NIFTY19JUN25P24750","weekly":"W3","cname":"NIFTY 19JUN25 24750 PE ","dname":"NIFTY 19JUN25 24750 PE ","instname":"OPTIDX","pp":"2","ls":"75","ti":"0.05","optt":"PE"},{"exch":"NFO","token":"62386","tsym":"NIFTY26JUN25P24750","cname":"NIFTY 26JUN25 24750 PE ","dname":"NIFTY 26JUN25 24750 PE ","instname":"OPTIDX","pp":"2","ls":"75","ti":"0.05","optt":"PE"},{"exch":"NFO","token":"51002","tsym":"NIFTY19JUN25P24800","weekly":"W3","cname":"NIFTY 19JUN25 24800 PE ","dname":"NIFTY 19JUN25 24800 PE ","instname":"OPTIDX","pp":"2","ls":"75","ti":"0.05","optt":"PE"},{"exch":"NFO","token":"50990","tsym":"NIFTY19JUN25P24500","weekly":"W3","cname":"NIFTY 19JUN25 24500 PE ","dname":"NIFTY 19JUN25 24500 PE ","instname":"OPTIDX","pp":"2","ls":"75","ti":"0.05","optt":"PE"},{"exch":"NFO","token":"50989","tsym":"NIFTY19JUN25C24500","weekly":"W3","cname":"NIFTY 19JUN25 24500 CE ","dname":"NIFTY 19JUN25 24500 CE ","instname":"OPTIDX","pp":"2","ls":"75","ti":"0.05","optt":"CE"},{"exch":"NFO","token":"139789","tsym":"SRF26JUN25C3100","cname":"SRF JUN 3100 CE ","dname":"SRF JUN 3100 CE ","instname":"OPTSTK","pp":"2","ls":"375","ti":"0.05","optt":"CE"},{"exch":"NFO","token":"118437","tsym":"MAZDOCK26JUN25P3400","cname":"MAZDOCK JUN 3400 PE ","dname":"MAZDOCK JUN 3400 PE ","instname":"OPTSTK","pp":"2","ls":"175","ti":"0.05","optt":"PE"},{"exch":"NFO","token":"112150","tsym":"M&M26JUN25C3050","cname":"M&M JUN 3050 CE ","dname":"M&M JUN 3050 CE ","instname":"OPTSTK","pp":"2","ls":"175","ti":"0.05","optt":"CE"}]},"brkname":"FINV","dmsg":"","lastaccesstime":"1750218995","lastpwdtime":"1749612427"}[0m
[0m2025-06-18 09:26:36,393 - INFO     - [16112] - MainThread - oms - oms:shoonya_login - 224: Shoonya: FN112899 loggedin successfully.[0m
[0m2025-06-18 09:26:36,393 - DEBUG    - [16112] - MainThread - oms - oms:shoonya_login - 219: Shoonya login payload: jData={"apkversion": "1.0.0", "uid": "FN123771", "pwd": "32f4ae19f03a21aebd6d2d1e18e8d0ac63792d31db3b4f8cfe2cd61b22daa08b", "factor2": "639924", "vc": "FN123771_U", "appkey": "5fbd25f598496e558b6618b9146aa59e9ce8654755bd05f1a5fecbac6b871e82", "imei": "abc1234", "source": "API"}[0m
[0m2025-06-18 09:26:36,393 - DEBUG    - [16112] - MainThread - urllib3.connectionpool - connectionpool:_new_conn - 1049: Starting new HTTPS connection (1): api.shoonya.com:443[0m
[0m2025-06-18 09:26:36,572 - DEBUG    - [16112] - MainThread - urllib3.connectionpool - connectionpool:_make_request - 544: https://api.shoonya.com:443 "POST /NorenWClientTP/QuickAuth HTTP/1.1" 200 1588[0m
[0m2025-06-18 09:26:36,572 - DEBUG    - [16112] - MainThread - oms - oms:shoonya_login - 221: Shoonya login response: {"request_time":"09:26:35 18-06-2025","actid":"FN123771","access_type":["WEB","TT","MOB","API"],"uname":"JYOTSNA SUNITHA NAGIREDDY","prarr":[{"prd":"C","s_prdt_ali":"CNC","exch":["NSE","BSE","NIPO","BSTAR"]},{"prd":"M","s_prdt_ali":"NRML","exch":["NFO","BFO"]},{"prd":"I","s_prdt_ali":"MIS","exch":["NSE","BSE","NFO","BFO"]},{"prd":"H","s_prdt_ali":"CO","exch":["NSE","NFO","BSE"]},{"prd":"B","s_prdt_ali":"BO","exch":["NSE","NFO","BSE"]}],"exch_prd":[{"exch":"NSE","prds":["C","I","H","B"]},{"exch":"NIPO","prds":["C"]},{"exch":"BSE","prds":["C","I","H","B"]},{"exch":"BSTAR","prds":["C"]},{"exch":"NFO","prds":["M","I","H","B"]},{"exch":"BFO","prds":["M","I"]}],"stat":"Ok","susertoken":"c41accd27319a10256d4616f6727e59cebf211d21418b1df4d6146ac223f5113","susertokenspl":"431169c3c4fac8424d64bf5a4477836b83275dfdcc48d6cd975aecabb28bc595","email":"bruwguholdings@gmail.com","uid":"FN123771","brnchid":"HO","totp_set":"1","m_num":"7013602459","orarr":["MKT","LMT","SL-LMT","SL-MKT"],"exarr":["NSE","NIPO","BSE","BSTAR","NFO","BFO"],"values":["1"],"mws":{"1":[{"exch":"NFO","token":"50989","tsym":"NIFTY19JUN25C24500","weekly":"W3","cname":"NIFTY 19JUN25 24500 CE ","dname":"NIFTY 19JUN25 24500 CE ","instname":"OPTIDX","pp":"2","ls":"75","ti":"0.05","optt":"CE"},{"exch":"BSE","token":"1","tsym":"SENSEX","cname":"BSE SENSEX","instname":"UNDIND","pp":"2","ls":"1","ti":"0.05","nontrd":"1"},{"exch":"BSE","token":"507685","tsym":"WIPRO","cname":"WIPRO LTD.","instname":"A","pp":"2","ls":"1","ti":"0.05"}]},"brkname":"FINV","dmsg":"","lastaccesstime":"1750218995","lastpwdtime":"1745327683"}[0m
[0m2025-06-18 09:26:36,572 - INFO     - [16112] - MainThread - oms - oms:shoonya_login - 224: Shoonya: FN123771 loggedin successfully.[0m
[0m2025-06-18 09:26:36,572 - DEBUG    - [16112] - MainThread - oms - oms:shoonya_login - 219: Shoonya login payload: jData={"apkversion": "1.0.0", "uid": "", "pwd": "e3b0c44298fc1c149afbf4c8996fb92427ae41e4649b934ca495991b7852b855", "factor2": "673218", "vc": "_U", "appkey": "cbe5cfdf7c2118a9c3d78ef1d684f3afa089201352886449a06a6511cfef74a7", "imei": "abc1234", "source": "API"}[0m
[0m2025-06-18 09:26:36,572 - DEBUG    - [16112] - MainThread - urllib3.connectionpool - connectionpool:_new_conn - 1049: Starting new HTTPS connection (1): api.shoonya.com:443[0m
[0m2025-06-18 09:26:36,772 - DEBUG    - [16112] - MainThread - urllib3.connectionpool - connectionpool:_make_request - 544: https://api.shoonya.com:443 "POST /NorenWClientTP/QuickAuth HTTP/1.1" 400 63[0m
[0m2025-06-18 09:26:36,772 - DEBUG    - [16112] - MainThread - oms - oms:shoonya_login - 221: Shoonya login response: {"stat":"Not_Ok","emsg":"Invalid Input :  Invalid Vendor code"}[0m
[1;41m2025-06-18 09:26:36,772 - CRITICAL - [16112] - MainThread - root - main:main - 279: Error while login in SHOONYA, config: {'user_id': '', 'api_key': '', 'password': '', 'totp_secret': ''}[0m
[0m2025-06-18 09:26:36,772 - DEBUG    - [16112] - MainThread - root - main:main - 280: Error while login in SHOONYA
Traceback (most recent call last):
  File "E:\Multiple User On Thread\main.py", line 264, in main
    shoonya_login(strategy.api)
  File "E:\Multiple User On Thread\oms.py", line 226, in shoonya_login
    raise Exception("Not Ok")
Exception: Not Ok[0m
[0m2025-06-18 09:26:36,772 - DEBUG    - [16112] - MainThread - oms - oms:shoonya_login - 219: Shoonya login payload: jData={"apkversion": "1.0.0", "uid": "", "pwd": "e3b0c44298fc1c149afbf4c8996fb92427ae41e4649b934ca495991b7852b855", "factor2": "673218", "vc": "_U", "appkey": "cbe5cfdf7c2118a9c3d78ef1d684f3afa089201352886449a06a6511cfef74a7", "imei": "abc1234", "source": "API"}[0m
[0m2025-06-18 09:26:36,772 - DEBUG    - [16112] - MainThread - urllib3.connectionpool - connectionpool:_new_conn - 1049: Starting new HTTPS connection (1): api.shoonya.com:443[0m
[0m2025-06-18 09:26:36,955 - DEBUG    - [16112] - MainThread - urllib3.connectionpool - connectionpool:_make_request - 544: https://api.shoonya.com:443 "POST /NorenWClientTP/QuickAuth HTTP/1.1" 400 63[0m
[0m2025-06-18 09:26:36,955 - DEBUG    - [16112] - MainThread - oms - oms:shoonya_login - 221: Shoonya login response: {"stat":"Not_Ok","emsg":"Invalid Input :  Invalid Vendor code"}[0m
[1;41m2025-06-18 09:26:36,955 - CRITICAL - [16112] - MainThread - root - main:main - 279: Error while login in SHOONYA, config: {'user_id': '', 'api_key': '', 'password': '', 'totp_secret': ''}[0m
[0m2025-06-18 09:26:36,955 - DEBUG    - [16112] - MainThread - root - main:main - 280: Error while login in SHOONYA
Traceback (most recent call last):
  File "E:\Multiple User On Thread\main.py", line 264, in main
    shoonya_login(strategy.api)
  File "E:\Multiple User On Thread\oms.py", line 226, in shoonya_login
    raise Exception("Not Ok")
Exception: Not Ok[0m
[0m2025-06-18 09:26:36,970 - DEBUG    - [16112] - MainThread - oms - oms:shoonya_login - 219: Shoonya login payload: jData={"apkversion": "1.0.0", "uid": "", "pwd": "e3b0c44298fc1c149afbf4c8996fb92427ae41e4649b934ca495991b7852b855", "factor2": "673218", "vc": "_U", "appkey": "cbe5cfdf7c2118a9c3d78ef1d684f3afa089201352886449a06a6511cfef74a7", "imei": "abc1234", "source": "API"}[0m
[0m2025-06-18 09:26:36,972 - DEBUG    - [16112] - MainThread - urllib3.connectionpool - connectionpool:_new_conn - 1049: Starting new HTTPS connection (1): api.shoonya.com:443[0m
[0m2025-06-18 09:26:37,155 - DEBUG    - [16112] - MainThread - urllib3.connectionpool - connectionpool:_make_request - 544: https://api.shoonya.com:443 "POST /NorenWClientTP/QuickAuth HTTP/1.1" 400 63[0m
[0m2025-06-18 09:26:37,155 - DEBUG    - [16112] - MainThread - oms - oms:shoonya_login - 221: Shoonya login response: {"stat":"Not_Ok","emsg":"Invalid Input :  Invalid Vendor code"}[0m
[1;41m2025-06-18 09:26:37,155 - CRITICAL - [16112] - MainThread - root - main:main - 279: Error while login in SHOONYA, config: {'user_id': '', 'api_key': '', 'password': '', 'totp_secret': ''}[0m
[0m2025-06-18 09:26:37,155 - DEBUG    - [16112] - MainThread - root - main:main - 280: Error while login in SHOONYA
Traceback (most recent call last):
  File "E:\Multiple User On Thread\main.py", line 264, in main
    shoonya_login(strategy.api)
  File "E:\Multiple User On Thread\oms.py", line 226, in shoonya_login
    raise Exception("Not Ok")
Exception: Not Ok[0m
[0m2025-06-18 09:26:37,155 - DEBUG    - [16112] - MainThread - oms - oms:shoonya_login - 219: Shoonya login payload: jData={"apkversion": "1.0.0", "uid": "", "pwd": "e3b0c44298fc1c149afbf4c8996fb92427ae41e4649b934ca495991b7852b855", "factor2": "673218", "vc": "_U", "appkey": "cbe5cfdf7c2118a9c3d78ef1d684f3afa089201352886449a06a6511cfef74a7", "imei": "abc1234", "source": "API"}[0m
[0m2025-06-18 09:26:37,155 - DEBUG    - [16112] - MainThread - urllib3.connectionpool - connectionpool:_new_conn - 1049: Starting new HTTPS connection (1): api.shoonya.com:443[0m
[0m2025-06-18 09:26:37,355 - DEBUG    - [16112] - MainThread - urllib3.connectionpool - connectionpool:_make_request - 544: https://api.shoonya.com:443 "POST /NorenWClientTP/QuickAuth HTTP/1.1" 400 63[0m
[0m2025-06-18 09:26:37,355 - DEBUG    - [16112] - MainThread - oms - oms:shoonya_login - 221: Shoonya login response: {"stat":"Not_Ok","emsg":"Invalid Input :  Invalid Vendor code"}[0m
[1;41m2025-06-18 09:26:37,355 - CRITICAL - [16112] - MainThread - root - main:main - 279: Error while login in SHOONYA, config: {'user_id': '', 'api_key': '', 'password': '', 'totp_secret': ''}[0m
[0m2025-06-18 09:26:37,355 - DEBUG    - [16112] - MainThread - root - main:main - 280: Error while login in SHOONYA
Traceback (most recent call last):
  File "E:\Multiple User On Thread\main.py", line 264, in main
    shoonya_login(strategy.api)
  File "E:\Multiple User On Thread\oms.py", line 226, in shoonya_login
    raise Exception("Not Ok")
Exception: Not Ok[0m
[0m2025-06-18 09:26:37,367 - DEBUG    - [16112] - MainThread - oms - oms:shoonya_login - 219: Shoonya login payload: jData={"apkversion": "1.0.0", "uid": "", "pwd": "e3b0c44298fc1c149afbf4c8996fb92427ae41e4649b934ca495991b7852b855", "factor2": "673218", "vc": "_U", "appkey": "cbe5cfdf7c2118a9c3d78ef1d684f3afa089201352886449a06a6511cfef74a7", "imei": "abc1234", "source": "API"}[0m
[0m2025-06-18 09:26:37,367 - DEBUG    - [16112] - MainThread - urllib3.connectionpool - connectionpool:_new_conn - 1049: Starting new HTTPS connection (1): api.shoonya.com:443[0m
[0m2025-06-18 09:26:37,554 - DEBUG    - [16112] - MainThread - urllib3.connectionpool - connectionpool:_make_request - 544: https://api.shoonya.com:443 "POST /NorenWClientTP/QuickAuth HTTP/1.1" 400 63[0m
[0m2025-06-18 09:26:37,554 - DEBUG    - [16112] - MainThread - oms - oms:shoonya_login - 221: Shoonya login response: {"stat":"Not_Ok","emsg":"Invalid Input :  Invalid Vendor code"}[0m
[1;41m2025-06-18 09:26:37,554 - CRITICAL - [16112] - MainThread - root - main:main - 279: Error while login in SHOONYA, config: {'user_id': '', 'api_key': '', 'password': '', 'totp_secret': ''}[0m
[0m2025-06-18 09:26:37,554 - DEBUG    - [16112] - MainThread - root - main:main - 280: Error while login in SHOONYA
Traceback (most recent call last):
  File "E:\Multiple User On Thread\main.py", line 264, in main
    shoonya_login(strategy.api)
  File "E:\Multiple User On Thread\oms.py", line 226, in shoonya_login
    raise Exception("Not Ok")
Exception: Not Ok[0m
[0m2025-06-18 09:26:37,554 - DEBUG    - [16112] - MainThread - urllib3.connectionpool - connectionpool:_new_conn - 1049: Starting new HTTPS connection (1): api.groww.in:443[0m
[0m2025-06-18 09:26:37,759 - DEBUG    - [16112] - MainThread - urllib3.connectionpool - connectionpool:_make_request - 544: https://api.groww.in:443 "GET /v1/order/list HTTP/1.1" 401 97[0m
[1;41m2025-06-18 09:26:37,768 - CRITICAL - [16112] - MainThread - root - main:main - 279: Error while login in GROWW, config: {'user_id': '', 'api_key': ''}[0m
[0m2025-06-18 09:26:37,768 - DEBUG    - [16112] - MainThread - root - main:main - 280: Error while login in GROWW
Traceback (most recent call last):
  File "E:\Multiple User On Thread\main.py", line 270, in main
    groww_login(strategy.api)
  File "E:\Multiple User On Thread\oms.py", line 264, in groww_login
    groww_get_orderbook(api)
  File "E:\Multiple User On Thread\oms.py", line 680, in groww_get_orderbook
    raise Exception(error_message)
Exception: {"status":"FAILURE","error":{"code":"401","message":"Missing token in request.","metadata":null}}[0m
[0m2025-06-18 09:26:37,771 - INFO     - [16112] - MainThread - root - main:main - 285: ========= Next check-time: 09:38:00 =========[0m
[0m2025-06-18 09:26:37,771 - DEBUG    - [16112] - MainThread - urllib3.connectionpool - connectionpool:_new_conn - 1049: Starting new HTTPS connection (1): api.kite.trade:443[0m
[0m2025-06-18 09:26:37,956 - DEBUG    - [16112] - MainThread - urllib3.connectionpool - connectionpool:_make_request - 544: https://api.kite.trade:443 "GET /orders HTTP/1.1" 200 30[0m
[0m2025-06-18 09:26:37,966 - DEBUG    - [16112] - MainThread - oms - oms:finvasia_get_orderbook - 472: Payload: jData= {"uid": "FN112899"}&jKey=5240cab299c43871c8769d02bbb4f13cdbb5e5b849bc2c88c74466f1064e9c7c[0m
[0m2025-06-18 09:26:37,966 - DEBUG    - [16112] - MainThread - urllib3.connectionpool - connectionpool:_new_conn - 1049: Starting new HTTPS connection (1): api.shoonya.com:443[0m
[0m2025-06-18 09:26:38,179 - DEBUG    - [16112] - MainThread - urllib3.connectionpool - connectionpool:_make_request - 544: https://api.shoonya.com:443 "POST /NorenWClientTP/OrderBook HTTP/1.1" 200 94[0m
[0m2025-06-18 09:26:38,179 - DEBUG    - [16112] - MainThread - oms - oms:finvasia_get_orderbook - 472: Payload: jData= {"uid": "FN123771"}&jKey=c41accd27319a10256d4616f6727e59cebf211d21418b1df4d6146ac223f5113[0m
[0m2025-06-18 09:26:38,179 - DEBUG    - [16112] - MainThread - urllib3.connectionpool - connectionpool:_new_conn - 1049: Starting new HTTPS connection (1): api.shoonya.com:443[0m
[0m2025-06-18 09:26:38,376 - DEBUG    - [16112] - MainThread - urllib3.connectionpool - connectionpool:_make_request - 544: https://api.shoonya.com:443 "POST /NorenWClientTP/OrderBook HTTP/1.1" 200 94[0m
[0m2025-06-18 09:26:43,026 - DEBUG    - [16112] - MainThread - urllib3.connectionpool - connectionpool:_new_conn - 1049: Starting new HTTPS connection (1): api.kite.trade:443[0m
[0m2025-06-18 09:26:43,223 - DEBUG    - [16112] - MainThread - urllib3.connectionpool - connectionpool:_make_request - 544: https://api.kite.trade:443 "GET /orders HTTP/1.1" 200 30[0m
[0m2025-06-18 09:26:43,223 - DEBUG    - [16112] - MainThread - oms - oms:finvasia_get_orderbook - 472: Payload: jData= {"uid": "FN112899"}&jKey=5240cab299c43871c8769d02bbb4f13cdbb5e5b849bc2c88c74466f1064e9c7c[0m
[0m2025-06-18 09:26:43,223 - DEBUG    - [16112] - MainThread - urllib3.connectionpool - connectionpool:_new_conn - 1049: Starting new HTTPS connection (1): api.shoonya.com:443[0m
[0m2025-06-18 09:26:43,416 - DEBUG    - [16112] - MainThread - urllib3.connectionpool - connectionpool:_make_request - 544: https://api.shoonya.com:443 "POST /NorenWClientTP/OrderBook HTTP/1.1" 200 94[0m
[0m2025-06-18 09:26:43,416 - DEBUG    - [16112] - MainThread - oms - oms:finvasia_get_orderbook - 472: Payload: jData= {"uid": "FN123771"}&jKey=c41accd27319a10256d4616f6727e59cebf211d21418b1df4d6146ac223f5113[0m
[0m2025-06-18 09:26:43,416 - DEBUG    - [16112] - MainThread - urllib3.connectionpool - connectionpool:_new_conn - 1049: Starting new HTTPS connection (1): api.shoonya.com:443[0m
[0m2025-06-18 09:26:43,624 - DEBUG    - [16112] - MainThread - urllib3.connectionpool - connectionpool:_make_request - 544: https://api.shoonya.com:443 "POST /NorenWClientTP/OrderBook HTTP/1.1" 200 94[0m
[0m2025-06-18 09:26:48,286 - DEBUG    - [16112] - MainThread - urllib3.connectionpool - connectionpool:_new_conn - 1049: Starting new HTTPS connection (1): api.kite.trade:443[0m
[0m2025-06-18 09:26:48,473 - DEBUG    - [16112] - MainThread - urllib3.connectionpool - connectionpool:_make_request - 544: https://api.kite.trade:443 "GET /orders HTTP/1.1" 200 30[0m
[0m2025-06-18 09:26:48,487 - DEBUG    - [16112] - MainThread - oms - oms:finvasia_get_orderbook - 472: Payload: jData= {"uid": "FN112899"}&jKey=5240cab299c43871c8769d02bbb4f13cdbb5e5b849bc2c88c74466f1064e9c7c[0m
[0m2025-06-18 09:26:48,487 - DEBUG    - [16112] - MainThread - urllib3.connectionpool - connectionpool:_new_conn - 1049: Starting new HTTPS connection (1): api.shoonya.com:443[0m
[0m2025-06-18 09:26:48,678 - DEBUG    - [16112] - MainThread - urllib3.connectionpool - connectionpool:_make_request - 544: https://api.shoonya.com:443 "POST /NorenWClientTP/OrderBook HTTP/1.1" 200 94[0m
[0m2025-06-18 09:26:48,678 - DEBUG    - [16112] - MainThread - oms - oms:finvasia_get_orderbook - 472: Payload: jData= {"uid": "FN123771"}&jKey=c41accd27319a10256d4616f6727e59cebf211d21418b1df4d6146ac223f5113[0m
[0m2025-06-18 09:26:48,678 - DEBUG    - [16112] - MainThread - urllib3.connectionpool - connectionpool:_new_conn - 1049: Starting new HTTPS connection (1): api.shoonya.com:443[0m
[0m2025-06-18 09:26:48,912 - DEBUG    - [16112] - MainThread - urllib3.connectionpool - connectionpool:_make_request - 544: https://api.shoonya.com:443 "POST /NorenWClientTP/OrderBook HTTP/1.1" 200 94[0m
[0m2025-06-18 09:26:53,536 - DEBUG    - [16112] - MainThread - urllib3.connectionpool - connectionpool:_new_conn - 1049: Starting new HTTPS connection (1): api.kite.trade:443[0m
[0m2025-06-18 09:26:53,730 - DEBUG    - [16112] - MainThread - urllib3.connectionpool - connectionpool:_make_request - 544: https://api.kite.trade:443 "GET /orders HTTP/1.1" 200 30[0m
[0m2025-06-18 09:26:53,733 - DEBUG    - [16112] - MainThread - oms - oms:finvasia_get_orderbook - 472: Payload: jData= {"uid": "FN112899"}&jKey=5240cab299c43871c8769d02bbb4f13cdbb5e5b849bc2c88c74466f1064e9c7c[0m
[0m2025-06-18 09:26:53,734 - DEBUG    - [16112] - MainThread - urllib3.connectionpool - connectionpool:_new_conn - 1049: Starting new HTTPS connection (1): api.shoonya.com:443[0m
[0m2025-06-18 09:26:53,939 - DEBUG    - [16112] - MainThread - urllib3.connectionpool - connectionpool:_make_request - 544: https://api.shoonya.com:443 "POST /NorenWClientTP/OrderBook HTTP/1.1" 200 94[0m
[0m2025-06-18 09:26:53,939 - DEBUG    - [16112] - MainThread - oms - oms:finvasia_get_orderbook - 472: Payload: jData= {"uid": "FN123771"}&jKey=c41accd27319a10256d4616f6727e59cebf211d21418b1df4d6146ac223f5113[0m
[0m2025-06-18 09:26:53,939 - DEBUG    - [16112] - MainThread - urllib3.connectionpool - connectionpool:_new_conn - 1049: Starting new HTTPS connection (1): api.shoonya.com:443[0m
[0m2025-06-18 09:26:54,122 - DEBUG    - [16112] - MainThread - urllib3.connectionpool - connectionpool:_make_request - 544: https://api.shoonya.com:443 "POST /NorenWClientTP/OrderBook HTTP/1.1" 200 94[0m
[0m2025-06-18 09:26:58,783 - DEBUG    - [16112] - MainThread - urllib3.connectionpool - connectionpool:_new_conn - 1049: Starting new HTTPS connection (1): api.kite.trade:443[0m
[0m2025-06-18 09:26:58,994 - DEBUG    - [16112] - MainThread - urllib3.connectionpool - connectionpool:_make_request - 544: https://api.kite.trade:443 "GET /orders HTTP/1.1" 200 30[0m
[0m2025-06-18 09:26:58,994 - DEBUG    - [16112] - MainThread - oms - oms:finvasia_get_orderbook - 472: Payload: jData= {"uid": "FN112899"}&jKey=5240cab299c43871c8769d02bbb4f13cdbb5e5b849bc2c88c74466f1064e9c7c[0m
[0m2025-06-18 09:26:58,994 - DEBUG    - [16112] - MainThread - urllib3.connectionpool - connectionpool:_new_conn - 1049: Starting new HTTPS connection (1): api.shoonya.com:443[0m
[0m2025-06-18 09:26:59,193 - DEBUG    - [16112] - MainThread - urllib3.connectionpool - connectionpool:_make_request - 544: https://api.shoonya.com:443 "POST /NorenWClientTP/OrderBook HTTP/1.1" 200 94[0m
[0m2025-06-18 09:26:59,193 - DEBUG    - [16112] - MainThread - oms - oms:finvasia_get_orderbook - 472: Payload: jData= {"uid": "FN123771"}&jKey=c41accd27319a10256d4616f6727e59cebf211d21418b1df4d6146ac223f5113[0m
[0m2025-06-18 09:26:59,201 - DEBUG    - [16112] - MainThread - urllib3.connectionpool - connectionpool:_new_conn - 1049: Starting new HTTPS connection (1): api.shoonya.com:443[0m
[0m2025-06-18 09:26:59,393 - DEBUG    - [16112] - MainThread - urllib3.connectionpool - connectionpool:_make_request - 544: https://api.shoonya.com:443 "POST /NorenWClientTP/OrderBook HTTP/1.1" 200 94[0m
[0m2025-06-18 09:27:04,032 - DEBUG    - [16112] - MainThread - urllib3.connectionpool - connectionpool:_new_conn - 1049: Starting new HTTPS connection (1): api.kite.trade:443[0m
[0m2025-06-18 09:27:04,213 - DEBUG    - [16112] - MainThread - urllib3.connectionpool - connectionpool:_make_request - 544: https://api.kite.trade:443 "GET /orders HTTP/1.1" 200 30[0m
[0m2025-06-18 09:27:04,215 - DEBUG    - [16112] - MainThread - oms - oms:finvasia_get_orderbook - 472: Payload: jData= {"uid": "FN112899"}&jKey=5240cab299c43871c8769d02bbb4f13cdbb5e5b849bc2c88c74466f1064e9c7c[0m
[0m2025-06-18 09:27:04,215 - DEBUG    - [16112] - MainThread - urllib3.connectionpool - connectionpool:_new_conn - 1049: Starting new HTTPS connection (1): api.shoonya.com:443[0m
[0m2025-06-18 09:27:04,397 - DEBUG    - [16112] - MainThread - urllib3.connectionpool - connectionpool:_make_request - 544: https://api.shoonya.com:443 "POST /NorenWClientTP/OrderBook HTTP/1.1" 200 94[0m
[0m2025-06-18 09:27:04,397 - DEBUG    - [16112] - MainThread - oms - oms:finvasia_get_orderbook - 472: Payload: jData= {"uid": "FN123771"}&jKey=c41accd27319a10256d4616f6727e59cebf211d21418b1df4d6146ac223f5113[0m
[0m2025-06-18 09:27:04,397 - DEBUG    - [16112] - MainThread - urllib3.connectionpool - connectionpool:_new_conn - 1049: Starting new HTTPS connection (1): api.shoonya.com:443[0m
[0m2025-06-18 09:27:04,627 - DEBUG    - [16112] - MainThread - urllib3.connectionpool - connectionpool:_make_request - 544: https://api.shoonya.com:443 "POST /NorenWClientTP/OrderBook HTTP/1.1" 200 94[0m
[0m2025-06-18 09:27:09,319 - DEBUG    - [16112] - MainThread - urllib3.connectionpool - connectionpool:_new_conn - 1049: Starting new HTTPS connection (1): api.kite.trade:443[0m
[0m2025-06-18 09:27:09,626 - DEBUG    - [16112] - MainThread - urllib3.connectionpool - connectionpool:_make_request - 544: https://api.kite.trade:443 "GET /orders HTTP/1.1" 200 30[0m
[0m2025-06-18 09:27:09,626 - DEBUG    - [16112] - MainThread - oms - oms:finvasia_get_orderbook - 472: Payload: jData= {"uid": "FN112899"}&jKey=5240cab299c43871c8769d02bbb4f13cdbb5e5b849bc2c88c74466f1064e9c7c[0m
[0m2025-06-18 09:27:09,626 - DEBUG    - [16112] - MainThread - urllib3.connectionpool - connectionpool:_new_conn - 1049: Starting new HTTPS connection (1): api.shoonya.com:443[0m
[0m2025-06-18 09:27:09,920 - DEBUG    - [16112] - MainThread - urllib3.connectionpool - connectionpool:_make_request - 544: https://api.shoonya.com:443 "POST /NorenWClientTP/OrderBook HTTP/1.1" 200 94[0m
[0m2025-06-18 09:27:09,935 - DEBUG    - [16112] - MainThread - oms - oms:finvasia_get_orderbook - 472: Payload: jData= {"uid": "FN123771"}&jKey=c41accd27319a10256d4616f6727e59cebf211d21418b1df4d6146ac223f5113[0m
[0m2025-06-18 09:27:09,937 - DEBUG    - [16112] - MainThread - urllib3.connectionpool - connectionpool:_new_conn - 1049: Starting new HTTPS connection (1): api.shoonya.com:443[0m
[0m2025-06-18 09:27:10,271 - DEBUG    - [16112] - MainThread - urllib3.connectionpool - connectionpool:_make_request - 544: https://api.shoonya.com:443 "POST /NorenWClientTP/OrderBook HTTP/1.1" 200 94[0m
[0m2025-06-18 09:27:14,786 - DEBUG    - [16112] - MainThread - urllib3.connectionpool - connectionpool:_new_conn - 1049: Starting new HTTPS connection (1): api.kite.trade:443[0m
[0m2025-06-18 09:27:14,989 - DEBUG    - [16112] - MainThread - urllib3.connectionpool - connectionpool:_make_request - 544: https://api.kite.trade:443 "GET /orders HTTP/1.1" 200 30[0m
[0m2025-06-18 09:27:14,998 - DEBUG    - [16112] - MainThread - oms - oms:finvasia_get_orderbook - 472: Payload: jData= {"uid": "FN112899"}&jKey=5240cab299c43871c8769d02bbb4f13cdbb5e5b849bc2c88c74466f1064e9c7c[0m
[0m2025-06-18 09:27:14,998 - DEBUG    - [16112] - MainThread - urllib3.connectionpool - connectionpool:_new_conn - 1049: Starting new HTTPS connection (1): api.shoonya.com:443[0m
[0m2025-06-18 09:27:15,254 - DEBUG    - [16112] - MainThread - urllib3.connectionpool - connectionpool:_make_request - 544: https://api.shoonya.com:443 "POST /NorenWClientTP/OrderBook HTTP/1.1" 200 94[0m
[0m2025-06-18 09:27:15,286 - DEBUG    - [16112] - MainThread - oms - oms:finvasia_get_orderbook - 472: Payload: jData= {"uid": "FN123771"}&jKey=c41accd27319a10256d4616f6727e59cebf211d21418b1df4d6146ac223f5113[0m
[0m2025-06-18 09:27:15,292 - DEBUG    - [16112] - MainThread - urllib3.connectionpool - connectionpool:_new_conn - 1049: Starting new HTTPS connection (1): api.shoonya.com:443[0m
[0m2025-06-18 09:27:15,680 - DEBUG    - [16112] - MainThread - urllib3.connectionpool - connectionpool:_make_request - 544: https://api.shoonya.com:443 "POST /NorenWClientTP/OrderBook HTTP/1.1" 200 94[0m
[0m2025-06-18 09:27:20,054 - DEBUG    - [16112] - MainThread - urllib3.connectionpool - connectionpool:_new_conn - 1049: Starting new HTTPS connection (1): api.kite.trade:443[0m
[0m2025-06-18 09:27:20,270 - DEBUG    - [16112] - MainThread - urllib3.connectionpool - connectionpool:_make_request - 544: https://api.kite.trade:443 "GET /orders HTTP/1.1" 200 30[0m
[0m2025-06-18 09:27:20,270 - DEBUG    - [16112] - MainThread - oms - oms:finvasia_get_orderbook - 472: Payload: jData= {"uid": "FN112899"}&jKey=5240cab299c43871c8769d02bbb4f13cdbb5e5b849bc2c88c74466f1064e9c7c[0m
[0m2025-06-18 09:27:20,270 - DEBUG    - [16112] - MainThread - urllib3.connectionpool - connectionpool:_new_conn - 1049: Starting new HTTPS connection (1): api.shoonya.com:443[0m
[0m2025-06-18 09:27:20,623 - DEBUG    - [16112] - MainThread - urllib3.connectionpool - connectionpool:_make_request - 544: https://api.shoonya.com:443 "POST /NorenWClientTP/OrderBook HTTP/1.1" 200 94[0m
[0m2025-06-18 09:27:20,785 - DEBUG    - [16112] - MainThread - oms - oms:finvasia_get_orderbook - 472: Payload: jData= {"uid": "FN123771"}&jKey=c41accd27319a10256d4616f6727e59cebf211d21418b1df4d6146ac223f5113[0m
[0m2025-06-18 09:27:20,785 - DEBUG    - [16112] - MainThread - urllib3.connectionpool - connectionpool:_new_conn - 1049: Starting new HTTPS connection (1): api.shoonya.com:443[0m
[0m2025-06-18 09:27:21,113 - DEBUG    - [16112] - MainThread - urllib3.connectionpool - connectionpool:_make_request - 544: https://api.shoonya.com:443 "POST /NorenWClientTP/OrderBook HTTP/1.1" 200 94[0m
[0m2025-06-18 09:27:25,293 - DEBUG    - [16112] - MainThread - urllib3.connectionpool - connectionpool:_new_conn - 1049: Starting new HTTPS connection (1): api.kite.trade:443[0m
[0m2025-06-18 09:27:25,555 - DEBUG    - [16112] - MainThread - urllib3.connectionpool - connectionpool:_make_request - 544: https://api.kite.trade:443 "GET /orders HTTP/1.1" 200 30[0m
[0m2025-06-18 09:27:25,791 - DEBUG    - [16112] - MainThread - oms - oms:finvasia_get_orderbook - 472: Payload: jData= {"uid": "FN112899"}&jKey=5240cab299c43871c8769d02bbb4f13cdbb5e5b849bc2c88c74466f1064e9c7c[0m
[0m2025-06-18 09:27:25,794 - DEBUG    - [16112] - MainThread - urllib3.connectionpool - connectionpool:_new_conn - 1049: Starting new HTTPS connection (1): api.shoonya.com:443[0m
[0m2025-06-18 09:27:26,127 - DEBUG    - [16112] - MainThread - urllib3.connectionpool - connectionpool:_make_request - 544: https://api.shoonya.com:443 "POST /NorenWClientTP/OrderBook HTTP/1.1" 200 94[0m
[0m2025-06-18 09:27:26,129 - DEBUG    - [16112] - MainThread - oms - oms:finvasia_get_orderbook - 472: Payload: jData= {"uid": "FN123771"}&jKey=c41accd27319a10256d4616f6727e59cebf211d21418b1df4d6146ac223f5113[0m
[0m2025-06-18 09:27:26,131 - DEBUG    - [16112] - MainThread - urllib3.connectionpool - connectionpool:_new_conn - 1049: Starting new HTTPS connection (1): api.shoonya.com:443[0m
[0m2025-06-18 09:27:26,409 - DEBUG    - [16112] - MainThread - urllib3.connectionpool - connectionpool:_make_request - 544: https://api.shoonya.com:443 "POST /NorenWClientTP/OrderBook HTTP/1.1" 200 94[0m
[0m2025-06-18 09:27:30,798 - DEBUG    - [16112] - MainThread - urllib3.connectionpool - connectionpool:_new_conn - 1049: Starting new HTTPS connection (1): api.kite.trade:443[0m
[0m2025-06-18 09:27:30,996 - DEBUG    - [16112] - MainThread - urllib3.connectionpool - connectionpool:_make_request - 544: https://api.kite.trade:443 "GET /orders HTTP/1.1" 200 30[0m
[0m2025-06-18 09:27:31,291 - DEBUG    - [16112] - MainThread - oms - oms:finvasia_get_orderbook - 472: Payload: jData= {"uid": "FN112899"}&jKey=5240cab299c43871c8769d02bbb4f13cdbb5e5b849bc2c88c74466f1064e9c7c[0m
[0m2025-06-18 09:27:31,291 - DEBUG    - [16112] - MainThread - urllib3.connectionpool - connectionpool:_new_conn - 1049: Starting new HTTPS connection (1): api.shoonya.com:443[0m
[0m2025-06-18 09:27:31,477 - DEBUG    - [16112] - MainThread - urllib3.connectionpool - connectionpool:_make_request - 544: https://api.shoonya.com:443 "POST /NorenWClientTP/OrderBook HTTP/1.1" 200 94[0m
[0m2025-06-18 09:27:31,477 - DEBUG    - [16112] - MainThread - oms - oms:finvasia_get_orderbook - 472: Payload: jData= {"uid": "FN123771"}&jKey=c41accd27319a10256d4616f6727e59cebf211d21418b1df4d6146ac223f5113[0m
[0m2025-06-18 09:27:31,477 - DEBUG    - [16112] - MainThread - urllib3.connectionpool - connectionpool:_new_conn - 1049: Starting new HTTPS connection (1): api.shoonya.com:443[0m
[0m2025-06-18 09:27:31,692 - DEBUG    - [16112] - MainThread - urllib3.connectionpool - connectionpool:_make_request - 544: https://api.shoonya.com:443 "POST /NorenWClientTP/OrderBook HTTP/1.1" 200 94[0m
[0m2025-06-18 09:27:36,042 - DEBUG    - [16112] - MainThread - urllib3.connectionpool - connectionpool:_new_conn - 1049: Starting new HTTPS connection (1): api.kite.trade:443[0m
[0m2025-06-18 09:27:36,210 - DEBUG    - [16112] - MainThread - urllib3.connectionpool - connectionpool:_make_request - 544: https://api.kite.trade:443 "GET /orders HTTP/1.1" 200 30[0m
[0m2025-06-18 09:27:36,543 - DEBUG    - [16112] - MainThread - oms - oms:finvasia_get_orderbook - 472: Payload: jData= {"uid": "FN112899"}&jKey=5240cab299c43871c8769d02bbb4f13cdbb5e5b849bc2c88c74466f1064e9c7c[0m
[0m2025-06-18 09:27:36,543 - DEBUG    - [16112] - MainThread - urllib3.connectionpool - connectionpool:_new_conn - 1049: Starting new HTTPS connection (1): api.shoonya.com:443[0m
[0m2025-06-18 09:27:36,727 - DEBUG    - [16112] - MainThread - urllib3.connectionpool - connectionpool:_make_request - 544: https://api.shoonya.com:443 "POST /NorenWClientTP/OrderBook HTTP/1.1" 200 94[0m
[0m2025-06-18 09:27:36,727 - DEBUG    - [16112] - MainThread - oms - oms:finvasia_get_orderbook - 472: Payload: jData= {"uid": "FN123771"}&jKey=c41accd27319a10256d4616f6727e59cebf211d21418b1df4d6146ac223f5113[0m
[0m2025-06-18 09:27:36,727 - DEBUG    - [16112] - MainThread - urllib3.connectionpool - connectionpool:_new_conn - 1049: Starting new HTTPS connection (1): api.shoonya.com:443[0m
[0m2025-06-18 09:27:36,910 - DEBUG    - [16112] - MainThread - urllib3.connectionpool - connectionpool:_make_request - 544: https://api.shoonya.com:443 "POST /NorenWClientTP/OrderBook HTTP/1.1" 200 94[0m
[0m2025-06-18 09:27:41,295 - DEBUG    - [16112] - MainThread - urllib3.connectionpool - connectionpool:_new_conn - 1049: Starting new HTTPS connection (1): api.kite.trade:443[0m
[0m2025-06-18 09:27:41,477 - DEBUG    - [16112] - MainThread - urllib3.connectionpool - connectionpool:_make_request - 544: https://api.kite.trade:443 "GET /orders HTTP/1.1" 200 30[0m
[0m2025-06-18 09:27:41,777 - DEBUG    - [16112] - MainThread - oms - oms:finvasia_get_orderbook - 472: Payload: jData= {"uid": "FN112899"}&jKey=5240cab299c43871c8769d02bbb4f13cdbb5e5b849bc2c88c74466f1064e9c7c[0m
[0m2025-06-18 09:27:41,793 - DEBUG    - [16112] - MainThread - urllib3.connectionpool - connectionpool:_new_conn - 1049: Starting new HTTPS connection (1): api.shoonya.com:443[0m
[0m2025-06-18 09:27:42,093 - DEBUG    - [16112] - MainThread - urllib3.connectionpool - connectionpool:_make_request - 544: https://api.shoonya.com:443 "POST /NorenWClientTP/OrderBook HTTP/1.1" 200 94[0m
[0m2025-06-18 09:27:42,093 - DEBUG    - [16112] - MainThread - oms - oms:finvasia_get_orderbook - 472: Payload: jData= {"uid": "FN123771"}&jKey=c41accd27319a10256d4616f6727e59cebf211d21418b1df4d6146ac223f5113[0m
[0m2025-06-18 09:27:42,093 - DEBUG    - [16112] - MainThread - urllib3.connectionpool - connectionpool:_new_conn - 1049: Starting new HTTPS connection (1): api.shoonya.com:443[0m
[0m2025-06-18 09:27:42,301 - DEBUG    - [16112] - MainThread - urllib3.connectionpool - connectionpool:_make_request - 544: https://api.shoonya.com:443 "POST /NorenWClientTP/OrderBook HTTP/1.1" 200 94[0m
[0m2025-06-18 09:27:46,540 - DEBUG    - [16112] - MainThread - urllib3.connectionpool - connectionpool:_new_conn - 1049: Starting new HTTPS connection (1): api.kite.trade:443[0m
[0m2025-06-18 09:27:46,726 - DEBUG    - [16112] - MainThread - urllib3.connectionpool - connectionpool:_make_request - 544: https://api.kite.trade:443 "GET /orders HTTP/1.1" 200 30[0m
[0m2025-06-18 09:27:47,294 - DEBUG    - [16112] - MainThread - oms - oms:finvasia_get_orderbook - 472: Payload: jData= {"uid": "FN112899"}&jKey=5240cab299c43871c8769d02bbb4f13cdbb5e5b849bc2c88c74466f1064e9c7c[0m
[0m2025-06-18 09:27:47,294 - DEBUG    - [16112] - MainThread - urllib3.connectionpool - connectionpool:_new_conn - 1049: Starting new HTTPS connection (1): api.shoonya.com:443[0m
[0m2025-06-18 09:27:47,475 - DEBUG    - [16112] - MainThread - urllib3.connectionpool - connectionpool:_make_request - 544: https://api.shoonya.com:443 "POST /NorenWClientTP/OrderBook HTTP/1.1" 200 94[0m
[0m2025-06-18 09:27:47,475 - DEBUG    - [16112] - MainThread - oms - oms:finvasia_get_orderbook - 472: Payload: jData= {"uid": "FN123771"}&jKey=c41accd27319a10256d4616f6727e59cebf211d21418b1df4d6146ac223f5113[0m
[0m2025-06-18 09:27:47,475 - DEBUG    - [16112] - MainThread - urllib3.connectionpool - connectionpool:_new_conn - 1049: Starting new HTTPS connection (1): api.shoonya.com:443[0m
[0m2025-06-18 09:27:47,683 - DEBUG    - [16112] - MainThread - urllib3.connectionpool - connectionpool:_make_request - 544: https://api.shoonya.com:443 "POST /NorenWClientTP/OrderBook HTTP/1.1" 200 94[0m
[0m2025-06-18 09:27:51,793 - DEBUG    - [16112] - MainThread - urllib3.connectionpool - connectionpool:_new_conn - 1049: Starting new HTTPS connection (1): api.kite.trade:443[0m
[0m2025-06-18 09:27:51,977 - DEBUG    - [16112] - MainThread - urllib3.connectionpool - connectionpool:_make_request - 544: https://api.kite.trade:443 "GET /orders HTTP/1.1" 200 30[0m
[0m2025-06-18 09:27:52,557 - DEBUG    - [16112] - MainThread - oms - oms:finvasia_get_orderbook - 472: Payload: jData= {"uid": "FN112899"}&jKey=5240cab299c43871c8769d02bbb4f13cdbb5e5b849bc2c88c74466f1064e9c7c[0m
[0m2025-06-18 09:27:52,557 - DEBUG    - [16112] - MainThread - urllib3.connectionpool - connectionpool:_new_conn - 1049: Starting new HTTPS connection (1): api.shoonya.com:443[0m
[0m2025-06-18 09:27:52,777 - DEBUG    - [16112] - MainThread - urllib3.connectionpool - connectionpool:_make_request - 544: https://api.shoonya.com:443 "POST /NorenWClientTP/OrderBook HTTP/1.1" 200 94[0m
[0m2025-06-18 09:27:52,777 - DEBUG    - [16112] - MainThread - oms - oms:finvasia_get_orderbook - 472: Payload: jData= {"uid": "FN123771"}&jKey=c41accd27319a10256d4616f6727e59cebf211d21418b1df4d6146ac223f5113[0m
[0m2025-06-18 09:27:52,777 - DEBUG    - [16112] - MainThread - urllib3.connectionpool - connectionpool:_new_conn - 1049: Starting new HTTPS connection (1): api.shoonya.com:443[0m
[0m2025-06-18 09:27:52,976 - DEBUG    - [16112] - MainThread - urllib3.connectionpool - connectionpool:_make_request - 544: https://api.shoonya.com:443 "POST /NorenWClientTP/OrderBook HTTP/1.1" 200 94[0m
[0m2025-06-18 09:27:57,027 - DEBUG    - [16112] - MainThread - urllib3.connectionpool - connectionpool:_new_conn - 1049: Starting new HTTPS connection (1): api.kite.trade:443[0m
[0m2025-06-18 09:27:57,225 - DEBUG    - [16112] - MainThread - urllib3.connectionpool - connectionpool:_make_request - 544: https://api.kite.trade:443 "GET /orders HTTP/1.1" 200 30[0m
[0m2025-06-18 09:27:57,794 - DEBUG    - [16112] - MainThread - oms - oms:finvasia_get_orderbook - 472: Payload: jData= {"uid": "FN112899"}&jKey=5240cab299c43871c8769d02bbb4f13cdbb5e5b849bc2c88c74466f1064e9c7c[0m
[0m2025-06-18 09:27:57,794 - DEBUG    - [16112] - MainThread - urllib3.connectionpool - connectionpool:_new_conn - 1049: Starting new HTTPS connection (1): api.shoonya.com:443[0m
[0m2025-06-18 09:27:57,986 - DEBUG    - [16112] - MainThread - urllib3.connectionpool - connectionpool:_make_request - 544: https://api.shoonya.com:443 "POST /NorenWClientTP/OrderBook HTTP/1.1" 200 94[0m
[0m2025-06-18 09:27:57,986 - DEBUG    - [16112] - MainThread - oms - oms:finvasia_get_orderbook - 472: Payload: jData= {"uid": "FN123771"}&jKey=c41accd27319a10256d4616f6727e59cebf211d21418b1df4d6146ac223f5113[0m
[0m2025-06-18 09:27:57,986 - DEBUG    - [16112] - MainThread - urllib3.connectionpool - connectionpool:_new_conn - 1049: Starting new HTTPS connection (1): api.shoonya.com:443[0m
[0m2025-06-18 09:27:58,176 - DEBUG    - [16112] - MainThread - urllib3.connectionpool - connectionpool:_make_request - 544: https://api.shoonya.com:443 "POST /NorenWClientTP/OrderBook HTTP/1.1" 200 94[0m
[0m2025-06-18 09:28:02,276 - DEBUG    - [16112] - MainThread - urllib3.connectionpool - connectionpool:_new_conn - 1049: Starting new HTTPS connection (1): api.kite.trade:443[0m
[0m2025-06-18 09:28:02,483 - DEBUG    - [16112] - MainThread - urllib3.connectionpool - connectionpool:_make_request - 544: https://api.kite.trade:443 "GET /orders HTTP/1.1" 200 30[0m
[0m2025-06-18 09:28:03,033 - DEBUG    - [16112] - MainThread - oms - oms:finvasia_get_orderbook - 472: Payload: jData= {"uid": "FN112899"}&jKey=5240cab299c43871c8769d02bbb4f13cdbb5e5b849bc2c88c74466f1064e9c7c[0m
[0m2025-06-18 09:28:03,033 - DEBUG    - [16112] - MainThread - urllib3.connectionpool - connectionpool:_new_conn - 1049: Starting new HTTPS connection (1): api.shoonya.com:443[0m
[0m2025-06-18 09:28:03,244 - DEBUG    - [16112] - MainThread - urllib3.connectionpool - connectionpool:_make_request - 544: https://api.shoonya.com:443 "POST /NorenWClientTP/OrderBook HTTP/1.1" 200 94[0m
[0m2025-06-18 09:28:03,244 - DEBUG    - [16112] - MainThread - oms - oms:finvasia_get_orderbook - 472: Payload: jData= {"uid": "FN123771"}&jKey=c41accd27319a10256d4616f6727e59cebf211d21418b1df4d6146ac223f5113[0m
[0m2025-06-18 09:28:03,244 - DEBUG    - [16112] - MainThread - urllib3.connectionpool - connectionpool:_new_conn - 1049: Starting new HTTPS connection (1): api.shoonya.com:443[0m
[0m2025-06-18 09:28:03,466 - DEBUG    - [16112] - MainThread - urllib3.connectionpool - connectionpool:_make_request - 544: https://api.shoonya.com:443 "POST /NorenWClientTP/OrderBook HTTP/1.1" 200 94[0m
[0m2025-06-18 09:28:07,544 - DEBUG    - [16112] - MainThread - urllib3.connectionpool - connectionpool:_new_conn - 1049: Starting new HTTPS connection (1): api.kite.trade:443[0m
[0m2025-06-18 09:28:07,722 - DEBUG    - [16112] - MainThread - urllib3.connectionpool - connectionpool:_make_request - 544: https://api.kite.trade:443 "GET /orders HTTP/1.1" 200 30[0m
[0m2025-06-18 09:28:08,277 - DEBUG    - [16112] - MainThread - oms - oms:finvasia_get_orderbook - 472: Payload: jData= {"uid": "FN112899"}&jKey=5240cab299c43871c8769d02bbb4f13cdbb5e5b849bc2c88c74466f1064e9c7c[0m
[0m2025-06-18 09:28:08,277 - DEBUG    - [16112] - MainThread - urllib3.connectionpool - connectionpool:_new_conn - 1049: Starting new HTTPS connection (1): api.shoonya.com:443[0m
[0m2025-06-18 09:28:08,477 - DEBUG    - [16112] - MainThread - urllib3.connectionpool - connectionpool:_make_request - 544: https://api.shoonya.com:443 "POST /NorenWClientTP/OrderBook HTTP/1.1" 200 94[0m
[0m2025-06-18 09:28:08,477 - DEBUG    - [16112] - MainThread - oms - oms:finvasia_get_orderbook - 472: Payload: jData= {"uid": "FN123771"}&jKey=c41accd27319a10256d4616f6727e59cebf211d21418b1df4d6146ac223f5113[0m
[0m2025-06-18 09:28:08,477 - DEBUG    - [16112] - MainThread - urllib3.connectionpool - connectionpool:_new_conn - 1049: Starting new HTTPS connection (1): api.shoonya.com:443[0m
[0m2025-06-18 09:28:08,685 - DEBUG    - [16112] - MainThread - urllib3.connectionpool - connectionpool:_make_request - 544: https://api.shoonya.com:443 "POST /NorenWClientTP/OrderBook HTTP/1.1" 200 94[0m
[0m2025-06-18 09:28:12,777 - DEBUG    - [16112] - MainThread - urllib3.connectionpool - connectionpool:_new_conn - 1049: Starting new HTTPS connection (1): api.kite.trade:443[0m
[0m2025-06-18 09:28:12,959 - DEBUG    - [16112] - MainThread - urllib3.connectionpool - connectionpool:_make_request - 544: https://api.kite.trade:443 "GET /orders HTTP/1.1" 200 30[0m
[0m2025-06-18 09:28:13,542 - DEBUG    - [16112] - MainThread - oms - oms:finvasia_get_orderbook - 472: Payload: jData= {"uid": "FN112899"}&jKey=5240cab299c43871c8769d02bbb4f13cdbb5e5b849bc2c88c74466f1064e9c7c[0m
[0m2025-06-18 09:28:13,542 - DEBUG    - [16112] - MainThread - urllib3.connectionpool - connectionpool:_new_conn - 1049: Starting new HTTPS connection (1): api.shoonya.com:443[0m
[0m2025-06-18 09:28:13,727 - DEBUG    - [16112] - MainThread - urllib3.connectionpool - connectionpool:_make_request - 544: https://api.shoonya.com:443 "POST /NorenWClientTP/OrderBook HTTP/1.1" 200 94[0m
[0m2025-06-18 09:28:13,727 - DEBUG    - [16112] - MainThread - oms - oms:finvasia_get_orderbook - 472: Payload: jData= {"uid": "FN123771"}&jKey=c41accd27319a10256d4616f6727e59cebf211d21418b1df4d6146ac223f5113[0m
[0m2025-06-18 09:28:13,727 - DEBUG    - [16112] - MainThread - urllib3.connectionpool - connectionpool:_new_conn - 1049: Starting new HTTPS connection (1): api.shoonya.com:443[0m
[0m2025-06-18 09:28:13,943 - DEBUG    - [16112] - MainThread - urllib3.connectionpool - connectionpool:_make_request - 544: https://api.shoonya.com:443 "POST /NorenWClientTP/OrderBook HTTP/1.1" 200 94[0m
[0m2025-06-18 09:28:18,038 - DEBUG    - [16112] - MainThread - urllib3.connectionpool - connectionpool:_new_conn - 1049: Starting new HTTPS connection (1): api.kite.trade:443[0m
[0m2025-06-18 09:28:18,206 - DEBUG    - [16112] - MainThread - urllib3.connectionpool - connectionpool:_make_request - 544: https://api.kite.trade:443 "GET /orders HTTP/1.1" 200 30[0m
[0m2025-06-18 09:28:18,778 - DEBUG    - [16112] - MainThread - oms - oms:finvasia_get_orderbook - 472: Payload: jData= {"uid": "FN112899"}&jKey=5240cab299c43871c8769d02bbb4f13cdbb5e5b849bc2c88c74466f1064e9c7c[0m
[0m2025-06-18 09:28:18,778 - DEBUG    - [16112] - MainThread - urllib3.connectionpool - connectionpool:_new_conn - 1049: Starting new HTTPS connection (1): api.shoonya.com:443[0m
[0m2025-06-18 09:28:18,977 - DEBUG    - [16112] - MainThread - urllib3.connectionpool - connectionpool:_make_request - 544: https://api.shoonya.com:443 "POST /NorenWClientTP/OrderBook HTTP/1.1" 200 94[0m
[0m2025-06-18 09:28:18,977 - DEBUG    - [16112] - MainThread - oms - oms:finvasia_get_orderbook - 472: Payload: jData= {"uid": "FN123771"}&jKey=c41accd27319a10256d4616f6727e59cebf211d21418b1df4d6146ac223f5113[0m
[0m2025-06-18 09:28:18,977 - DEBUG    - [16112] - MainThread - urllib3.connectionpool - connectionpool:_new_conn - 1049: Starting new HTTPS connection (1): api.shoonya.com:443[0m
[0m2025-06-18 09:28:19,177 - DEBUG    - [16112] - MainThread - urllib3.connectionpool - connectionpool:_make_request - 544: https://api.shoonya.com:443 "POST /NorenWClientTP/OrderBook HTTP/1.1" 200 94[0m
[0m2025-06-18 09:28:23,295 - DEBUG    - [16112] - MainThread - urllib3.connectionpool - connectionpool:_new_conn - 1049: Starting new HTTPS connection (1): api.kite.trade:443[0m
[0m2025-06-18 09:28:23,476 - DEBUG    - [16112] - MainThread - urllib3.connectionpool - connectionpool:_make_request - 544: https://api.kite.trade:443 "GET /orders HTTP/1.1" 200 30[0m
[0m2025-06-18 09:28:24,044 - DEBUG    - [16112] - MainThread - oms - oms:finvasia_get_orderbook - 472: Payload: jData= {"uid": "FN112899"}&jKey=5240cab299c43871c8769d02bbb4f13cdbb5e5b849bc2c88c74466f1064e9c7c[0m
[0m2025-06-18 09:28:24,044 - DEBUG    - [16112] - MainThread - urllib3.connectionpool - connectionpool:_new_conn - 1049: Starting new HTTPS connection (1): api.shoonya.com:443[0m
[0m2025-06-18 09:28:24,244 - DEBUG    - [16112] - MainThread - urllib3.connectionpool - connectionpool:_make_request - 544: https://api.shoonya.com:443 "POST /NorenWClientTP/OrderBook HTTP/1.1" 200 94[0m
[0m2025-06-18 09:28:24,244 - DEBUG    - [16112] - MainThread - oms - oms:finvasia_get_orderbook - 472: Payload: jData= {"uid": "FN123771"}&jKey=c41accd27319a10256d4616f6727e59cebf211d21418b1df4d6146ac223f5113[0m
[0m2025-06-18 09:28:24,244 - DEBUG    - [16112] - MainThread - urllib3.connectionpool - connectionpool:_new_conn - 1049: Starting new HTTPS connection (1): api.shoonya.com:443[0m
[0m2025-06-18 09:28:24,443 - DEBUG    - [16112] - MainThread - urllib3.connectionpool - connectionpool:_make_request - 544: https://api.shoonya.com:443 "POST /NorenWClientTP/OrderBook HTTP/1.1" 200 94[0m
[0m2025-06-18 09:28:28,529 - DEBUG    - [16112] - MainThread - urllib3.connectionpool - connectionpool:_new_conn - 1049: Starting new HTTPS connection (1): api.kite.trade:443[0m
[0m2025-06-18 09:28:28,731 - DEBUG    - [16112] - MainThread - urllib3.connectionpool - connectionpool:_make_request - 544: https://api.kite.trade:443 "GET /orders HTTP/1.1" 200 30[0m
[0m2025-06-18 09:28:29,294 - DEBUG    - [16112] - MainThread - oms - oms:finvasia_get_orderbook - 472: Payload: jData= {"uid": "FN112899"}&jKey=5240cab299c43871c8769d02bbb4f13cdbb5e5b849bc2c88c74466f1064e9c7c[0m
[0m2025-06-18 09:28:29,296 - DEBUG    - [16112] - MainThread - urllib3.connectionpool - connectionpool:_new_conn - 1049: Starting new HTTPS connection (1): api.shoonya.com:443[0m
[0m2025-06-18 09:28:29,491 - DEBUG    - [16112] - MainThread - urllib3.connectionpool - connectionpool:_make_request - 544: https://api.shoonya.com:443 "POST /NorenWClientTP/OrderBook HTTP/1.1" 200 94[0m
[0m2025-06-18 09:28:29,491 - DEBUG    - [16112] - MainThread - oms - oms:finvasia_get_orderbook - 472: Payload: jData= {"uid": "FN123771"}&jKey=c41accd27319a10256d4616f6727e59cebf211d21418b1df4d6146ac223f5113[0m
[0m2025-06-18 09:28:29,491 - DEBUG    - [16112] - MainThread - urllib3.connectionpool - connectionpool:_new_conn - 1049: Starting new HTTPS connection (1): api.shoonya.com:443[0m
[0m2025-06-18 09:28:29,675 - DEBUG    - [16112] - MainThread - urllib3.connectionpool - connectionpool:_make_request - 544: https://api.shoonya.com:443 "POST /NorenWClientTP/OrderBook HTTP/1.1" 200 94[0m
[0m2025-06-18 09:28:33,796 - DEBUG    - [16112] - MainThread - urllib3.connectionpool - connectionpool:_new_conn - 1049: Starting new HTTPS connection (1): api.kite.trade:443[0m
[0m2025-06-18 09:28:33,977 - DEBUG    - [16112] - MainThread - urllib3.connectionpool - connectionpool:_make_request - 544: https://api.kite.trade:443 "GET /orders HTTP/1.1" 200 30[0m
[0m2025-06-18 09:28:34,535 - DEBUG    - [16112] - MainThread - oms - oms:finvasia_get_orderbook - 472: Payload: jData= {"uid": "FN112899"}&jKey=5240cab299c43871c8769d02bbb4f13cdbb5e5b849bc2c88c74466f1064e9c7c[0m
[0m2025-06-18 09:28:34,535 - DEBUG    - [16112] - MainThread - urllib3.connectionpool - connectionpool:_new_conn - 1049: Starting new HTTPS connection (1): api.shoonya.com:443[0m
[0m2025-06-18 09:28:34,726 - DEBUG    - [16112] - MainThread - urllib3.connectionpool - connectionpool:_make_request - 544: https://api.shoonya.com:443 "POST /NorenWClientTP/OrderBook HTTP/1.1" 200 94[0m
[0m2025-06-18 09:28:34,730 - DEBUG    - [16112] - MainThread - oms - oms:finvasia_get_orderbook - 472: Payload: jData= {"uid": "FN123771"}&jKey=c41accd27319a10256d4616f6727e59cebf211d21418b1df4d6146ac223f5113[0m
[0m2025-06-18 09:28:34,730 - DEBUG    - [16112] - MainThread - urllib3.connectionpool - connectionpool:_new_conn - 1049: Starting new HTTPS connection (1): api.shoonya.com:443[0m
[0m2025-06-18 09:28:34,924 - DEBUG    - [16112] - MainThread - urllib3.connectionpool - connectionpool:_make_request - 544: https://api.shoonya.com:443 "POST /NorenWClientTP/OrderBook HTTP/1.1" 200 94[0m
[0m2025-06-18 09:28:39,027 - DEBUG    - [16112] - MainThread - urllib3.connectionpool - connectionpool:_new_conn - 1049: Starting new HTTPS connection (1): api.kite.trade:443[0m
[0m2025-06-18 09:28:39,239 - DEBUG    - [16112] - MainThread - urllib3.connectionpool - connectionpool:_make_request - 544: https://api.kite.trade:443 "GET /orders HTTP/1.1" 200 30[0m
[0m2025-06-18 09:28:39,788 - DEBUG    - [16112] - MainThread - oms - oms:finvasia_get_orderbook - 472: Payload: jData= {"uid": "FN112899"}&jKey=5240cab299c43871c8769d02bbb4f13cdbb5e5b849bc2c88c74466f1064e9c7c[0m
[0m2025-06-18 09:28:39,790 - DEBUG    - [16112] - MainThread - urllib3.connectionpool - connectionpool:_new_conn - 1049: Starting new HTTPS connection (1): api.shoonya.com:443[0m
[0m2025-06-18 09:28:39,976 - DEBUG    - [16112] - MainThread - urllib3.connectionpool - connectionpool:_make_request - 544: https://api.shoonya.com:443 "POST /NorenWClientTP/OrderBook HTTP/1.1" 200 94[0m
[0m2025-06-18 09:28:39,983 - DEBUG    - [16112] - MainThread - oms - oms:finvasia_get_orderbook - 472: Payload: jData= {"uid": "FN123771"}&jKey=c41accd27319a10256d4616f6727e59cebf211d21418b1df4d6146ac223f5113[0m
[0m2025-06-18 09:28:39,983 - DEBUG    - [16112] - MainThread - urllib3.connectionpool - connectionpool:_new_conn - 1049: Starting new HTTPS connection (1): api.shoonya.com:443[0m
[0m2025-06-18 09:28:40,160 - DEBUG    - [16112] - MainThread - urllib3.connectionpool - connectionpool:_make_request - 544: https://api.shoonya.com:443 "POST /NorenWClientTP/OrderBook HTTP/1.1" 200 94[0m
[0m2025-06-18 09:28:44,292 - DEBUG    - [16112] - MainThread - urllib3.connectionpool - connectionpool:_new_conn - 1049: Starting new HTTPS connection (1): api.kite.trade:443[0m
[0m2025-06-18 09:28:44,467 - DEBUG    - [16112] - MainThread - urllib3.connectionpool - connectionpool:_make_request - 544: https://api.kite.trade:443 "GET /orders HTTP/1.1" 200 30[0m
[0m2025-06-18 09:28:45,027 - DEBUG    - [16112] - MainThread - oms - oms:finvasia_get_orderbook - 472: Payload: jData= {"uid": "FN112899"}&jKey=5240cab299c43871c8769d02bbb4f13cdbb5e5b849bc2c88c74466f1064e9c7c[0m
[0m2025-06-18 09:28:45,027 - DEBUG    - [16112] - MainThread - urllib3.connectionpool - connectionpool:_new_conn - 1049: Starting new HTTPS connection (1): api.shoonya.com:443[0m
[0m2025-06-18 09:28:45,227 - DEBUG    - [16112] - MainThread - urllib3.connectionpool - connectionpool:_make_request - 544: https://api.shoonya.com:443 "POST /NorenWClientTP/OrderBook HTTP/1.1" 200 94[0m
[0m2025-06-18 09:28:45,227 - DEBUG    - [16112] - MainThread - oms - oms:finvasia_get_orderbook - 472: Payload: jData= {"uid": "FN123771"}&jKey=c41accd27319a10256d4616f6727e59cebf211d21418b1df4d6146ac223f5113[0m
[0m2025-06-18 09:28:45,232 - DEBUG    - [16112] - MainThread - urllib3.connectionpool - connectionpool:_new_conn - 1049: Starting new HTTPS connection (1): api.shoonya.com:443[0m
[0m2025-06-18 09:28:45,410 - DEBUG    - [16112] - MainThread - urllib3.connectionpool - connectionpool:_make_request - 544: https://api.shoonya.com:443 "POST /NorenWClientTP/OrderBook HTTP/1.1" 200 94[0m
[0m2025-06-18 09:28:49,535 - DEBUG    - [16112] - MainThread - urllib3.connectionpool - connectionpool:_new_conn - 1049: Starting new HTTPS connection (1): api.kite.trade:443[0m
[0m2025-06-18 09:28:49,728 - DEBUG    - [16112] - MainThread - urllib3.connectionpool - connectionpool:_make_request - 544: https://api.kite.trade:443 "GET /orders HTTP/1.1" 200 30[0m
[0m2025-06-18 09:28:50,291 - DEBUG    - [16112] - MainThread - oms - oms:finvasia_get_orderbook - 472: Payload: jData= {"uid": "FN112899"}&jKey=5240cab299c43871c8769d02bbb4f13cdbb5e5b849bc2c88c74466f1064e9c7c[0m
[0m2025-06-18 09:28:50,291 - DEBUG    - [16112] - MainThread - urllib3.connectionpool - connectionpool:_new_conn - 1049: Starting new HTTPS connection (1): api.shoonya.com:443[0m
[0m2025-06-18 09:28:50,527 - DEBUG    - [16112] - MainThread - urllib3.connectionpool - connectionpool:_make_request - 544: https://api.shoonya.com:443 "POST /NorenWClientTP/OrderBook HTTP/1.1" 200 94[0m
[0m2025-06-18 09:28:50,527 - DEBUG    - [16112] - MainThread - oms - oms:finvasia_get_orderbook - 472: Payload: jData= {"uid": "FN123771"}&jKey=c41accd27319a10256d4616f6727e59cebf211d21418b1df4d6146ac223f5113[0m
[0m2025-06-18 09:28:50,527 - DEBUG    - [16112] - MainThread - urllib3.connectionpool - connectionpool:_new_conn - 1049: Starting new HTTPS connection (1): api.shoonya.com:443[0m
[0m2025-06-18 09:28:50,752 - DEBUG    - [16112] - MainThread - urllib3.connectionpool - connectionpool:_make_request - 544: https://api.shoonya.com:443 "POST /NorenWClientTP/OrderBook HTTP/1.1" 200 94[0m
[0m2025-06-18 09:28:54,793 - DEBUG    - [16112] - MainThread - urllib3.connectionpool - connectionpool:_new_conn - 1049: Starting new HTTPS connection (1): api.kite.trade:443[0m
[0m2025-06-18 09:28:54,976 - DEBUG    - [16112] - MainThread - urllib3.connectionpool - connectionpool:_make_request - 544: https://api.kite.trade:443 "GET /orders HTTP/1.1" 200 30[0m
[0m2025-06-18 09:28:55,542 - DEBUG    - [16112] - MainThread - oms - oms:finvasia_get_orderbook - 472: Payload: jData= {"uid": "FN112899"}&jKey=5240cab299c43871c8769d02bbb4f13cdbb5e5b849bc2c88c74466f1064e9c7c[0m
[0m2025-06-18 09:28:55,542 - DEBUG    - [16112] - MainThread - urllib3.connectionpool - connectionpool:_new_conn - 1049: Starting new HTTPS connection (1): api.shoonya.com:443[0m
[0m2025-06-18 09:28:55,727 - DEBUG    - [16112] - MainThread - urllib3.connectionpool - connectionpool:_make_request - 544: https://api.shoonya.com:443 "POST /NorenWClientTP/OrderBook HTTP/1.1" 200 94[0m
[0m2025-06-18 09:28:55,791 - DEBUG    - [16112] - MainThread - oms - oms:finvasia_get_orderbook - 472: Payload: jData= {"uid": "FN123771"}&jKey=c41accd27319a10256d4616f6727e59cebf211d21418b1df4d6146ac223f5113[0m
[0m2025-06-18 09:28:55,791 - DEBUG    - [16112] - MainThread - urllib3.connectionpool - connectionpool:_new_conn - 1049: Starting new HTTPS connection (1): api.shoonya.com:443[0m
[0m2025-06-18 09:28:55,974 - DEBUG    - [16112] - MainThread - urllib3.connectionpool - connectionpool:_make_request - 544: https://api.shoonya.com:443 "POST /NorenWClientTP/OrderBook HTTP/1.1" 200 94[0m
[0m2025-06-18 09:29:00,037 - DEBUG    - [16112] - MainThread - urllib3.connectionpool - connectionpool:_new_conn - 1049: Starting new HTTPS connection (1): api.kite.trade:443[0m
[0m2025-06-18 09:29:00,225 - DEBUG    - [16112] - MainThread - urllib3.connectionpool - connectionpool:_make_request - 544: https://api.kite.trade:443 "GET /orders HTTP/1.1" 200 30[0m
[0m2025-06-18 09:29:00,791 - DEBUG    - [16112] - MainThread - oms - oms:finvasia_get_orderbook - 472: Payload: jData= {"uid": "FN112899"}&jKey=5240cab299c43871c8769d02bbb4f13cdbb5e5b849bc2c88c74466f1064e9c7c[0m
[0m2025-06-18 09:29:00,791 - DEBUG    - [16112] - MainThread - urllib3.connectionpool - connectionpool:_new_conn - 1049: Starting new HTTPS connection (1): api.shoonya.com:443[0m
[0m2025-06-18 09:29:00,994 - DEBUG    - [16112] - MainThread - urllib3.connectionpool - connectionpool:_make_request - 544: https://api.shoonya.com:443 "POST /NorenWClientTP/OrderBook HTTP/1.1" 200 94[0m
[0m2025-06-18 09:29:00,994 - DEBUG    - [16112] - MainThread - oms - oms:finvasia_get_orderbook - 472: Payload: jData= {"uid": "FN123771"}&jKey=c41accd27319a10256d4616f6727e59cebf211d21418b1df4d6146ac223f5113[0m
[0m2025-06-18 09:29:00,994 - DEBUG    - [16112] - MainThread - urllib3.connectionpool - connectionpool:_new_conn - 1049: Starting new HTTPS connection (1): api.shoonya.com:443[0m
[0m2025-06-18 09:29:01,193 - DEBUG    - [16112] - MainThread - urllib3.connectionpool - connectionpool:_make_request - 544: https://api.shoonya.com:443 "POST /NorenWClientTP/OrderBook HTTP/1.1" 200 94[0m
[0m2025-06-18 09:29:05,290 - DEBUG    - [16112] - MainThread - urllib3.connectionpool - connectionpool:_new_conn - 1049: Starting new HTTPS connection (1): api.kite.trade:443[0m
[0m2025-06-18 09:29:05,483 - DEBUG    - [16112] - MainThread - urllib3.connectionpool - connectionpool:_make_request - 544: https://api.kite.trade:443 "GET /orders HTTP/1.1" 200 30[0m
[0m2025-06-18 09:29:06,029 - DEBUG    - [16112] - MainThread - oms - oms:finvasia_get_orderbook - 472: Payload: jData= {"uid": "FN112899"}&jKey=5240cab299c43871c8769d02bbb4f13cdbb5e5b849bc2c88c74466f1064e9c7c[0m
[0m2025-06-18 09:29:06,029 - DEBUG    - [16112] - MainThread - urllib3.connectionpool - connectionpool:_new_conn - 1049: Starting new HTTPS connection (1): api.shoonya.com:443[0m
[0m2025-06-18 09:29:06,528 - DEBUG    - [16112] - MainThread - urllib3.connectionpool - connectionpool:_make_request - 544: https://api.shoonya.com:443 "POST /NorenWClientTP/OrderBook HTTP/1.1" 200 94[0m
[0m2025-06-18 09:29:06,528 - DEBUG    - [16112] - MainThread - oms - oms:finvasia_get_orderbook - 472: Payload: jData= {"uid": "FN123771"}&jKey=c41accd27319a10256d4616f6727e59cebf211d21418b1df4d6146ac223f5113[0m
[0m2025-06-18 09:29:06,528 - DEBUG    - [16112] - MainThread - urllib3.connectionpool - connectionpool:_new_conn - 1049: Starting new HTTPS connection (1): api.shoonya.com:443[0m
[0m2025-06-18 09:29:06,767 - DEBUG    - [16112] - MainThread - urllib3.connectionpool - connectionpool:_make_request - 544: https://api.shoonya.com:443 "POST /NorenWClientTP/OrderBook HTTP/1.1" 200 94[0m
[0m2025-06-18 09:29:10,543 - DEBUG    - [16112] - MainThread - urllib3.connectionpool - connectionpool:_new_conn - 1049: Starting new HTTPS connection (1): api.kite.trade:443[0m
[0m2025-06-18 09:29:10,743 - DEBUG    - [16112] - MainThread - urllib3.connectionpool - connectionpool:_make_request - 544: https://api.kite.trade:443 "GET /orders HTTP/1.1" 200 30[0m
[0m2025-06-18 09:29:11,528 - DEBUG    - [16112] - MainThread - oms - oms:finvasia_get_orderbook - 472: Payload: jData= {"uid": "FN112899"}&jKey=5240cab299c43871c8769d02bbb4f13cdbb5e5b849bc2c88c74466f1064e9c7c[0m
[0m2025-06-18 09:29:11,528 - DEBUG    - [16112] - MainThread - urllib3.connectionpool - connectionpool:_new_conn - 1049: Starting new HTTPS connection (1): api.shoonya.com:443[0m
[0m2025-06-18 09:29:11,742 - DEBUG    - [16112] - MainThread - urllib3.connectionpool - connectionpool:_make_request - 544: https://api.shoonya.com:443 "POST /NorenWClientTP/OrderBook HTTP/1.1" 200 94[0m
[0m2025-06-18 09:29:11,786 - DEBUG    - [16112] - MainThread - oms - oms:finvasia_get_orderbook - 472: Payload: jData= {"uid": "FN123771"}&jKey=c41accd27319a10256d4616f6727e59cebf211d21418b1df4d6146ac223f5113[0m
[0m2025-06-18 09:29:11,786 - DEBUG    - [16112] - MainThread - urllib3.connectionpool - connectionpool:_new_conn - 1049: Starting new HTTPS connection (1): api.shoonya.com:443[0m
[0m2025-06-18 09:29:11,978 - DEBUG    - [16112] - MainThread - urllib3.connectionpool - connectionpool:_make_request - 544: https://api.shoonya.com:443 "POST /NorenWClientTP/OrderBook HTTP/1.1" 200 94[0m
[0m2025-06-18 09:29:15,779 - DEBUG    - [16112] - MainThread - urllib3.connectionpool - connectionpool:_new_conn - 1049: Starting new HTTPS connection (1): api.kite.trade:443[0m
[0m2025-06-18 09:29:15,979 - DEBUG    - [16112] - MainThread - urllib3.connectionpool - connectionpool:_make_request - 544: https://api.kite.trade:443 "GET /orders HTTP/1.1" 200 30[0m
[0m2025-06-18 09:29:16,783 - DEBUG    - [16112] - MainThread - oms - oms:finvasia_get_orderbook - 472: Payload: jData= {"uid": "FN112899"}&jKey=5240cab299c43871c8769d02bbb4f13cdbb5e5b849bc2c88c74466f1064e9c7c[0m
[0m2025-06-18 09:29:16,783 - DEBUG    - [16112] - MainThread - urllib3.connectionpool - connectionpool:_new_conn - 1049: Starting new HTTPS connection (1): api.shoonya.com:443[0m
[0m2025-06-18 09:29:16,978 - DEBUG    - [16112] - MainThread - urllib3.connectionpool - connectionpool:_make_request - 544: https://api.shoonya.com:443 "POST /NorenWClientTP/OrderBook HTTP/1.1" 200 94[0m
[0m2025-06-18 09:29:16,978 - DEBUG    - [16112] - MainThread - oms - oms:finvasia_get_orderbook - 472: Payload: jData= {"uid": "FN123771"}&jKey=c41accd27319a10256d4616f6727e59cebf211d21418b1df4d6146ac223f5113[0m
[0m2025-06-18 09:29:16,978 - DEBUG    - [16112] - MainThread - urllib3.connectionpool - connectionpool:_new_conn - 1049: Starting new HTTPS connection (1): api.shoonya.com:443[0m
[0m2025-06-18 09:29:17,211 - DEBUG    - [16112] - MainThread - urllib3.connectionpool - connectionpool:_make_request - 544: https://api.shoonya.com:443 "POST /NorenWClientTP/OrderBook HTTP/1.1" 200 94[0m
[0m2025-06-18 09:29:21,038 - DEBUG    - [16112] - MainThread - urllib3.connectionpool - connectionpool:_new_conn - 1049: Starting new HTTPS connection (1): api.kite.trade:443[0m
[0m2025-06-18 09:29:21,346 - DEBUG    - [16112] - MainThread - urllib3.connectionpool - connectionpool:_make_request - 544: https://api.kite.trade:443 "GET /orders HTTP/1.1" 200 30[0m
[0m2025-06-18 09:29:22,063 - DEBUG    - [16112] - MainThread - oms - oms:finvasia_get_orderbook - 472: Payload: jData= {"uid": "FN112899"}&jKey=5240cab299c43871c8769d02bbb4f13cdbb5e5b849bc2c88c74466f1064e9c7c[0m
[0m2025-06-18 09:29:22,063 - DEBUG    - [16112] - MainThread - urllib3.connectionpool - connectionpool:_new_conn - 1049: Starting new HTTPS connection (1): api.shoonya.com:443[0m
[0m2025-06-18 09:29:22,378 - DEBUG    - [16112] - MainThread - urllib3.connectionpool - connectionpool:_make_request - 544: https://api.shoonya.com:443 "POST /NorenWClientTP/OrderBook HTTP/1.1" 200 94[0m
[0m2025-06-18 09:29:22,393 - DEBUG    - [16112] - MainThread - oms - oms:finvasia_get_orderbook - 472: Payload: jData= {"uid": "FN123771"}&jKey=c41accd27319a10256d4616f6727e59cebf211d21418b1df4d6146ac223f5113[0m
[0m2025-06-18 09:29:22,395 - DEBUG    - [16112] - MainThread - urllib3.connectionpool - connectionpool:_new_conn - 1049: Starting new HTTPS connection (1): api.shoonya.com:443[0m
[0m2025-06-18 09:29:22,713 - DEBUG    - [16112] - MainThread - urllib3.connectionpool - connectionpool:_make_request - 544: https://api.shoonya.com:443 "POST /NorenWClientTP/OrderBook HTTP/1.1" 200 94[0m
[0m2025-06-18 09:29:26,539 - DEBUG    - [16112] - MainThread - urllib3.connectionpool - connectionpool:_new_conn - 1049: Starting new HTTPS connection (1): api.kite.trade:443[0m
[0m2025-06-18 09:29:26,711 - DEBUG    - [16112] - MainThread - urllib3.connectionpool - connectionpool:_make_request - 544: https://api.kite.trade:443 "GET /orders HTTP/1.1" 200 30[0m
[0m2025-06-18 09:29:27,534 - DEBUG    - [16112] - MainThread - oms - oms:finvasia_get_orderbook - 472: Payload: jData= {"uid": "FN112899"}&jKey=5240cab299c43871c8769d02bbb4f13cdbb5e5b849bc2c88c74466f1064e9c7c[0m
[0m2025-06-18 09:29:27,534 - DEBUG    - [16112] - MainThread - urllib3.connectionpool - connectionpool:_new_conn - 1049: Starting new HTTPS connection (1): api.shoonya.com:443[0m
[0m2025-06-18 09:29:27,728 - DEBUG    - [16112] - MainThread - urllib3.connectionpool - connectionpool:_make_request - 544: https://api.shoonya.com:443 "POST /NorenWClientTP/OrderBook HTTP/1.1" 200 94[0m
[0m2025-06-18 09:29:27,730 - DEBUG    - [16112] - MainThread - oms - oms:finvasia_get_orderbook - 472: Payload: jData= {"uid": "FN123771"}&jKey=c41accd27319a10256d4616f6727e59cebf211d21418b1df4d6146ac223f5113[0m
[0m2025-06-18 09:29:27,732 - DEBUG    - [16112] - MainThread - urllib3.connectionpool - connectionpool:_new_conn - 1049: Starting new HTTPS connection (1): api.shoonya.com:443[0m
[0m2025-06-18 09:29:27,928 - DEBUG    - [16112] - MainThread - urllib3.connectionpool - connectionpool:_make_request - 544: https://api.shoonya.com:443 "POST /NorenWClientTP/OrderBook HTTP/1.1" 200 94[0m
[0m2025-06-18 09:29:31,787 - DEBUG    - [16112] - MainThread - urllib3.connectionpool - connectionpool:_new_conn - 1049: Starting new HTTPS connection (1): api.kite.trade:443[0m
[0m2025-06-18 09:29:31,961 - DEBUG    - [16112] - MainThread - urllib3.connectionpool - connectionpool:_make_request - 544: https://api.kite.trade:443 "GET /orders HTTP/1.1" 200 30[0m
[0m2025-06-18 09:29:32,777 - DEBUG    - [16112] - MainThread - oms - oms:finvasia_get_orderbook - 472: Payload: jData= {"uid": "FN112899"}&jKey=5240cab299c43871c8769d02bbb4f13cdbb5e5b849bc2c88c74466f1064e9c7c[0m
[0m2025-06-18 09:29:32,777 - DEBUG    - [16112] - MainThread - urllib3.connectionpool - connectionpool:_new_conn - 1049: Starting new HTTPS connection (1): api.shoonya.com:443[0m
[0m2025-06-18 09:29:32,977 - DEBUG    - [16112] - MainThread - urllib3.connectionpool - connectionpool:_make_request - 544: https://api.shoonya.com:443 "POST /NorenWClientTP/OrderBook HTTP/1.1" 200 94[0m
[0m2025-06-18 09:29:32,977 - DEBUG    - [16112] - MainThread - oms - oms:finvasia_get_orderbook - 472: Payload: jData= {"uid": "FN123771"}&jKey=c41accd27319a10256d4616f6727e59cebf211d21418b1df4d6146ac223f5113[0m
[0m2025-06-18 09:29:32,977 - DEBUG    - [16112] - MainThread - urllib3.connectionpool - connectionpool:_new_conn - 1049: Starting new HTTPS connection (1): api.shoonya.com:443[0m
[0m2025-06-18 09:29:33,177 - DEBUG    - [16112] - MainThread - urllib3.connectionpool - connectionpool:_make_request - 544: https://api.shoonya.com:443 "POST /NorenWClientTP/OrderBook HTTP/1.1" 200 94[0m
[0m2025-06-18 09:29:37,061 - DEBUG    - [16112] - MainThread - urllib3.connectionpool - connectionpool:_new_conn - 1049: Starting new HTTPS connection (1): api.kite.trade:443[0m
[0m2025-06-18 09:29:37,228 - DEBUG    - [16112] - MainThread - urllib3.connectionpool - connectionpool:_make_request - 544: https://api.kite.trade:443 "GET /orders HTTP/1.1" 200 30[0m
[0m2025-06-18 09:29:38,032 - DEBUG    - [16112] - MainThread - oms - oms:finvasia_get_orderbook - 472: Payload: jData= {"uid": "FN112899"}&jKey=5240cab299c43871c8769d02bbb4f13cdbb5e5b849bc2c88c74466f1064e9c7c[0m
[0m2025-06-18 09:29:38,032 - DEBUG    - [16112] - MainThread - urllib3.connectionpool - connectionpool:_new_conn - 1049: Starting new HTTPS connection (1): api.shoonya.com:443[0m
[0m2025-06-18 09:29:38,228 - DEBUG    - [16112] - MainThread - urllib3.connectionpool - connectionpool:_make_request - 544: https://api.shoonya.com:443 "POST /NorenWClientTP/OrderBook HTTP/1.1" 200 94[0m
[0m2025-06-18 09:29:38,234 - DEBUG    - [16112] - MainThread - oms - oms:finvasia_get_orderbook - 472: Payload: jData= {"uid": "FN123771"}&jKey=c41accd27319a10256d4616f6727e59cebf211d21418b1df4d6146ac223f5113[0m
[0m2025-06-18 09:29:38,234 - DEBUG    - [16112] - MainThread - urllib3.connectionpool - connectionpool:_new_conn - 1049: Starting new HTTPS connection (1): api.shoonya.com:443[0m
[0m2025-06-18 09:29:38,444 - DEBUG    - [16112] - MainThread - urllib3.connectionpool - connectionpool:_make_request - 544: https://api.shoonya.com:443 "POST /NorenWClientTP/OrderBook HTTP/1.1" 200 94[0m
[0m2025-06-18 09:29:42,278 - DEBUG    - [16112] - MainThread - urllib3.connectionpool - connectionpool:_new_conn - 1049: Starting new HTTPS connection (1): api.kite.trade:443[0m
[0m2025-06-18 09:29:42,461 - DEBUG    - [16112] - MainThread - urllib3.connectionpool - connectionpool:_make_request - 544: https://api.kite.trade:443 "GET /orders HTTP/1.1" 200 30[0m
[0m2025-06-18 09:29:43,294 - DEBUG    - [16112] - MainThread - oms - oms:finvasia_get_orderbook - 472: Payload: jData= {"uid": "FN112899"}&jKey=5240cab299c43871c8769d02bbb4f13cdbb5e5b849bc2c88c74466f1064e9c7c[0m
[0m2025-06-18 09:29:43,294 - DEBUG    - [16112] - MainThread - urllib3.connectionpool - connectionpool:_new_conn - 1049: Starting new HTTPS connection (1): api.shoonya.com:443[0m
[0m2025-06-18 09:29:43,495 - DEBUG    - [16112] - MainThread - urllib3.connectionpool - connectionpool:_make_request - 544: https://api.shoonya.com:443 "POST /NorenWClientTP/OrderBook HTTP/1.1" 200 94[0m
[0m2025-06-18 09:29:43,502 - DEBUG    - [16112] - MainThread - oms - oms:finvasia_get_orderbook - 472: Payload: jData= {"uid": "FN123771"}&jKey=c41accd27319a10256d4616f6727e59cebf211d21418b1df4d6146ac223f5113[0m
[0m2025-06-18 09:29:43,502 - DEBUG    - [16112] - MainThread - urllib3.connectionpool - connectionpool:_new_conn - 1049: Starting new HTTPS connection (1): api.shoonya.com:443[0m
[0m2025-06-18 09:29:43,694 - DEBUG    - [16112] - MainThread - urllib3.connectionpool - connectionpool:_make_request - 544: https://api.shoonya.com:443 "POST /NorenWClientTP/OrderBook HTTP/1.1" 200 94[0m
[0m2025-06-18 09:29:47,529 - DEBUG    - [16112] - MainThread - urllib3.connectionpool - connectionpool:_new_conn - 1049: Starting new HTTPS connection (1): api.kite.trade:443[0m
[0m2025-06-18 09:29:47,711 - DEBUG    - [16112] - MainThread - urllib3.connectionpool - connectionpool:_make_request - 544: https://api.kite.trade:443 "GET /orders HTTP/1.1" 200 30[0m
[0m2025-06-18 09:29:48,529 - DEBUG    - [16112] - MainThread - oms - oms:finvasia_get_orderbook - 472: Payload: jData= {"uid": "FN112899"}&jKey=5240cab299c43871c8769d02bbb4f13cdbb5e5b849bc2c88c74466f1064e9c7c[0m
[0m2025-06-18 09:29:48,529 - DEBUG    - [16112] - MainThread - urllib3.connectionpool - connectionpool:_new_conn - 1049: Starting new HTTPS connection (1): api.shoonya.com:443[0m
[0m2025-06-18 09:29:48,765 - DEBUG    - [16112] - MainThread - urllib3.connectionpool - connectionpool:_make_request - 544: https://api.shoonya.com:443 "POST /NorenWClientTP/OrderBook HTTP/1.1" 200 94[0m
[0m2025-06-18 09:29:48,765 - DEBUG    - [16112] - MainThread - oms - oms:finvasia_get_orderbook - 472: Payload: jData= {"uid": "FN123771"}&jKey=c41accd27319a10256d4616f6727e59cebf211d21418b1df4d6146ac223f5113[0m
[0m2025-06-18 09:29:48,767 - DEBUG    - [16112] - MainThread - urllib3.connectionpool - connectionpool:_new_conn - 1049: Starting new HTTPS connection (1): api.shoonya.com:443[0m
[0m2025-06-18 09:29:49,030 - DEBUG    - [16112] - MainThread - urllib3.connectionpool - connectionpool:_make_request - 544: https://api.shoonya.com:443 "POST /NorenWClientTP/OrderBook HTTP/1.1" 200 94[0m
[0m2025-06-18 09:29:52,779 - DEBUG    - [16112] - MainThread - urllib3.connectionpool - connectionpool:_new_conn - 1049: Starting new HTTPS connection (1): api.kite.trade:443[0m
[0m2025-06-18 09:29:52,994 - DEBUG    - [16112] - MainThread - urllib3.connectionpool - connectionpool:_make_request - 544: https://api.kite.trade:443 "GET /orders HTTP/1.1" 200 30[0m
[0m2025-06-18 09:29:53,783 - DEBUG    - [16112] - MainThread - oms - oms:finvasia_get_orderbook - 472: Payload: jData= {"uid": "FN112899"}&jKey=5240cab299c43871c8769d02bbb4f13cdbb5e5b849bc2c88c74466f1064e9c7c[0m
[0m2025-06-18 09:29:53,783 - DEBUG    - [16112] - MainThread - urllib3.connectionpool - connectionpool:_new_conn - 1049: Starting new HTTPS connection (1): api.shoonya.com:443[0m
[0m2025-06-18 09:29:53,978 - DEBUG    - [16112] - MainThread - urllib3.connectionpool - connectionpool:_make_request - 544: https://api.shoonya.com:443 "POST /NorenWClientTP/OrderBook HTTP/1.1" 200 94[0m
[0m2025-06-18 09:29:54,044 - DEBUG    - [16112] - MainThread - oms - oms:finvasia_get_orderbook - 472: Payload: jData= {"uid": "FN123771"}&jKey=c41accd27319a10256d4616f6727e59cebf211d21418b1df4d6146ac223f5113[0m
[0m2025-06-18 09:29:54,044 - DEBUG    - [16112] - MainThread - urllib3.connectionpool - connectionpool:_new_conn - 1049: Starting new HTTPS connection (1): api.shoonya.com:443[0m
[0m2025-06-18 09:29:54,245 - DEBUG    - [16112] - MainThread - urllib3.connectionpool - connectionpool:_make_request - 544: https://api.shoonya.com:443 "POST /NorenWClientTP/OrderBook HTTP/1.1" 200 94[0m
[0m2025-06-18 09:29:58,042 - DEBUG    - [16112] - MainThread - urllib3.connectionpool - connectionpool:_new_conn - 1049: Starting new HTTPS connection (1): api.kite.trade:443[0m
[0m2025-06-18 09:29:58,233 - DEBUG    - [16112] - MainThread - urllib3.connectionpool - connectionpool:_make_request - 544: https://api.kite.trade:443 "GET /orders HTTP/1.1" 200 30[0m
[0m2025-06-18 09:29:59,042 - DEBUG    - [16112] - MainThread - oms - oms:finvasia_get_orderbook - 472: Payload: jData= {"uid": "FN112899"}&jKey=5240cab299c43871c8769d02bbb4f13cdbb5e5b849bc2c88c74466f1064e9c7c[0m
[0m2025-06-18 09:29:59,042 - DEBUG    - [16112] - MainThread - urllib3.connectionpool - connectionpool:_new_conn - 1049: Starting new HTTPS connection (1): api.shoonya.com:443[0m
[0m2025-06-18 09:29:59,247 - DEBUG    - [16112] - MainThread - urllib3.connectionpool - connectionpool:_make_request - 544: https://api.shoonya.com:443 "POST /NorenWClientTP/OrderBook HTTP/1.1" 200 94[0m
[0m2025-06-18 09:29:59,247 - DEBUG    - [16112] - MainThread - oms - oms:finvasia_get_orderbook - 472: Payload: jData= {"uid": "FN123771"}&jKey=c41accd27319a10256d4616f6727e59cebf211d21418b1df4d6146ac223f5113[0m
[0m2025-06-18 09:29:59,247 - DEBUG    - [16112] - MainThread - urllib3.connectionpool - connectionpool:_new_conn - 1049: Starting new HTTPS connection (1): api.shoonya.com:443[0m
[0m2025-06-18 09:29:59,461 - DEBUG    - [16112] - MainThread - urllib3.connectionpool - connectionpool:_make_request - 544: https://api.shoonya.com:443 "POST /NorenWClientTP/OrderBook HTTP/1.1" 200 94[0m
[0m2025-06-18 09:30:03,285 - DEBUG    - [16112] - MainThread - urllib3.connectionpool - connectionpool:_new_conn - 1049: Starting new HTTPS connection (1): api.kite.trade:443[0m
[0m2025-06-18 09:30:03,461 - DEBUG    - [16112] - MainThread - urllib3.connectionpool - connectionpool:_make_request - 544: https://api.kite.trade:443 "GET /orders HTTP/1.1" 200 30[0m
[0m2025-06-18 09:30:04,294 - DEBUG    - [16112] - MainThread - oms - oms:finvasia_get_orderbook - 472: Payload: jData= {"uid": "FN112899"}&jKey=5240cab299c43871c8769d02bbb4f13cdbb5e5b849bc2c88c74466f1064e9c7c[0m
[0m2025-06-18 09:30:04,295 - DEBUG    - [16112] - MainThread - urllib3.connectionpool - connectionpool:_new_conn - 1049: Starting new HTTPS connection (1): api.shoonya.com:443[0m
[0m2025-06-18 09:30:04,496 - DEBUG    - [16112] - MainThread - urllib3.connectionpool - connectionpool:_make_request - 544: https://api.shoonya.com:443 "POST /NorenWClientTP/OrderBook HTTP/1.1" 200 94[0m
[0m2025-06-18 09:30:04,496 - DEBUG    - [16112] - MainThread - oms - oms:finvasia_get_orderbook - 472: Payload: jData= {"uid": "FN123771"}&jKey=c41accd27319a10256d4616f6727e59cebf211d21418b1df4d6146ac223f5113[0m
[0m2025-06-18 09:30:04,496 - DEBUG    - [16112] - MainThread - urllib3.connectionpool - connectionpool:_new_conn - 1049: Starting new HTTPS connection (1): api.shoonya.com:443[0m
[0m2025-06-18 09:30:04,728 - DEBUG    - [16112] - MainThread - urllib3.connectionpool - connectionpool:_make_request - 544: https://api.shoonya.com:443 "POST /NorenWClientTP/OrderBook HTTP/1.1" 200 94[0m
[93m2025-06-18 09:30:05,783 - WARNING  - [16112] - MainThread - root - main:main - 587: Keyboard Interrupt[0m
