[0m2025-06-27 13:40:41,471 - DEBUG    - [23008] - MainThread - botocore.hooks - hooks:_alias_event_name - 482: Changing event name from creating-client-class.iot-data to creating-client-class.iot-data-plane[0m
[0m2025-06-27 13:40:41,472 - DEBUG    - [23008] - MainThread - botocore.hooks - hooks:_alias_event_name - 482: Changing event name from before-call.apigateway to before-call.api-gateway[0m
[0m2025-06-27 13:40:41,472 - DEBUG    - [23008] - MainThread - botocore.hooks - hooks:_alias_event_name - 482: Changing event name from request-created.machinelearning.Predict to request-created.machine-learning.Predict[0m
[0m2025-06-27 13:40:41,473 - DEBUG    - [23008] - MainThread - botocore.hooks - hooks:_alias_event_name - 482: Changing event name from before-parameter-build.autoscaling.CreateLaunchConfiguration to before-parameter-build.auto-scaling.CreateLaunchConfiguration[0m
[0m2025-06-27 13:40:41,473 - DEBUG    - [23008] - MainThread - botocore.hooks - hooks:_alias_event_name - 482: Changing event name from before-parameter-build.route53 to before-parameter-build.route-53[0m
[0m2025-06-27 13:40:41,473 - DEBUG    - [23008] - MainThread - botocore.hooks - hooks:_alias_event_name - 482: Changing event name from request-created.cloudsearchdomain.Search to request-created.cloudsearch-domain.Search[0m
[0m2025-06-27 13:40:41,473 - DEBUG    - [23008] - MainThread - botocore.hooks - hooks:_alias_event_name - 482: Changing event name from docs.*.autoscaling.CreateLaunchConfiguration.complete-section to docs.*.auto-scaling.CreateLaunchConfiguration.complete-section[0m
[0m2025-06-27 13:40:41,474 - DEBUG    - [23008] - MainThread - botocore.hooks - hooks:_alias_event_name - 482: Changing event name from before-parameter-build.logs.CreateExportTask to before-parameter-build.cloudwatch-logs.CreateExportTask[0m
[0m2025-06-27 13:40:41,474 - DEBUG    - [23008] - MainThread - botocore.hooks - hooks:_alias_event_name - 482: Changing event name from docs.*.logs.CreateExportTask.complete-section to docs.*.cloudwatch-logs.CreateExportTask.complete-section[0m
[0m2025-06-27 13:40:41,474 - DEBUG    - [23008] - MainThread - botocore.hooks - hooks:_alias_event_name - 482: Changing event name from before-parameter-build.cloudsearchdomain.Search to before-parameter-build.cloudsearch-domain.Search[0m
[0m2025-06-27 13:40:41,474 - DEBUG    - [23008] - MainThread - botocore.hooks - hooks:_alias_event_name - 482: Changing event name from docs.*.cloudsearchdomain.Search.complete-section to docs.*.cloudsearch-domain.Search.complete-section[0m
[0m2025-06-27 13:40:41,499 - DEBUG    - [23008] - MainThread - botocore.loaders - loaders:_load_file - 181: Loading JSON file: /Users/rajeshboppana/Downloads/Multiple User On Thread copy/venv/lib/python3.13/site-packages/boto3/data/dynamodb/2012-08-10/resources-1.json[0m
[0m2025-06-27 13:40:41,502 - DEBUG    - [23008] - MainThread - botocore.utils - utils:_select_base_url - 439: IMDS ENDPOINT: http://169.254.169.254/[0m
[0m2025-06-27 13:40:41,505 - DEBUG    - [23008] - MainThread - botocore.credentials - credentials:load_credentials - 2166: Looking for credentials via: env[0m
[0m2025-06-27 13:40:41,505 - DEBUG    - [23008] - MainThread - botocore.credentials - credentials:load_credentials - 2166: Looking for credentials via: assume-role[0m
[0m2025-06-27 13:40:41,505 - DEBUG    - [23008] - MainThread - botocore.credentials - credentials:load_credentials - 2166: Looking for credentials via: assume-role-with-web-identity[0m
[0m2025-06-27 13:40:41,505 - DEBUG    - [23008] - MainThread - botocore.credentials - credentials:load_credentials - 2166: Looking for credentials via: sso[0m
[0m2025-06-27 13:40:41,505 - DEBUG    - [23008] - MainThread - botocore.credentials - credentials:load_credentials - 2166: Looking for credentials via: shared-credentials-file[0m
[0m2025-06-27 13:40:41,505 - INFO     - [23008] - MainThread - botocore.credentials - credentials:load - 1352: Found credentials in shared credentials file: ~/.aws/credentials[0m
[0m2025-06-27 13:40:41,507 - DEBUG    - [23008] - MainThread - botocore.loaders - loaders:_load_file - 181: Loading JSON file: /Users/rajeshboppana/Downloads/Multiple User On Thread copy/venv/lib/python3.13/site-packages/botocore/data/endpoints.json[0m
[0m2025-06-27 13:40:41,516 - DEBUG    - [23008] - MainThread - botocore.loaders - loaders:_load_file - 181: Loading JSON file: /Users/rajeshboppana/Downloads/Multiple User On Thread copy/venv/lib/python3.13/site-packages/botocore/data/sdk-default-configuration.json[0m
[0m2025-06-27 13:40:41,516 - DEBUG    - [23008] - MainThread - botocore.hooks - hooks:_emit - 238: Event choose-service-name: calling handler <function handle_service_name_alias at 0x107b4d6c0>[0m
[0m2025-06-27 13:40:41,527 - DEBUG    - [23008] - MainThread - botocore.loaders - loaders:_load_file - 181: Loading JSON file: /Users/rajeshboppana/Downloads/Multiple User On Thread copy/venv/lib/python3.13/site-packages/botocore/data/dynamodb/2012-08-10/service-2.json.gz[0m
[0m2025-06-27 13:40:41,544 - DEBUG    - [23008] - MainThread - botocore.loaders - loaders:_load_file - 181: Loading JSON file: /Users/rajeshboppana/Downloads/Multiple User On Thread copy/venv/lib/python3.13/site-packages/botocore/data/dynamodb/2012-08-10/endpoint-rule-set-1.json.gz[0m
[0m2025-06-27 13:40:41,544 - DEBUG    - [23008] - MainThread - botocore.loaders - loaders:_load_file - 181: Loading JSON file: /Users/rajeshboppana/Downloads/Multiple User On Thread copy/venv/lib/python3.13/site-packages/botocore/data/partitions.json[0m
[0m2025-06-27 13:40:41,545 - DEBUG    - [23008] - MainThread - botocore.hooks - hooks:_emit - 238: Event creating-client-class.dynamodb: calling handler <function add_generate_presigned_url at 0x1078440e0>[0m
[0m2025-06-27 13:40:41,545 - DEBUG    - [23008] - MainThread - botocore.configprovider - configprovider:provide - 989: Looking for endpoint for dynamodb via: environment_service[0m
[0m2025-06-27 13:40:41,545 - DEBUG    - [23008] - MainThread - botocore.configprovider - configprovider:provide - 989: Looking for endpoint for dynamodb via: environment_global[0m
[0m2025-06-27 13:40:41,545 - DEBUG    - [23008] - MainThread - botocore.configprovider - configprovider:provide - 989: Looking for endpoint for dynamodb via: config_service[0m
[0m2025-06-27 13:40:41,545 - DEBUG    - [23008] - MainThread - botocore.configprovider - configprovider:provide - 989: Looking for endpoint for dynamodb via: config_global[0m
[0m2025-06-27 13:40:41,545 - DEBUG    - [23008] - MainThread - botocore.configprovider - configprovider:provide - 1005: No configured endpoint found.[0m
[0m2025-06-27 13:40:41,546 - DEBUG    - [23008] - MainThread - botocore.endpoint - endpoint:create_endpoint - 414: Setting dynamodb timeout as (60, 60)[0m
[0m2025-06-27 13:40:41,546 - DEBUG    - [23008] - MainThread - botocore.loaders - loaders:_load_file - 181: Loading JSON file: /Users/rajeshboppana/Downloads/Multiple User On Thread copy/venv/lib/python3.13/site-packages/botocore/data/_retry.json[0m
[0m2025-06-27 13:40:41,547 - DEBUG    - [23008] - MainThread - botocore.client - client:_register_legacy_retries - 279: Registering retry handlers for service: dynamodb[0m
[0m2025-06-27 13:40:41,547 - DEBUG    - [23008] - MainThread - boto3.resources.factory - factory:load_from_definition - 65: Loading dynamodb:dynamodb[0m
[0m2025-06-27 13:40:41,547 - DEBUG    - [23008] - MainThread - botocore.hooks - hooks:_emit - 238: Event creating-resource-class.dynamodb.ServiceResource: calling handler <function lazy_call.<locals>._handler at 0x13c28c720>[0m
[0m2025-06-27 13:40:41,549 - DEBUG    - [23008] - MainThread - boto3.resources.factory - factory:load_from_definition - 65: Loading dynamodb:Table[0m
[0m2025-06-27 13:40:41,549 - DEBUG    - [23008] - MainThread - botocore.hooks - hooks:_emit - 238: Event creating-resource-class.dynamodb.Table: calling handler <function lazy_call.<locals>._handler at 0x13c28c7c0>[0m
[0m2025-06-27 13:40:41,549 - DEBUG    - [23008] - MainThread - botocore.hooks - hooks:_emit - 238: Event creating-resource-class.dynamodb.Table: calling handler <function lazy_call.<locals>._handler at 0x13c28c720>[0m
[0m2025-06-27 13:40:41,611 - INFO     - [23008] - MainThread - werkzeug - _internal:_log - 97: [31m[1mWARNING: This is a development server. Do not use it in a production deployment. Use a production WSGI server instead.[0m
 * Running on all addresses (0.0.0.0)
 * Running on http://127.0.0.1:5000
 * Running on http://192.168.0.205:5000[0m
[0m2025-06-27 13:40:41,611 - INFO     - [23008] - MainThread - werkzeug - _internal:_log - 97: [33mPress CTRL+C to quit[0m[0m
[0m2025-06-27 13:40:41,612 - INFO     - [23008] - MainThread - werkzeug - _internal:_log - 97:  * Restarting with stat[0m
