2025-04-30 14:15:12,225 - DEBUG    - [2692] - MainThread - urllib3.connectionpool - connectionpool:_new_conn - 1049: Starting new HTTPS connection (1): kite.zerodha.com:443
2025-04-30 14:15:12,335 - DEBUG    - [2692] - MainThread - urllib3.connectionpool - connectionpool:_make_request - 544: https://kite.zerodha.com:443 "POST /api/login HTTP/1.1" 200 None
2025-04-30 14:15:12,417 - DEBUG    - [2692] - MainThread - urllib3.connectionpool - connectionpool:_make_request - 544: https://kite.zerodha.com:443 "POST /api/twofa HTTP/1.1" 200 42
2025-04-30 14:15:12,471 - DEBUG    - [2692] - MainThread - urllib3.connectionpool - connectionpool:_make_request - 544: https://kite.zerodha.com:443 "GET /connect/login?v=3&api_key=pyjttc3uafwlge28 HTTP/1.1" 302 0
2025-04-30 14:15:12,529 - DEBUG    - [2692] - MainThread - urllib3.connectionpool - connectionpool:_make_request - 544: https://kite.zerodha.com:443 "GET /connect/finish?sess_id=FINGm4LYhAD94kIxilLApBCTVabUIEVk&api_key=pyjttc3uafwlge28 HTTP/1.1" 302 0
2025-04-30 14:15:12,544 - DEBUG    - [2692] - MainThread - urllib3.connectionpool - connectionpool:_new_conn - 1049: Starting new HTTPS connection (1): api.kite.trade:443
2025-04-30 14:15:12,607 - DEBUG    - [2692] - MainThread - urllib3.connectionpool - connectionpool:_make_request - 544: https://api.kite.trade:443 "POST /session/token HTTP/1.1" 200 None
2025-04-30 14:15:12,613 - DEBUG    - [2692] - MainThread - urllib3.connectionpool - connectionpool:_new_conn - 1049: Starting new HTTPS connection (1): api.shoonya.com:443
2025-04-30 14:15:12,686 - DEBUG    - [2692] - MainThread - urllib3.connectionpool - connectionpool:_make_request - 544: https://api.shoonya.com:443 "POST /NorenWClientTP/QuickAuth HTTP/1.1" 200 1404
2025-04-30 14:15:12,686 - INFO     - [2692] - MainThread - oms - oms:shoonya_login - 145: Shoonya loggedin successfully.
2025-04-30 14:15:12,734 - INFO     - [2692] - Thread-1 (run) - pricefeed - pricefeed:on_connect - 44: Feed connected successfully.
2025-04-30 14:15:12,734 - INFO     - [2692] - Thread-1 (run) - pricefeed - pricefeed:subscribe - 81: Succesfully subscribed 4000 tokens.
2025-04-30 14:15:12,734 - INFO     - [2692] - Thread-1 (run) - pricefeed - pricefeed:on_connect - 51: pricefeed connected, <kiteconnect.ticker.KiteTicker object at 0x000001BC159E4D70>
2025-04-30 14:15:12,759 - INFO     - [2692] - MainThread - root - main:main - 227: Next check-time: 14:42:00
2025-04-30 14:15:15,443 - DEBUG    - [2692] - MainThread - urllib3.connectionpool - connectionpool:_new_conn - 1049: Starting new HTTPS connection (1): api.shoonya.com:443
2025-04-30 14:15:15,522 - DEBUG    - [2692] - MainThread - urllib3.connectionpool - connectionpool:_make_request - 544: https://api.shoonya.com:443 "POST /NorenWClientTP/GetPendingGTTOrder HTTP/1.1" 200 2
2025-04-30 14:15:15,522 - DEBUG    - [2692] - MainThread - oms - oms:finvesia_get_pending_gtt_orders - 399: pending gtt orders []
2025-04-30 14:15:15,522 - DEBUG    - [2692] - MainThread - oms - oms:finvasia_get_orderbook - 333: Payload: jData= {"uid": "FN112899"}&jKey=bf890ec97c5fc9ca31259c455e87ea28a532457e8bb630e288daf20618a352c5
2025-04-30 14:15:15,523 - DEBUG    - [2692] - MainThread - urllib3.connectionpool - connectionpool:_new_conn - 1049: Starting new HTTPS connection (1): api.shoonya.com:443
2025-04-30 14:15:15,603 - DEBUG    - [2692] - MainThread - urllib3.connectionpool - connectionpool:_make_request - 544: https://api.shoonya.com:443 "POST /NorenWClientTP/OrderBook HTTP/1.1" 200 2479
2025-04-30 14:15:18,101 - DEBUG    - [2692] - MainThread - urllib3.connectionpool - connectionpool:_new_conn - 1049: Starting new HTTPS connection (1): api.shoonya.com:443
2025-04-30 14:15:18,176 - DEBUG    - [2692] - MainThread - urllib3.connectionpool - connectionpool:_make_request - 544: https://api.shoonya.com:443 "POST /NorenWClientTP/GetPendingGTTOrder HTTP/1.1" 200 2
2025-04-30 14:15:18,179 - DEBUG    - [2692] - MainThread - oms - oms:finvesia_get_pending_gtt_orders - 399: pending gtt orders []
2025-04-30 14:15:18,179 - DEBUG    - [2692] - MainThread - oms - oms:finvasia_get_orderbook - 333: Payload: jData= {"uid": "FN112899"}&jKey=bf890ec97c5fc9ca31259c455e87ea28a532457e8bb630e288daf20618a352c5
2025-04-30 14:15:18,185 - DEBUG    - [2692] - MainThread - urllib3.connectionpool - connectionpool:_new_conn - 1049: Starting new HTTPS connection (1): api.shoonya.com:443
2025-04-30 14:15:18,255 - DEBUG    - [2692] - MainThread - urllib3.connectionpool - connectionpool:_make_request - 544: https://api.shoonya.com:443 "POST /NorenWClientTP/OrderBook HTTP/1.1" 200 2479
2025-04-30 14:15:21,171 - DEBUG    - [2692] - MainThread - urllib3.connectionpool - connectionpool:_new_conn - 1049: Starting new HTTPS connection (1): api.shoonya.com:443
2025-04-30 14:15:21,253 - DEBUG    - [2692] - MainThread - urllib3.connectionpool - connectionpool:_make_request - 544: https://api.shoonya.com:443 "POST /NorenWClientTP/GetPendingGTTOrder HTTP/1.1" 200 2
2025-04-30 14:15:21,253 - DEBUG    - [2692] - MainThread - oms - oms:finvesia_get_pending_gtt_orders - 399: pending gtt orders []
2025-04-30 14:15:21,253 - DEBUG    - [2692] - MainThread - oms - oms:finvasia_get_orderbook - 333: Payload: jData= {"uid": "FN112899"}&jKey=bf890ec97c5fc9ca31259c455e87ea28a532457e8bb630e288daf20618a352c5
2025-04-30 14:15:21,253 - DEBUG    - [2692] - MainThread - urllib3.connectionpool - connectionpool:_new_conn - 1049: Starting new HTTPS connection (1): api.shoonya.com:443
2025-04-30 14:15:21,325 - DEBUG    - [2692] - MainThread - urllib3.connectionpool - connectionpool:_make_request - 544: https://api.shoonya.com:443 "POST /NorenWClientTP/OrderBook HTTP/1.1" 200 2479
2025-04-30 14:15:23,469 - DEBUG    - [2692] - MainThread - urllib3.connectionpool - connectionpool:_new_conn - 1049: Starting new HTTPS connection (1): api.shoonya.com:443
2025-04-30 14:15:23,558 - DEBUG    - [2692] - MainThread - urllib3.connectionpool - connectionpool:_make_request - 544: https://api.shoonya.com:443 "POST /NorenWClientTP/GetPendingGTTOrder HTTP/1.1" 200 2
2025-04-30 14:15:23,558 - DEBUG    - [2692] - MainThread - oms - oms:finvesia_get_pending_gtt_orders - 399: pending gtt orders []
2025-04-30 14:15:23,558 - DEBUG    - [2692] - MainThread - oms - oms:finvasia_get_orderbook - 333: Payload: jData= {"uid": "FN112899"}&jKey=bf890ec97c5fc9ca31259c455e87ea28a532457e8bb630e288daf20618a352c5
2025-04-30 14:15:23,558 - DEBUG    - [2692] - MainThread - urllib3.connectionpool - connectionpool:_new_conn - 1049: Starting new HTTPS connection (1): api.shoonya.com:443
2025-04-30 14:15:23,630 - DEBUG    - [2692] - MainThread - urllib3.connectionpool - connectionpool:_make_request - 544: https://api.shoonya.com:443 "POST /NorenWClientTP/OrderBook HTTP/1.1" 200 2479
2025-04-30 14:15:25,225 - DEBUG    - [2692] - MainThread - urllib3.connectionpool - connectionpool:_new_conn - 1049: Starting new HTTPS connection (1): api.shoonya.com:443
2025-04-30 14:15:25,289 - DEBUG    - [2692] - MainThread - urllib3.connectionpool - connectionpool:_make_request - 544: https://api.shoonya.com:443 "POST /NorenWClientTP/GetPendingGTTOrder HTTP/1.1" 200 2
2025-04-30 14:15:25,295 - DEBUG    - [2692] - MainThread - oms - oms:finvesia_get_pending_gtt_orders - 399: pending gtt orders []
2025-04-30 14:15:25,295 - DEBUG    - [2692] - MainThread - oms - oms:finvasia_get_orderbook - 333: Payload: jData= {"uid": "FN112899"}&jKey=bf890ec97c5fc9ca31259c455e87ea28a532457e8bb630e288daf20618a352c5
2025-04-30 14:15:25,295 - DEBUG    - [2692] - MainThread - urllib3.connectionpool - connectionpool:_new_conn - 1049: Starting new HTTPS connection (1): api.shoonya.com:443
2025-04-30 14:15:25,359 - DEBUG    - [2692] - MainThread - urllib3.connectionpool - connectionpool:_make_request - 544: https://api.shoonya.com:443 "POST /NorenWClientTP/OrderBook HTTP/1.1" 200 2479
2025-04-30 14:15:28,128 - DEBUG    - [2692] - MainThread - urllib3.connectionpool - connectionpool:_new_conn - 1049: Starting new HTTPS connection (1): api.shoonya.com:443
2025-04-30 14:15:28,203 - DEBUG    - [2692] - MainThread - urllib3.connectionpool - connectionpool:_make_request - 544: https://api.shoonya.com:443 "POST /NorenWClientTP/GetPendingGTTOrder HTTP/1.1" 200 2
2025-04-30 14:15:28,205 - DEBUG    - [2692] - MainThread - oms - oms:finvesia_get_pending_gtt_orders - 399: pending gtt orders []
2025-04-30 14:15:28,205 - DEBUG    - [2692] - MainThread - oms - oms:finvasia_get_orderbook - 333: Payload: jData= {"uid": "FN112899"}&jKey=bf890ec97c5fc9ca31259c455e87ea28a532457e8bb630e288daf20618a352c5
2025-04-30 14:15:28,207 - DEBUG    - [2692] - MainThread - urllib3.connectionpool - connectionpool:_new_conn - 1049: Starting new HTTPS connection (1): api.shoonya.com:443
2025-04-30 14:15:28,281 - DEBUG    - [2692] - MainThread - urllib3.connectionpool - connectionpool:_make_request - 544: https://api.shoonya.com:443 "POST /NorenWClientTP/OrderBook HTTP/1.1" 200 2479
2025-04-30 14:15:30,237 - DEBUG    - [2692] - MainThread - urllib3.connectionpool - connectionpool:_new_conn - 1049: Starting new HTTPS connection (1): api.shoonya.com:443
2025-04-30 14:15:30,292 - DEBUG    - [2692] - MainThread - urllib3.connectionpool - connectionpool:_make_request - 544: https://api.shoonya.com:443 "POST /NorenWClientTP/GetPendingGTTOrder HTTP/1.1" 200 2
2025-04-30 14:15:30,292 - DEBUG    - [2692] - MainThread - oms - oms:finvesia_get_pending_gtt_orders - 399: pending gtt orders []
2025-04-30 14:15:30,292 - DEBUG    - [2692] - MainThread - oms - oms:finvasia_get_orderbook - 333: Payload: jData= {"uid": "FN112899"}&jKey=bf890ec97c5fc9ca31259c455e87ea28a532457e8bb630e288daf20618a352c5
2025-04-30 14:15:30,292 - DEBUG    - [2692] - MainThread - urllib3.connectionpool - connectionpool:_new_conn - 1049: Starting new HTTPS connection (1): api.shoonya.com:443
2025-04-30 14:15:30,374 - DEBUG    - [2692] - MainThread - urllib3.connectionpool - connectionpool:_make_request - 544: https://api.shoonya.com:443 "POST /NorenWClientTP/OrderBook HTTP/1.1" 200 2479
2025-04-30 14:15:36,069 - DEBUG    - [2692] - MainThread - urllib3.connectionpool - connectionpool:_new_conn - 1049: Starting new HTTPS connection (1): api.shoonya.com:443
2025-04-30 14:15:36,147 - DEBUG    - [2692] - MainThread - urllib3.connectionpool - connectionpool:_make_request - 544: https://api.shoonya.com:443 "POST /NorenWClientTP/GetPendingGTTOrder HTTP/1.1" 200 2
2025-04-30 14:15:36,147 - DEBUG    - [2692] - MainThread - oms - oms:finvesia_get_pending_gtt_orders - 399: pending gtt orders []
2025-04-30 14:15:36,147 - DEBUG    - [2692] - MainThread - oms - oms:finvasia_get_orderbook - 333: Payload: jData= {"uid": "FN112899"}&jKey=bf890ec97c5fc9ca31259c455e87ea28a532457e8bb630e288daf20618a352c5
2025-04-30 14:15:36,147 - DEBUG    - [2692] - MainThread - urllib3.connectionpool - connectionpool:_new_conn - 1049: Starting new HTTPS connection (1): api.shoonya.com:443
2025-04-30 14:15:36,212 - DEBUG    - [2692] - MainThread - urllib3.connectionpool - connectionpool:_make_request - 544: https://api.shoonya.com:443 "POST /NorenWClientTP/OrderBook HTTP/1.1" 200 2479
2025-04-30 14:15:38,150 - DEBUG    - [2692] - MainThread - urllib3.connectionpool - connectionpool:_new_conn - 1049: Starting new HTTPS connection (1): api.shoonya.com:443
2025-04-30 14:15:38,258 - DEBUG    - [2692] - MainThread - urllib3.connectionpool - connectionpool:_make_request - 544: https://api.shoonya.com:443 "POST /NorenWClientTP/GetPendingGTTOrder HTTP/1.1" 200 2
2025-04-30 14:15:38,258 - DEBUG    - [2692] - MainThread - oms - oms:finvesia_get_pending_gtt_orders - 399: pending gtt orders []
2025-04-30 14:15:38,258 - DEBUG    - [2692] - MainThread - oms - oms:finvasia_get_orderbook - 333: Payload: jData= {"uid": "FN112899"}&jKey=bf890ec97c5fc9ca31259c455e87ea28a532457e8bb630e288daf20618a352c5
2025-04-30 14:15:38,273 - DEBUG    - [2692] - MainThread - urllib3.connectionpool - connectionpool:_new_conn - 1049: Starting new HTTPS connection (1): api.shoonya.com:443
2025-04-30 14:15:38,337 - DEBUG    - [2692] - MainThread - urllib3.connectionpool - connectionpool:_make_request - 544: https://api.shoonya.com:443 "POST /NorenWClientTP/OrderBook HTTP/1.1" 200 2479
2025-04-30 14:15:41,765 - DEBUG    - [2692] - MainThread - urllib3.connectionpool - connectionpool:_new_conn - 1049: Starting new HTTPS connection (1): api.shoonya.com:443
2025-04-30 14:15:41,845 - DEBUG    - [2692] - MainThread - urllib3.connectionpool - connectionpool:_make_request - 544: https://api.shoonya.com:443 "POST /NorenWClientTP/GetPendingGTTOrder HTTP/1.1" 200 2
2025-04-30 14:15:41,845 - DEBUG    - [2692] - MainThread - oms - oms:finvesia_get_pending_gtt_orders - 399: pending gtt orders []
2025-04-30 14:15:41,845 - DEBUG    - [2692] - MainThread - oms - oms:finvasia_get_orderbook - 333: Payload: jData= {"uid": "FN112899"}&jKey=bf890ec97c5fc9ca31259c455e87ea28a532457e8bb630e288daf20618a352c5
2025-04-30 14:15:41,853 - DEBUG    - [2692] - MainThread - urllib3.connectionpool - connectionpool:_new_conn - 1049: Starting new HTTPS connection (1): api.shoonya.com:443
2025-04-30 14:15:41,955 - DEBUG    - [2692] - MainThread - urllib3.connectionpool - connectionpool:_make_request - 544: https://api.shoonya.com:443 "POST /NorenWClientTP/OrderBook HTTP/1.1" 200 2479
2025-04-30 14:15:43,467 - DEBUG    - [2692] - MainThread - urllib3.connectionpool - connectionpool:_new_conn - 1049: Starting new HTTPS connection (1): api.shoonya.com:443
2025-04-30 14:15:43,525 - DEBUG    - [2692] - MainThread - urllib3.connectionpool - connectionpool:_make_request - 544: https://api.shoonya.com:443 "POST /NorenWClientTP/GetPendingGTTOrder HTTP/1.1" 200 2
2025-04-30 14:15:43,525 - DEBUG    - [2692] - MainThread - oms - oms:finvesia_get_pending_gtt_orders - 399: pending gtt orders []
2025-04-30 14:15:43,532 - DEBUG    - [2692] - MainThread - oms - oms:finvasia_get_orderbook - 333: Payload: jData= {"uid": "FN112899"}&jKey=bf890ec97c5fc9ca31259c455e87ea28a532457e8bb630e288daf20618a352c5
2025-04-30 14:15:43,532 - DEBUG    - [2692] - MainThread - urllib3.connectionpool - connectionpool:_new_conn - 1049: Starting new HTTPS connection (1): api.shoonya.com:443
2025-04-30 14:15:43,595 - DEBUG    - [2692] - MainThread - urllib3.connectionpool - connectionpool:_make_request - 544: https://api.shoonya.com:443 "POST /NorenWClientTP/OrderBook HTTP/1.1" 200 2479
2025-04-30 14:15:45,335 - DEBUG    - [2692] - MainThread - urllib3.connectionpool - connectionpool:_new_conn - 1049: Starting new HTTPS connection (1): api.shoonya.com:443
2025-04-30 14:15:45,402 - DEBUG    - [2692] - MainThread - urllib3.connectionpool - connectionpool:_make_request - 544: https://api.shoonya.com:443 "POST /NorenWClientTP/GetPendingGTTOrder HTTP/1.1" 200 2
2025-04-30 14:15:45,402 - DEBUG    - [2692] - MainThread - oms - oms:finvesia_get_pending_gtt_orders - 399: pending gtt orders []
2025-04-30 14:15:45,402 - DEBUG    - [2692] - MainThread - oms - oms:finvasia_get_orderbook - 333: Payload: jData= {"uid": "FN112899"}&jKey=bf890ec97c5fc9ca31259c455e87ea28a532457e8bb630e288daf20618a352c5
2025-04-30 14:15:45,402 - DEBUG    - [2692] - MainThread - urllib3.connectionpool - connectionpool:_new_conn - 1049: Starting new HTTPS connection (1): api.shoonya.com:443
2025-04-30 14:15:45,479 - DEBUG    - [2692] - MainThread - urllib3.connectionpool - connectionpool:_make_request - 544: https://api.shoonya.com:443 "POST /NorenWClientTP/OrderBook HTTP/1.1" 200 2479
2025-04-30 14:15:46,667 - DEBUG    - [2692] - MainThread - urllib3.connectionpool - connectionpool:_new_conn - 1049: Starting new HTTPS connection (1): api.shoonya.com:443
2025-04-30 14:15:46,739 - DEBUG    - [2692] - MainThread - urllib3.connectionpool - connectionpool:_make_request - 544: https://api.shoonya.com:443 "POST /NorenWClientTP/GetPendingGTTOrder HTTP/1.1" 200 2
2025-04-30 14:15:46,740 - DEBUG    - [2692] - MainThread - oms - oms:finvesia_get_pending_gtt_orders - 399: pending gtt orders []
2025-04-30 14:15:46,740 - DEBUG    - [2692] - MainThread - oms - oms:finvasia_get_orderbook - 333: Payload: jData= {"uid": "FN112899"}&jKey=bf890ec97c5fc9ca31259c455e87ea28a532457e8bb630e288daf20618a352c5
2025-04-30 14:15:46,742 - DEBUG    - [2692] - MainThread - urllib3.connectionpool - connectionpool:_new_conn - 1049: Starting new HTTPS connection (1): api.shoonya.com:443
2025-04-30 14:15:46,815 - DEBUG    - [2692] - MainThread - urllib3.connectionpool - connectionpool:_make_request - 544: https://api.shoonya.com:443 "POST /NorenWClientTP/OrderBook HTTP/1.1" 200 2479
2025-04-30 14:15:48,113 - DEBUG    - [2692] - MainThread - urllib3.connectionpool - connectionpool:_new_conn - 1049: Starting new HTTPS connection (1): api.shoonya.com:443
2025-04-30 14:15:48,185 - DEBUG    - [2692] - MainThread - urllib3.connectionpool - connectionpool:_make_request - 544: https://api.shoonya.com:443 "POST /NorenWClientTP/GetPendingGTTOrder HTTP/1.1" 200 2
2025-04-30 14:15:48,185 - DEBUG    - [2692] - MainThread - oms - oms:finvesia_get_pending_gtt_orders - 399: pending gtt orders []
2025-04-30 14:15:48,185 - DEBUG    - [2692] - MainThread - oms - oms:finvasia_get_orderbook - 333: Payload: jData= {"uid": "FN112899"}&jKey=bf890ec97c5fc9ca31259c455e87ea28a532457e8bb630e288daf20618a352c5
2025-04-30 14:15:48,185 - DEBUG    - [2692] - MainThread - urllib3.connectionpool - connectionpool:_new_conn - 1049: Starting new HTTPS connection (1): api.shoonya.com:443
2025-04-30 14:15:48,257 - DEBUG    - [2692] - MainThread - urllib3.connectionpool - connectionpool:_make_request - 544: https://api.shoonya.com:443 "POST /NorenWClientTP/OrderBook HTTP/1.1" 200 2479
2025-04-30 14:15:49,839 - DEBUG    - [2692] - MainThread - urllib3.connectionpool - connectionpool:_new_conn - 1049: Starting new HTTPS connection (1): api.shoonya.com:443
2025-04-30 14:15:49,901 - DEBUG    - [2692] - MainThread - urllib3.connectionpool - connectionpool:_make_request - 544: https://api.shoonya.com:443 "POST /NorenWClientTP/GetPendingGTTOrder HTTP/1.1" 200 2
2025-04-30 14:15:49,901 - DEBUG    - [2692] - MainThread - oms - oms:finvesia_get_pending_gtt_orders - 399: pending gtt orders []
2025-04-30 14:15:49,901 - DEBUG    - [2692] - MainThread - oms - oms:finvasia_get_orderbook - 333: Payload: jData= {"uid": "FN112899"}&jKey=bf890ec97c5fc9ca31259c455e87ea28a532457e8bb630e288daf20618a352c5
2025-04-30 14:15:49,901 - DEBUG    - [2692] - MainThread - urllib3.connectionpool - connectionpool:_new_conn - 1049: Starting new HTTPS connection (1): api.shoonya.com:443
2025-04-30 14:15:49,965 - DEBUG    - [2692] - MainThread - urllib3.connectionpool - connectionpool:_make_request - 544: https://api.shoonya.com:443 "POST /NorenWClientTP/OrderBook HTTP/1.1" 200 2479
2025-04-30 14:15:51,347 - DEBUG    - [2692] - MainThread - urllib3.connectionpool - connectionpool:_new_conn - 1049: Starting new HTTPS connection (1): api.shoonya.com:443
2025-04-30 14:15:51,411 - DEBUG    - [2692] - MainThread - urllib3.connectionpool - connectionpool:_make_request - 544: https://api.shoonya.com:443 "POST /NorenWClientTP/GetPendingGTTOrder HTTP/1.1" 200 2
2025-04-30 14:15:51,411 - DEBUG    - [2692] - MainThread - oms - oms:finvesia_get_pending_gtt_orders - 399: pending gtt orders []
2025-04-30 14:15:51,411 - DEBUG    - [2692] - MainThread - oms - oms:finvasia_get_orderbook - 333: Payload: jData= {"uid": "FN112899"}&jKey=bf890ec97c5fc9ca31259c455e87ea28a532457e8bb630e288daf20618a352c5
2025-04-30 14:15:51,411 - DEBUG    - [2692] - MainThread - urllib3.connectionpool - connectionpool:_new_conn - 1049: Starting new HTTPS connection (1): api.shoonya.com:443
2025-04-30 14:15:51,475 - DEBUG    - [2692] - MainThread - urllib3.connectionpool - connectionpool:_make_request - 544: https://api.shoonya.com:443 "POST /NorenWClientTP/OrderBook HTTP/1.1" 200 2479
2025-04-30 14:15:52,914 - DEBUG    - [2692] - MainThread - urllib3.connectionpool - connectionpool:_new_conn - 1049: Starting new HTTPS connection (1): api.shoonya.com:443
2025-04-30 14:15:52,994 - DEBUG    - [2692] - MainThread - urllib3.connectionpool - connectionpool:_make_request - 544: https://api.shoonya.com:443 "POST /NorenWClientTP/GetPendingGTTOrder HTTP/1.1" 200 2
2025-04-30 14:15:52,994 - DEBUG    - [2692] - MainThread - oms - oms:finvesia_get_pending_gtt_orders - 399: pending gtt orders []
2025-04-30 14:15:52,996 - DEBUG    - [2692] - MainThread - oms - oms:finvasia_get_orderbook - 333: Payload: jData= {"uid": "FN112899"}&jKey=bf890ec97c5fc9ca31259c455e87ea28a532457e8bb630e288daf20618a352c5
2025-04-30 14:15:52,996 - DEBUG    - [2692] - MainThread - urllib3.connectionpool - connectionpool:_new_conn - 1049: Starting new HTTPS connection (1): api.shoonya.com:443
2025-04-30 14:15:53,089 - DEBUG    - [2692] - MainThread - urllib3.connectionpool - connectionpool:_make_request - 544: https://api.shoonya.com:443 "POST /NorenWClientTP/OrderBook HTTP/1.1" 200 2479
2025-04-30 14:15:54,358 - DEBUG    - [2692] - MainThread - urllib3.connectionpool - connectionpool:_new_conn - 1049: Starting new HTTPS connection (1): api.shoonya.com:443
2025-04-30 14:15:54,434 - DEBUG    - [2692] - MainThread - urllib3.connectionpool - connectionpool:_make_request - 544: https://api.shoonya.com:443 "POST /NorenWClientTP/GetPendingGTTOrder HTTP/1.1" 200 2
2025-04-30 14:15:54,434 - DEBUG    - [2692] - MainThread - oms - oms:finvesia_get_pending_gtt_orders - 399: pending gtt orders []
2025-04-30 14:15:54,434 - DEBUG    - [2692] - MainThread - oms - oms:finvasia_get_orderbook - 333: Payload: jData= {"uid": "FN112899"}&jKey=bf890ec97c5fc9ca31259c455e87ea28a532457e8bb630e288daf20618a352c5
2025-04-30 14:15:54,434 - DEBUG    - [2692] - MainThread - urllib3.connectionpool - connectionpool:_new_conn - 1049: Starting new HTTPS connection (1): api.shoonya.com:443
2025-04-30 14:15:54,519 - DEBUG    - [2692] - MainThread - urllib3.connectionpool - connectionpool:_make_request - 544: https://api.shoonya.com:443 "POST /NorenWClientTP/OrderBook HTTP/1.1" 200 2479
2025-04-30 14:15:55,868 - DEBUG    - [2692] - MainThread - urllib3.connectionpool - connectionpool:_new_conn - 1049: Starting new HTTPS connection (1): api.shoonya.com:443
2025-04-30 14:15:55,928 - DEBUG    - [2692] - MainThread - urllib3.connectionpool - connectionpool:_make_request - 544: https://api.shoonya.com:443 "POST /NorenWClientTP/GetPendingGTTOrder HTTP/1.1" 200 2
2025-04-30 14:15:55,928 - DEBUG    - [2692] - MainThread - oms - oms:finvesia_get_pending_gtt_orders - 399: pending gtt orders []
2025-04-30 14:15:55,928 - DEBUG    - [2692] - MainThread - oms - oms:finvasia_get_orderbook - 333: Payload: jData= {"uid": "FN112899"}&jKey=bf890ec97c5fc9ca31259c455e87ea28a532457e8bb630e288daf20618a352c5
2025-04-30 14:15:55,938 - DEBUG    - [2692] - MainThread - urllib3.connectionpool - connectionpool:_new_conn - 1049: Starting new HTTPS connection (1): api.shoonya.com:443
2025-04-30 14:15:56,023 - DEBUG    - [2692] - MainThread - urllib3.connectionpool - connectionpool:_make_request - 544: https://api.shoonya.com:443 "POST /NorenWClientTP/OrderBook HTTP/1.1" 200 2479
2025-04-30 14:15:57,102 - DEBUG    - [2692] - MainThread - urllib3.connectionpool - connectionpool:_new_conn - 1049: Starting new HTTPS connection (1): api.shoonya.com:443
2025-04-30 14:15:57,173 - DEBUG    - [2692] - MainThread - urllib3.connectionpool - connectionpool:_make_request - 544: https://api.shoonya.com:443 "POST /NorenWClientTP/GetPendingGTTOrder HTTP/1.1" 200 2
2025-04-30 14:15:57,173 - DEBUG    - [2692] - MainThread - oms - oms:finvesia_get_pending_gtt_orders - 399: pending gtt orders []
2025-04-30 14:15:57,173 - DEBUG    - [2692] - MainThread - oms - oms:finvasia_get_orderbook - 333: Payload: jData= {"uid": "FN112899"}&jKey=bf890ec97c5fc9ca31259c455e87ea28a532457e8bb630e288daf20618a352c5
2025-04-30 14:15:57,176 - DEBUG    - [2692] - MainThread - urllib3.connectionpool - connectionpool:_new_conn - 1049: Starting new HTTPS connection (1): api.shoonya.com:443
2025-04-30 14:15:57,237 - DEBUG    - [2692] - MainThread - urllib3.connectionpool - connectionpool:_make_request - 544: https://api.shoonya.com:443 "POST /NorenWClientTP/OrderBook HTTP/1.1" 200 2479
2025-04-30 14:15:58,263 - DEBUG    - [2692] - MainThread - urllib3.connectionpool - connectionpool:_new_conn - 1049: Starting new HTTPS connection (1): api.shoonya.com:443
2025-04-30 14:15:58,326 - DEBUG    - [2692] - MainThread - urllib3.connectionpool - connectionpool:_make_request - 544: https://api.shoonya.com:443 "POST /NorenWClientTP/GetPendingGTTOrder HTTP/1.1" 200 2
2025-04-30 14:15:58,326 - DEBUG    - [2692] - MainThread - oms - oms:finvesia_get_pending_gtt_orders - 399: pending gtt orders []
2025-04-30 14:15:58,326 - DEBUG    - [2692] - MainThread - oms - oms:finvasia_get_orderbook - 333: Payload: jData= {"uid": "FN112899"}&jKey=bf890ec97c5fc9ca31259c455e87ea28a532457e8bb630e288daf20618a352c5
2025-04-30 14:15:58,326 - DEBUG    - [2692] - MainThread - urllib3.connectionpool - connectionpool:_new_conn - 1049: Starting new HTTPS connection (1): api.shoonya.com:443
2025-04-30 14:15:58,406 - DEBUG    - [2692] - MainThread - urllib3.connectionpool - connectionpool:_make_request - 544: https://api.shoonya.com:443 "POST /NorenWClientTP/OrderBook HTTP/1.1" 200 2479
2025-04-30 14:16:06,182 - DEBUG    - [2692] - MainThread - urllib3.connectionpool - connectionpool:_new_conn - 1049: Starting new HTTPS connection (1): api.shoonya.com:443
2025-04-30 14:16:06,262 - DEBUG    - [2692] - MainThread - urllib3.connectionpool - connectionpool:_make_request - 544: https://api.shoonya.com:443 "POST /NorenWClientTP/GetPendingGTTOrder HTTP/1.1" 200 2
2025-04-30 14:16:06,262 - DEBUG    - [2692] - MainThread - oms - oms:finvesia_get_pending_gtt_orders - 399: pending gtt orders []
2025-04-30 14:16:06,262 - DEBUG    - [2692] - MainThread - oms - oms:finvasia_get_orderbook - 333: Payload: jData= {"uid": "FN112899"}&jKey=bf890ec97c5fc9ca31259c455e87ea28a532457e8bb630e288daf20618a352c5
2025-04-30 14:16:06,262 - DEBUG    - [2692] - MainThread - urllib3.connectionpool - connectionpool:_new_conn - 1049: Starting new HTTPS connection (1): api.shoonya.com:443
2025-04-30 14:16:06,328 - DEBUG    - [2692] - MainThread - urllib3.connectionpool - connectionpool:_make_request - 544: https://api.shoonya.com:443 "POST /NorenWClientTP/OrderBook HTTP/1.1" 200 2479
2025-04-30 14:16:08,235 - DEBUG    - [2692] - MainThread - urllib3.connectionpool - connectionpool:_new_conn - 1049: Starting new HTTPS connection (1): api.shoonya.com:443
2025-04-30 14:16:08,295 - DEBUG    - [2692] - MainThread - urllib3.connectionpool - connectionpool:_make_request - 544: https://api.shoonya.com:443 "POST /NorenWClientTP/GetPendingGTTOrder HTTP/1.1" 200 2
2025-04-30 14:16:08,295 - DEBUG    - [2692] - MainThread - oms - oms:finvesia_get_pending_gtt_orders - 399: pending gtt orders []
2025-04-30 14:16:08,295 - DEBUG    - [2692] - MainThread - oms - oms:finvasia_get_orderbook - 333: Payload: jData= {"uid": "FN112899"}&jKey=bf890ec97c5fc9ca31259c455e87ea28a532457e8bb630e288daf20618a352c5
2025-04-30 14:16:08,295 - DEBUG    - [2692] - MainThread - urllib3.connectionpool - connectionpool:_new_conn - 1049: Starting new HTTPS connection (1): api.shoonya.com:443
2025-04-30 14:16:08,361 - DEBUG    - [2692] - MainThread - urllib3.connectionpool - connectionpool:_make_request - 544: https://api.shoonya.com:443 "POST /NorenWClientTP/OrderBook HTTP/1.1" 200 2479
2025-04-30 14:16:13,274 - DEBUG    - [2692] - MainThread - urllib3.connectionpool - connectionpool:_new_conn - 1049: Starting new HTTPS connection (1): api.shoonya.com:443
2025-04-30 14:16:13,349 - DEBUG    - [2692] - MainThread - urllib3.connectionpool - connectionpool:_make_request - 544: https://api.shoonya.com:443 "POST /NorenWClientTP/GetPendingGTTOrder HTTP/1.1" 200 2
2025-04-30 14:16:13,349 - DEBUG    - [2692] - MainThread - oms - oms:finvesia_get_pending_gtt_orders - 399: pending gtt orders []
2025-04-30 14:16:13,349 - DEBUG    - [2692] - MainThread - oms - oms:finvasia_get_orderbook - 333: Payload: jData= {"uid": "FN112899"}&jKey=bf890ec97c5fc9ca31259c455e87ea28a532457e8bb630e288daf20618a352c5
2025-04-30 14:16:13,349 - DEBUG    - [2692] - MainThread - urllib3.connectionpool - connectionpool:_new_conn - 1049: Starting new HTTPS connection (1): api.shoonya.com:443
2025-04-30 14:16:13,428 - DEBUG    - [2692] - MainThread - urllib3.connectionpool - connectionpool:_make_request - 544: https://api.shoonya.com:443 "POST /NorenWClientTP/OrderBook HTTP/1.1" 200 2479
2025-04-30 14:16:14,519 - DEBUG    - [2692] - MainThread - urllib3.connectionpool - connectionpool:_new_conn - 1049: Starting new HTTPS connection (1): api.shoonya.com:443
2025-04-30 14:16:14,588 - DEBUG    - [2692] - MainThread - urllib3.connectionpool - connectionpool:_make_request - 544: https://api.shoonya.com:443 "POST /NorenWClientTP/GetPendingGTTOrder HTTP/1.1" 200 2
2025-04-30 14:16:14,588 - DEBUG    - [2692] - MainThread - oms - oms:finvesia_get_pending_gtt_orders - 399: pending gtt orders []
2025-04-30 14:16:14,588 - DEBUG    - [2692] - MainThread - oms - oms:finvasia_get_orderbook - 333: Payload: jData= {"uid": "FN112899"}&jKey=bf890ec97c5fc9ca31259c455e87ea28a532457e8bb630e288daf20618a352c5
2025-04-30 14:16:14,588 - DEBUG    - [2692] - MainThread - urllib3.connectionpool - connectionpool:_new_conn - 1049: Starting new HTTPS connection (1): api.shoonya.com:443
2025-04-30 14:16:14,659 - DEBUG    - [2692] - MainThread - urllib3.connectionpool - connectionpool:_make_request - 544: https://api.shoonya.com:443 "POST /NorenWClientTP/OrderBook HTTP/1.1" 200 2479
2025-04-30 14:16:16,533 - DEBUG    - [2692] - MainThread - urllib3.connectionpool - connectionpool:_new_conn - 1049: Starting new HTTPS connection (1): api.shoonya.com:443
2025-04-30 14:16:16,612 - DEBUG    - [2692] - MainThread - urllib3.connectionpool - connectionpool:_make_request - 544: https://api.shoonya.com:443 "POST /NorenWClientTP/GetPendingGTTOrder HTTP/1.1" 200 2
2025-04-30 14:16:16,612 - DEBUG    - [2692] - MainThread - oms - oms:finvesia_get_pending_gtt_orders - 399: pending gtt orders []
2025-04-30 14:16:16,612 - DEBUG    - [2692] - MainThread - oms - oms:finvasia_get_orderbook - 333: Payload: jData= {"uid": "FN112899"}&jKey=bf890ec97c5fc9ca31259c455e87ea28a532457e8bb630e288daf20618a352c5
2025-04-30 14:16:16,618 - DEBUG    - [2692] - MainThread - urllib3.connectionpool - connectionpool:_new_conn - 1049: Starting new HTTPS connection (1): api.shoonya.com:443
2025-04-30 14:16:16,688 - DEBUG    - [2692] - MainThread - urllib3.connectionpool - connectionpool:_make_request - 544: https://api.shoonya.com:443 "POST /NorenWClientTP/OrderBook HTTP/1.1" 200 2479
2025-04-30 14:16:18,006 - DEBUG    - [2692] - MainThread - urllib3.connectionpool - connectionpool:_new_conn - 1049: Starting new HTTPS connection (1): api.shoonya.com:443
2025-04-30 14:16:18,075 - DEBUG    - [2692] - MainThread - urllib3.connectionpool - connectionpool:_make_request - 544: https://api.shoonya.com:443 "POST /NorenWClientTP/GetPendingGTTOrder HTTP/1.1" 200 2
2025-04-30 14:16:18,075 - DEBUG    - [2692] - MainThread - oms - oms:finvesia_get_pending_gtt_orders - 399: pending gtt orders []
2025-04-30 14:16:18,075 - DEBUG    - [2692] - MainThread - oms - oms:finvasia_get_orderbook - 333: Payload: jData= {"uid": "FN112899"}&jKey=bf890ec97c5fc9ca31259c455e87ea28a532457e8bb630e288daf20618a352c5
2025-04-30 14:16:18,075 - DEBUG    - [2692] - MainThread - urllib3.connectionpool - connectionpool:_new_conn - 1049: Starting new HTTPS connection (1): api.shoonya.com:443
2025-04-30 14:16:18,150 - DEBUG    - [2692] - MainThread - urllib3.connectionpool - connectionpool:_make_request - 544: https://api.shoonya.com:443 "POST /NorenWClientTP/OrderBook HTTP/1.1" 200 2479
2025-04-30 14:16:21,093 - DEBUG    - [2692] - MainThread - urllib3.connectionpool - connectionpool:_new_conn - 1049: Starting new HTTPS connection (1): api.shoonya.com:443
2025-04-30 14:16:21,154 - DEBUG    - [2692] - MainThread - urllib3.connectionpool - connectionpool:_make_request - 544: https://api.shoonya.com:443 "POST /NorenWClientTP/GetPendingGTTOrder HTTP/1.1" 200 2
2025-04-30 14:16:21,154 - DEBUG    - [2692] - MainThread - oms - oms:finvesia_get_pending_gtt_orders - 399: pending gtt orders []
2025-04-30 14:16:21,154 - DEBUG    - [2692] - MainThread - oms - oms:finvasia_get_orderbook - 333: Payload: jData= {"uid": "FN112899"}&jKey=bf890ec97c5fc9ca31259c455e87ea28a532457e8bb630e288daf20618a352c5
2025-04-30 14:16:21,154 - DEBUG    - [2692] - MainThread - urllib3.connectionpool - connectionpool:_new_conn - 1049: Starting new HTTPS connection (1): api.shoonya.com:443
2025-04-30 14:16:21,235 - DEBUG    - [2692] - MainThread - urllib3.connectionpool - connectionpool:_make_request - 544: https://api.shoonya.com:443 "POST /NorenWClientTP/OrderBook HTTP/1.1" 200 2479
2025-04-30 14:16:22,356 - DEBUG    - [2692] - MainThread - urllib3.connectionpool - connectionpool:_new_conn - 1049: Starting new HTTPS connection (1): api.shoonya.com:443
2025-04-30 14:16:22,452 - DEBUG    - [2692] - MainThread - urllib3.connectionpool - connectionpool:_make_request - 544: https://api.shoonya.com:443 "POST /NorenWClientTP/GetPendingGTTOrder HTTP/1.1" 200 2
2025-04-30 14:16:22,452 - DEBUG    - [2692] - MainThread - oms - oms:finvesia_get_pending_gtt_orders - 399: pending gtt orders []
2025-04-30 14:16:22,452 - DEBUG    - [2692] - MainThread - oms - oms:finvasia_get_orderbook - 333: Payload: jData= {"uid": "FN112899"}&jKey=bf890ec97c5fc9ca31259c455e87ea28a532457e8bb630e288daf20618a352c5
2025-04-30 14:16:22,452 - DEBUG    - [2692] - MainThread - urllib3.connectionpool - connectionpool:_new_conn - 1049: Starting new HTTPS connection (1): api.shoonya.com:443
2025-04-30 14:16:22,794 - DEBUG    - [2692] - MainThread - urllib3.connectionpool - connectionpool:_make_request - 544: https://api.shoonya.com:443 "POST /NorenWClientTP/OrderBook HTTP/1.1" 200 2479
2025-04-30 14:16:23,909 - DEBUG    - [2692] - MainThread - urllib3.connectionpool - connectionpool:_new_conn - 1049: Starting new HTTPS connection (1): api.shoonya.com:443
2025-04-30 14:16:23,973 - DEBUG    - [2692] - MainThread - urllib3.connectionpool - connectionpool:_make_request - 544: https://api.shoonya.com:443 "POST /NorenWClientTP/GetPendingGTTOrder HTTP/1.1" 200 2
2025-04-30 14:16:23,973 - DEBUG    - [2692] - MainThread - oms - oms:finvesia_get_pending_gtt_orders - 399: pending gtt orders []
2025-04-30 14:16:23,973 - DEBUG    - [2692] - MainThread - oms - oms:finvasia_get_orderbook - 333: Payload: jData= {"uid": "FN112899"}&jKey=bf890ec97c5fc9ca31259c455e87ea28a532457e8bb630e288daf20618a352c5
2025-04-30 14:16:23,973 - DEBUG    - [2692] - MainThread - urllib3.connectionpool - connectionpool:_new_conn - 1049: Starting new HTTPS connection (1): api.shoonya.com:443
2025-04-30 14:16:24,052 - DEBUG    - [2692] - MainThread - urllib3.connectionpool - connectionpool:_make_request - 544: https://api.shoonya.com:443 "POST /NorenWClientTP/OrderBook HTTP/1.1" 200 2479
2025-04-30 14:16:28,453 - DEBUG    - [2692] - MainThread - urllib3.connectionpool - connectionpool:_new_conn - 1049: Starting new HTTPS connection (1): api.shoonya.com:443
2025-04-30 14:16:28,550 - DEBUG    - [2692] - MainThread - urllib3.connectionpool - connectionpool:_make_request - 544: https://api.shoonya.com:443 "POST /NorenWClientTP/GetPendingGTTOrder HTTP/1.1" 200 2
2025-04-30 14:16:28,550 - DEBUG    - [2692] - MainThread - oms - oms:finvesia_get_pending_gtt_orders - 399: pending gtt orders []
2025-04-30 14:16:28,550 - DEBUG    - [2692] - MainThread - oms - oms:finvasia_get_orderbook - 333: Payload: jData= {"uid": "FN112899"}&jKey=bf890ec97c5fc9ca31259c455e87ea28a532457e8bb630e288daf20618a352c5
2025-04-30 14:16:28,550 - DEBUG    - [2692] - MainThread - urllib3.connectionpool - connectionpool:_new_conn - 1049: Starting new HTTPS connection (1): api.shoonya.com:443
2025-04-30 14:16:28,612 - DEBUG    - [2692] - MainThread - urllib3.connectionpool - connectionpool:_make_request - 544: https://api.shoonya.com:443 "POST /NorenWClientTP/OrderBook HTTP/1.1" 200 2479
2025-04-30 14:16:36,469 - DEBUG    - [2692] - MainThread - urllib3.connectionpool - connectionpool:_new_conn - 1049: Starting new HTTPS connection (1): api.shoonya.com:443
2025-04-30 14:16:36,581 - DEBUG    - [2692] - MainThread - urllib3.connectionpool - connectionpool:_make_request - 544: https://api.shoonya.com:443 "POST /NorenWClientTP/GetPendingGTTOrder HTTP/1.1" 200 2
2025-04-30 14:16:36,581 - DEBUG    - [2692] - MainThread - oms - oms:finvesia_get_pending_gtt_orders - 399: pending gtt orders []
2025-04-30 14:16:36,581 - DEBUG    - [2692] - MainThread - oms - oms:finvasia_get_orderbook - 333: Payload: jData= {"uid": "FN112899"}&jKey=bf890ec97c5fc9ca31259c455e87ea28a532457e8bb630e288daf20618a352c5
2025-04-30 14:16:36,581 - DEBUG    - [2692] - MainThread - urllib3.connectionpool - connectionpool:_new_conn - 1049: Starting new HTTPS connection (1): api.shoonya.com:443
2025-04-30 14:16:36,644 - DEBUG    - [2692] - MainThread - urllib3.connectionpool - connectionpool:_make_request - 544: https://api.shoonya.com:443 "POST /NorenWClientTP/OrderBook HTTP/1.1" 200 2479
2025-04-30 14:16:37,965 - DEBUG    - [2692] - MainThread - urllib3.connectionpool - connectionpool:_new_conn - 1049: Starting new HTTPS connection (1): api.shoonya.com:443
2025-04-30 14:16:38,027 - DEBUG    - [2692] - MainThread - urllib3.connectionpool - connectionpool:_make_request - 544: https://api.shoonya.com:443 "POST /NorenWClientTP/GetPendingGTTOrder HTTP/1.1" 200 2
2025-04-30 14:16:38,027 - DEBUG    - [2692] - MainThread - oms - oms:finvesia_get_pending_gtt_orders - 399: pending gtt orders []
2025-04-30 14:16:38,027 - DEBUG    - [2692] - MainThread - oms - oms:finvasia_get_orderbook - 333: Payload: jData= {"uid": "FN112899"}&jKey=bf890ec97c5fc9ca31259c455e87ea28a532457e8bb630e288daf20618a352c5
2025-04-30 14:16:38,043 - DEBUG    - [2692] - MainThread - urllib3.connectionpool - connectionpool:_new_conn - 1049: Starting new HTTPS connection (1): api.shoonya.com:443
2025-04-30 14:16:38,107 - DEBUG    - [2692] - MainThread - urllib3.connectionpool - connectionpool:_make_request - 544: https://api.shoonya.com:443 "POST /NorenWClientTP/OrderBook HTTP/1.1" 200 2479
2025-04-30 14:16:40,034 - DEBUG    - [2692] - MainThread - urllib3.connectionpool - connectionpool:_new_conn - 1049: Starting new HTTPS connection (1): api.shoonya.com:443
2025-04-30 14:16:40,112 - DEBUG    - [2692] - MainThread - urllib3.connectionpool - connectionpool:_make_request - 544: https://api.shoonya.com:443 "POST /NorenWClientTP/GetPendingGTTOrder HTTP/1.1" 200 2
2025-04-30 14:16:40,112 - DEBUG    - [2692] - MainThread - oms - oms:finvesia_get_pending_gtt_orders - 399: pending gtt orders []
2025-04-30 14:16:40,112 - DEBUG    - [2692] - MainThread - oms - oms:finvasia_get_orderbook - 333: Payload: jData= {"uid": "FN112899"}&jKey=bf890ec97c5fc9ca31259c455e87ea28a532457e8bb630e288daf20618a352c5
2025-04-30 14:16:40,112 - DEBUG    - [2692] - MainThread - urllib3.connectionpool - connectionpool:_new_conn - 1049: Starting new HTTPS connection (1): api.shoonya.com:443
2025-04-30 14:16:40,173 - DEBUG    - [2692] - MainThread - urllib3.connectionpool - connectionpool:_make_request - 544: https://api.shoonya.com:443 "POST /NorenWClientTP/OrderBook HTTP/1.1" 200 2479
2025-04-30 14:16:41,465 - DEBUG    - [2692] - MainThread - urllib3.connectionpool - connectionpool:_new_conn - 1049: Starting new HTTPS connection (1): api.shoonya.com:443
2025-04-30 14:16:41,555 - DEBUG    - [2692] - MainThread - urllib3.connectionpool - connectionpool:_make_request - 544: https://api.shoonya.com:443 "POST /NorenWClientTP/GetPendingGTTOrder HTTP/1.1" 200 2
2025-04-30 14:16:41,555 - DEBUG    - [2692] - MainThread - oms - oms:finvesia_get_pending_gtt_orders - 399: pending gtt orders []
2025-04-30 14:16:41,555 - DEBUG    - [2692] - MainThread - oms - oms:finvasia_get_orderbook - 333: Payload: jData= {"uid": "FN112899"}&jKey=bf890ec97c5fc9ca31259c455e87ea28a532457e8bb630e288daf20618a352c5
2025-04-30 14:16:41,555 - DEBUG    - [2692] - MainThread - urllib3.connectionpool - connectionpool:_new_conn - 1049: Starting new HTTPS connection (1): api.shoonya.com:443
2025-04-30 14:16:41,624 - DEBUG    - [2692] - MainThread - urllib3.connectionpool - connectionpool:_make_request - 544: https://api.shoonya.com:443 "POST /NorenWClientTP/OrderBook HTTP/1.1" 200 2479
2025-04-30 14:16:43,602 - DEBUG    - [2692] - MainThread - urllib3.connectionpool - connectionpool:_new_conn - 1049: Starting new HTTPS connection (1): api.shoonya.com:443
2025-04-30 14:16:43,685 - DEBUG    - [2692] - MainThread - urllib3.connectionpool - connectionpool:_make_request - 544: https://api.shoonya.com:443 "POST /NorenWClientTP/GetPendingGTTOrder HTTP/1.1" 200 2
2025-04-30 14:16:43,685 - DEBUG    - [2692] - MainThread - oms - oms:finvesia_get_pending_gtt_orders - 399: pending gtt orders []
2025-04-30 14:16:43,685 - DEBUG    - [2692] - MainThread - oms - oms:finvasia_get_orderbook - 333: Payload: jData= {"uid": "FN112899"}&jKey=bf890ec97c5fc9ca31259c455e87ea28a532457e8bb630e288daf20618a352c5
2025-04-30 14:16:43,685 - DEBUG    - [2692] - MainThread - urllib3.connectionpool - connectionpool:_new_conn - 1049: Starting new HTTPS connection (1): api.shoonya.com:443
2025-04-30 14:16:43,744 - DEBUG    - [2692] - MainThread - urllib3.connectionpool - connectionpool:_make_request - 544: https://api.shoonya.com:443 "POST /NorenWClientTP/OrderBook HTTP/1.1" 200 2479
2025-04-30 14:16:48,361 - DEBUG    - [2692] - MainThread - urllib3.connectionpool - connectionpool:_new_conn - 1049: Starting new HTTPS connection (1): api.shoonya.com:443
2025-04-30 14:16:48,426 - DEBUG    - [2692] - MainThread - urllib3.connectionpool - connectionpool:_make_request - 544: https://api.shoonya.com:443 "POST /NorenWClientTP/GetPendingGTTOrder HTTP/1.1" 200 2
2025-04-30 14:16:48,426 - DEBUG    - [2692] - MainThread - oms - oms:finvesia_get_pending_gtt_orders - 399: pending gtt orders []
2025-04-30 14:16:48,426 - DEBUG    - [2692] - MainThread - oms - oms:finvasia_get_orderbook - 333: Payload: jData= {"uid": "FN112899"}&jKey=bf890ec97c5fc9ca31259c455e87ea28a532457e8bb630e288daf20618a352c5
2025-04-30 14:16:48,426 - DEBUG    - [2692] - MainThread - urllib3.connectionpool - connectionpool:_new_conn - 1049: Starting new HTTPS connection (1): api.shoonya.com:443
2025-04-30 14:16:48,489 - DEBUG    - [2692] - MainThread - urllib3.connectionpool - connectionpool:_make_request - 544: https://api.shoonya.com:443 "POST /NorenWClientTP/OrderBook HTTP/1.1" 200 2479
2025-04-30 14:16:49,952 - DEBUG    - [2692] - MainThread - urllib3.connectionpool - connectionpool:_new_conn - 1049: Starting new HTTPS connection (1): api.shoonya.com:443
2025-04-30 14:16:50,030 - DEBUG    - [2692] - MainThread - urllib3.connectionpool - connectionpool:_make_request - 544: https://api.shoonya.com:443 "POST /NorenWClientTP/GetPendingGTTOrder HTTP/1.1" 200 2
2025-04-30 14:16:50,030 - DEBUG    - [2692] - MainThread - oms - oms:finvesia_get_pending_gtt_orders - 399: pending gtt orders []
2025-04-30 14:16:50,030 - DEBUG    - [2692] - MainThread - oms - oms:finvasia_get_orderbook - 333: Payload: jData= {"uid": "FN112899"}&jKey=bf890ec97c5fc9ca31259c455e87ea28a532457e8bb630e288daf20618a352c5
2025-04-30 14:16:50,031 - DEBUG    - [2692] - MainThread - urllib3.connectionpool - connectionpool:_new_conn - 1049: Starting new HTTPS connection (1): api.shoonya.com:443
2025-04-30 14:16:50,117 - DEBUG    - [2692] - MainThread - urllib3.connectionpool - connectionpool:_make_request - 544: https://api.shoonya.com:443 "POST /NorenWClientTP/OrderBook HTTP/1.1" 200 2479
2025-04-30 14:16:51,206 - DEBUG    - [2692] - MainThread - urllib3.connectionpool - connectionpool:_new_conn - 1049: Starting new HTTPS connection (1): api.shoonya.com:443
2025-04-30 14:16:51,270 - DEBUG    - [2692] - MainThread - urllib3.connectionpool - connectionpool:_make_request - 544: https://api.shoonya.com:443 "POST /NorenWClientTP/GetPendingGTTOrder HTTP/1.1" 200 2
2025-04-30 14:16:51,270 - DEBUG    - [2692] - MainThread - oms - oms:finvesia_get_pending_gtt_orders - 399: pending gtt orders []
2025-04-30 14:16:51,270 - DEBUG    - [2692] - MainThread - oms - oms:finvasia_get_orderbook - 333: Payload: jData= {"uid": "FN112899"}&jKey=bf890ec97c5fc9ca31259c455e87ea28a532457e8bb630e288daf20618a352c5
2025-04-30 14:16:51,270 - DEBUG    - [2692] - MainThread - urllib3.connectionpool - connectionpool:_new_conn - 1049: Starting new HTTPS connection (1): api.shoonya.com:443
2025-04-30 14:16:51,349 - DEBUG    - [2692] - MainThread - urllib3.connectionpool - connectionpool:_make_request - 544: https://api.shoonya.com:443 "POST /NorenWClientTP/OrderBook HTTP/1.1" 200 2479
2025-04-30 14:16:58,403 - DEBUG    - [2692] - MainThread - urllib3.connectionpool - connectionpool:_new_conn - 1049: Starting new HTTPS connection (1): api.shoonya.com:443
2025-04-30 14:16:58,478 - DEBUG    - [2692] - MainThread - urllib3.connectionpool - connectionpool:_make_request - 544: https://api.shoonya.com:443 "POST /NorenWClientTP/GetPendingGTTOrder HTTP/1.1" 200 2
2025-04-30 14:16:58,479 - DEBUG    - [2692] - MainThread - oms - oms:finvesia_get_pending_gtt_orders - 399: pending gtt orders []
2025-04-30 14:16:58,479 - DEBUG    - [2692] - MainThread - oms - oms:finvasia_get_orderbook - 333: Payload: jData= {"uid": "FN112899"}&jKey=bf890ec97c5fc9ca31259c455e87ea28a532457e8bb630e288daf20618a352c5
2025-04-30 14:16:58,479 - DEBUG    - [2692] - MainThread - urllib3.connectionpool - connectionpool:_new_conn - 1049: Starting new HTTPS connection (1): api.shoonya.com:443
2025-04-30 14:16:58,542 - DEBUG    - [2692] - MainThread - urllib3.connectionpool - connectionpool:_make_request - 544: https://api.shoonya.com:443 "POST /NorenWClientTP/OrderBook HTTP/1.1" 200 2479
2025-04-30 14:17:06,133 - DEBUG    - [2692] - MainThread - urllib3.connectionpool - connectionpool:_new_conn - 1049: Starting new HTTPS connection (1): api.shoonya.com:443
2025-04-30 14:17:06,206 - DEBUG    - [2692] - MainThread - urllib3.connectionpool - connectionpool:_make_request - 544: https://api.shoonya.com:443 "POST /NorenWClientTP/GetPendingGTTOrder HTTP/1.1" 200 2
2025-04-30 14:17:06,206 - DEBUG    - [2692] - MainThread - oms - oms:finvesia_get_pending_gtt_orders - 399: pending gtt orders []
2025-04-30 14:17:06,206 - DEBUG    - [2692] - MainThread - oms - oms:finvasia_get_orderbook - 333: Payload: jData= {"uid": "FN112899"}&jKey=bf890ec97c5fc9ca31259c455e87ea28a532457e8bb630e288daf20618a352c5
2025-04-30 14:17:06,206 - DEBUG    - [2692] - MainThread - urllib3.connectionpool - connectionpool:_new_conn - 1049: Starting new HTTPS connection (1): api.shoonya.com:443
2025-04-30 14:17:06,299 - DEBUG    - [2692] - MainThread - urllib3.connectionpool - connectionpool:_make_request - 544: https://api.shoonya.com:443 "POST /NorenWClientTP/OrderBook HTTP/1.1" 200 2479
2025-04-30 14:17:07,591 - DEBUG    - [2692] - MainThread - urllib3.connectionpool - connectionpool:_new_conn - 1049: Starting new HTTPS connection (1): api.shoonya.com:443
2025-04-30 14:17:07,662 - DEBUG    - [2692] - MainThread - urllib3.connectionpool - connectionpool:_make_request - 544: https://api.shoonya.com:443 "POST /NorenWClientTP/GetPendingGTTOrder HTTP/1.1" 200 2
2025-04-30 14:17:07,662 - DEBUG    - [2692] - MainThread - oms - oms:finvesia_get_pending_gtt_orders - 399: pending gtt orders []
2025-04-30 14:17:07,662 - DEBUG    - [2692] - MainThread - oms - oms:finvasia_get_orderbook - 333: Payload: jData= {"uid": "FN112899"}&jKey=bf890ec97c5fc9ca31259c455e87ea28a532457e8bb630e288daf20618a352c5
2025-04-30 14:17:07,664 - DEBUG    - [2692] - MainThread - urllib3.connectionpool - connectionpool:_new_conn - 1049: Starting new HTTPS connection (1): api.shoonya.com:443
2025-04-30 14:17:07,744 - DEBUG    - [2692] - MainThread - urllib3.connectionpool - connectionpool:_make_request - 544: https://api.shoonya.com:443 "POST /NorenWClientTP/OrderBook HTTP/1.1" 200 2479
2025-04-30 14:17:09,535 - DEBUG    - [2692] - MainThread - urllib3.connectionpool - connectionpool:_new_conn - 1049: Starting new HTTPS connection (1): api.shoonya.com:443
2025-04-30 14:17:09,634 - DEBUG    - [2692] - MainThread - urllib3.connectionpool - connectionpool:_make_request - 544: https://api.shoonya.com:443 "POST /NorenWClientTP/GetPendingGTTOrder HTTP/1.1" 200 2
2025-04-30 14:17:09,634 - DEBUG    - [2692] - MainThread - oms - oms:finvesia_get_pending_gtt_orders - 399: pending gtt orders []
2025-04-30 14:17:09,634 - DEBUG    - [2692] - MainThread - oms - oms:finvasia_get_orderbook - 333: Payload: jData= {"uid": "FN112899"}&jKey=bf890ec97c5fc9ca31259c455e87ea28a532457e8bb630e288daf20618a352c5
2025-04-30 14:17:09,634 - DEBUG    - [2692] - MainThread - urllib3.connectionpool - connectionpool:_new_conn - 1049: Starting new HTTPS connection (1): api.shoonya.com:443
2025-04-30 14:17:09,699 - DEBUG    - [2692] - MainThread - urllib3.connectionpool - connectionpool:_make_request - 544: https://api.shoonya.com:443 "POST /NorenWClientTP/OrderBook HTTP/1.1" 200 2479
2025-04-30 14:17:18,459 - DEBUG    - [2692] - MainThread - urllib3.connectionpool - connectionpool:_new_conn - 1049: Starting new HTTPS connection (1): api.shoonya.com:443
2025-04-30 14:17:18,539 - DEBUG    - [2692] - MainThread - urllib3.connectionpool - connectionpool:_make_request - 544: https://api.shoonya.com:443 "POST /NorenWClientTP/GetPendingGTTOrder HTTP/1.1" 200 2
2025-04-30 14:17:18,539 - DEBUG    - [2692] - MainThread - oms - oms:finvesia_get_pending_gtt_orders - 399: pending gtt orders []
2025-04-30 14:17:18,539 - DEBUG    - [2692] - MainThread - oms - oms:finvasia_get_orderbook - 333: Payload: jData= {"uid": "FN112899"}&jKey=bf890ec97c5fc9ca31259c455e87ea28a532457e8bb630e288daf20618a352c5
2025-04-30 14:17:18,539 - DEBUG    - [2692] - MainThread - urllib3.connectionpool - connectionpool:_new_conn - 1049: Starting new HTTPS connection (1): api.shoonya.com:443
2025-04-30 14:17:18,601 - DEBUG    - [2692] - MainThread - urllib3.connectionpool - connectionpool:_make_request - 544: https://api.shoonya.com:443 "POST /NorenWClientTP/OrderBook HTTP/1.1" 200 2479
2025-04-30 14:17:23,504 - DEBUG    - [2692] - MainThread - urllib3.connectionpool - connectionpool:_new_conn - 1049: Starting new HTTPS connection (1): api.shoonya.com:443
2025-04-30 14:17:23,555 - DEBUG    - [2692] - MainThread - urllib3.connectionpool - connectionpool:_make_request - 544: https://api.shoonya.com:443 "POST /NorenWClientTP/GetPendingGTTOrder HTTP/1.1" 200 2
2025-04-30 14:17:23,555 - DEBUG    - [2692] - MainThread - oms - oms:finvesia_get_pending_gtt_orders - 399: pending gtt orders []
2025-04-30 14:17:23,555 - DEBUG    - [2692] - MainThread - oms - oms:finvasia_get_orderbook - 333: Payload: jData= {"uid": "FN112899"}&jKey=bf890ec97c5fc9ca31259c455e87ea28a532457e8bb630e288daf20618a352c5
2025-04-30 14:17:23,555 - DEBUG    - [2692] - MainThread - urllib3.connectionpool - connectionpool:_new_conn - 1049: Starting new HTTPS connection (1): api.shoonya.com:443
2025-04-30 14:17:23,634 - DEBUG    - [2692] - MainThread - urllib3.connectionpool - connectionpool:_make_request - 544: https://api.shoonya.com:443 "POST /NorenWClientTP/OrderBook HTTP/1.1" 200 2479
2025-04-30 14:17:25,255 - DEBUG    - [2692] - MainThread - urllib3.connectionpool - connectionpool:_new_conn - 1049: Starting new HTTPS connection (1): api.shoonya.com:443
2025-04-30 14:17:25,329 - DEBUG    - [2692] - MainThread - urllib3.connectionpool - connectionpool:_make_request - 544: https://api.shoonya.com:443 "POST /NorenWClientTP/GetPendingGTTOrder HTTP/1.1" 200 2
2025-04-30 14:17:25,329 - DEBUG    - [2692] - MainThread - oms - oms:finvesia_get_pending_gtt_orders - 399: pending gtt orders []
2025-04-30 14:17:25,329 - DEBUG    - [2692] - MainThread - oms - oms:finvasia_get_orderbook - 333: Payload: jData= {"uid": "FN112899"}&jKey=bf890ec97c5fc9ca31259c455e87ea28a532457e8bb630e288daf20618a352c5
2025-04-30 14:17:25,329 - DEBUG    - [2692] - MainThread - urllib3.connectionpool - connectionpool:_new_conn - 1049: Starting new HTTPS connection (1): api.shoonya.com:443
2025-04-30 14:17:25,409 - DEBUG    - [2692] - MainThread - urllib3.connectionpool - connectionpool:_make_request - 544: https://api.shoonya.com:443 "POST /NorenWClientTP/OrderBook HTTP/1.1" 200 2479
2025-04-30 14:17:27,334 - DEBUG    - [2692] - MainThread - urllib3.connectionpool - connectionpool:_new_conn - 1049: Starting new HTTPS connection (1): api.shoonya.com:443
2025-04-30 14:17:27,420 - DEBUG    - [2692] - MainThread - urllib3.connectionpool - connectionpool:_make_request - 544: https://api.shoonya.com:443 "POST /NorenWClientTP/GetPendingGTTOrder HTTP/1.1" 200 2
2025-04-30 14:17:27,420 - DEBUG    - [2692] - MainThread - oms - oms:finvesia_get_pending_gtt_orders - 399: pending gtt orders []
2025-04-30 14:17:27,420 - DEBUG    - [2692] - MainThread - oms - oms:finvasia_get_orderbook - 333: Payload: jData= {"uid": "FN112899"}&jKey=bf890ec97c5fc9ca31259c455e87ea28a532457e8bb630e288daf20618a352c5
2025-04-30 14:17:27,420 - DEBUG    - [2692] - MainThread - urllib3.connectionpool - connectionpool:_new_conn - 1049: Starting new HTTPS connection (1): api.shoonya.com:443
2025-04-30 14:17:27,502 - DEBUG    - [2692] - MainThread - urllib3.connectionpool - connectionpool:_make_request - 544: https://api.shoonya.com:443 "POST /NorenWClientTP/OrderBook HTTP/1.1" 200 2479
2025-04-30 14:17:28,503 - DEBUG    - [2692] - MainThread - urllib3.connectionpool - connectionpool:_new_conn - 1049: Starting new HTTPS connection (1): api.shoonya.com:443
2025-04-30 14:17:28,577 - DEBUG    - [2692] - MainThread - urllib3.connectionpool - connectionpool:_make_request - 544: https://api.shoonya.com:443 "POST /NorenWClientTP/GetPendingGTTOrder HTTP/1.1" 200 2
2025-04-30 14:17:28,577 - DEBUG    - [2692] - MainThread - oms - oms:finvesia_get_pending_gtt_orders - 399: pending gtt orders []
2025-04-30 14:17:28,577 - DEBUG    - [2692] - MainThread - oms - oms:finvasia_get_orderbook - 333: Payload: jData= {"uid": "FN112899"}&jKey=bf890ec97c5fc9ca31259c455e87ea28a532457e8bb630e288daf20618a352c5
2025-04-30 14:17:28,579 - DEBUG    - [2692] - MainThread - urllib3.connectionpool - connectionpool:_new_conn - 1049: Starting new HTTPS connection (1): api.shoonya.com:443
2025-04-30 14:17:28,646 - DEBUG    - [2692] - MainThread - urllib3.connectionpool - connectionpool:_make_request - 544: https://api.shoonya.com:443 "POST /NorenWClientTP/OrderBook HTTP/1.1" 200 2479
2025-04-30 14:17:31,389 - DEBUG    - [2692] - MainThread - urllib3.connectionpool - connectionpool:_new_conn - 1049: Starting new HTTPS connection (1): api.shoonya.com:443
2025-04-30 14:17:31,462 - DEBUG    - [2692] - MainThread - urllib3.connectionpool - connectionpool:_make_request - 544: https://api.shoonya.com:443 "POST /NorenWClientTP/GetPendingGTTOrder HTTP/1.1" 200 2
2025-04-30 14:17:31,462 - DEBUG    - [2692] - MainThread - oms - oms:finvesia_get_pending_gtt_orders - 399: pending gtt orders []
2025-04-30 14:17:31,462 - DEBUG    - [2692] - MainThread - oms - oms:finvasia_get_orderbook - 333: Payload: jData= {"uid": "FN112899"}&jKey=bf890ec97c5fc9ca31259c455e87ea28a532457e8bb630e288daf20618a352c5
2025-04-30 14:17:31,465 - DEBUG    - [2692] - MainThread - urllib3.connectionpool - connectionpool:_new_conn - 1049: Starting new HTTPS connection (1): api.shoonya.com:443
2025-04-30 14:17:31,527 - DEBUG    - [2692] - MainThread - urllib3.connectionpool - connectionpool:_make_request - 544: https://api.shoonya.com:443 "POST /NorenWClientTP/OrderBook HTTP/1.1" 200 2479
2025-04-30 14:17:35,217 - DEBUG    - [2692] - MainThread - urllib3.connectionpool - connectionpool:_new_conn - 1049: Starting new HTTPS connection (1): api.shoonya.com:443
2025-04-30 14:17:35,332 - DEBUG    - [2692] - MainThread - urllib3.connectionpool - connectionpool:_make_request - 544: https://api.shoonya.com:443 "POST /NorenWClientTP/GetPendingGTTOrder HTTP/1.1" 200 2
2025-04-30 14:17:35,332 - DEBUG    - [2692] - MainThread - oms - oms:finvesia_get_pending_gtt_orders - 399: pending gtt orders []
2025-04-30 14:17:35,332 - DEBUG    - [2692] - MainThread - oms - oms:finvasia_get_orderbook - 333: Payload: jData= {"uid": "FN112899"}&jKey=bf890ec97c5fc9ca31259c455e87ea28a532457e8bb630e288daf20618a352c5
2025-04-30 14:17:35,343 - DEBUG    - [2692] - MainThread - urllib3.connectionpool - connectionpool:_new_conn - 1049: Starting new HTTPS connection (1): api.shoonya.com:443
2025-04-30 14:17:35,414 - DEBUG    - [2692] - MainThread - urllib3.connectionpool - connectionpool:_make_request - 544: https://api.shoonya.com:443 "POST /NorenWClientTP/OrderBook HTTP/1.1" 200 2479
2025-04-30 14:17:38,522 - DEBUG    - [2692] - MainThread - urllib3.connectionpool - connectionpool:_new_conn - 1049: Starting new HTTPS connection (1): api.shoonya.com:443
2025-04-30 14:17:38,595 - DEBUG    - [2692] - MainThread - urllib3.connectionpool - connectionpool:_make_request - 544: https://api.shoonya.com:443 "POST /NorenWClientTP/GetPendingGTTOrder HTTP/1.1" 200 2
2025-04-30 14:17:38,603 - DEBUG    - [2692] - MainThread - oms - oms:finvesia_get_pending_gtt_orders - 399: pending gtt orders []
2025-04-30 14:17:38,603 - DEBUG    - [2692] - MainThread - oms - oms:finvasia_get_orderbook - 333: Payload: jData= {"uid": "FN112899"}&jKey=bf890ec97c5fc9ca31259c455e87ea28a532457e8bb630e288daf20618a352c5
2025-04-30 14:17:38,603 - DEBUG    - [2692] - MainThread - urllib3.connectionpool - connectionpool:_new_conn - 1049: Starting new HTTPS connection (1): api.shoonya.com:443
2025-04-30 14:17:38,665 - DEBUG    - [2692] - MainThread - urllib3.connectionpool - connectionpool:_make_request - 544: https://api.shoonya.com:443 "POST /NorenWClientTP/OrderBook HTTP/1.1" 200 2479
2025-04-30 14:17:39,967 - DEBUG    - [2692] - MainThread - urllib3.connectionpool - connectionpool:_new_conn - 1049: Starting new HTTPS connection (1): api.shoonya.com:443
2025-04-30 14:17:40,042 - DEBUG    - [2692] - MainThread - urllib3.connectionpool - connectionpool:_make_request - 544: https://api.shoonya.com:443 "POST /NorenWClientTP/GetPendingGTTOrder HTTP/1.1" 200 2
2025-04-30 14:17:40,042 - DEBUG    - [2692] - MainThread - oms - oms:finvesia_get_pending_gtt_orders - 399: pending gtt orders []
2025-04-30 14:17:40,042 - DEBUG    - [2692] - MainThread - oms - oms:finvasia_get_orderbook - 333: Payload: jData= {"uid": "FN112899"}&jKey=bf890ec97c5fc9ca31259c455e87ea28a532457e8bb630e288daf20618a352c5
2025-04-30 14:17:40,042 - DEBUG    - [2692] - MainThread - urllib3.connectionpool - connectionpool:_new_conn - 1049: Starting new HTTPS connection (1): api.shoonya.com:443
2025-04-30 14:17:40,117 - DEBUG    - [2692] - MainThread - urllib3.connectionpool - connectionpool:_make_request - 544: https://api.shoonya.com:443 "POST /NorenWClientTP/OrderBook HTTP/1.1" 200 2479
2025-04-30 14:17:43,525 - DEBUG    - [2692] - MainThread - urllib3.connectionpool - connectionpool:_new_conn - 1049: Starting new HTTPS connection (1): api.shoonya.com:443
2025-04-30 14:17:43,579 - DEBUG    - [2692] - MainThread - urllib3.connectionpool - connectionpool:_make_request - 544: https://api.shoonya.com:443 "POST /NorenWClientTP/GetPendingGTTOrder HTTP/1.1" 200 2
2025-04-30 14:17:43,579 - DEBUG    - [2692] - MainThread - oms - oms:finvesia_get_pending_gtt_orders - 399: pending gtt orders []
2025-04-30 14:17:43,579 - DEBUG    - [2692] - MainThread - oms - oms:finvasia_get_orderbook - 333: Payload: jData= {"uid": "FN112899"}&jKey=bf890ec97c5fc9ca31259c455e87ea28a532457e8bb630e288daf20618a352c5
2025-04-30 14:17:43,579 - DEBUG    - [2692] - MainThread - urllib3.connectionpool - connectionpool:_new_conn - 1049: Starting new HTTPS connection (1): api.shoonya.com:443
2025-04-30 14:17:43,650 - DEBUG    - [2692] - MainThread - urllib3.connectionpool - connectionpool:_make_request - 544: https://api.shoonya.com:443 "POST /NorenWClientTP/OrderBook HTTP/1.1" 200 2479
2025-04-30 14:17:44,794 - DEBUG    - [2692] - MainThread - urllib3.connectionpool - connectionpool:_new_conn - 1049: Starting new HTTPS connection (1): api.shoonya.com:443
2025-04-30 14:17:44,864 - DEBUG    - [2692] - MainThread - urllib3.connectionpool - connectionpool:_make_request - 544: https://api.shoonya.com:443 "POST /NorenWClientTP/GetPendingGTTOrder HTTP/1.1" 200 2
2025-04-30 14:17:44,864 - DEBUG    - [2692] - MainThread - oms - oms:finvesia_get_pending_gtt_orders - 399: pending gtt orders []
2025-04-30 14:17:44,864 - DEBUG    - [2692] - MainThread - oms - oms:finvasia_get_orderbook - 333: Payload: jData= {"uid": "FN112899"}&jKey=bf890ec97c5fc9ca31259c455e87ea28a532457e8bb630e288daf20618a352c5
2025-04-30 14:17:44,866 - DEBUG    - [2692] - MainThread - urllib3.connectionpool - connectionpool:_new_conn - 1049: Starting new HTTPS connection (1): api.shoonya.com:443
2025-04-30 14:17:44,928 - DEBUG    - [2692] - MainThread - urllib3.connectionpool - connectionpool:_make_request - 544: https://api.shoonya.com:443 "POST /NorenWClientTP/OrderBook HTTP/1.1" 200 2479
2025-04-30 14:17:46,826 - DEBUG    - [2692] - MainThread - urllib3.connectionpool - connectionpool:_new_conn - 1049: Starting new HTTPS connection (1): api.shoonya.com:443
2025-04-30 14:17:46,887 - DEBUG    - [2692] - MainThread - urllib3.connectionpool - connectionpool:_make_request - 544: https://api.shoonya.com:443 "POST /NorenWClientTP/GetPendingGTTOrder HTTP/1.1" 200 2
2025-04-30 14:17:46,887 - DEBUG    - [2692] - MainThread - oms - oms:finvesia_get_pending_gtt_orders - 399: pending gtt orders []
2025-04-30 14:17:46,887 - DEBUG    - [2692] - MainThread - oms - oms:finvasia_get_orderbook - 333: Payload: jData= {"uid": "FN112899"}&jKey=bf890ec97c5fc9ca31259c455e87ea28a532457e8bb630e288daf20618a352c5
2025-04-30 14:17:46,887 - DEBUG    - [2692] - MainThread - urllib3.connectionpool - connectionpool:_new_conn - 1049: Starting new HTTPS connection (1): api.shoonya.com:443
2025-04-30 14:17:46,982 - DEBUG    - [2692] - MainThread - urllib3.connectionpool - connectionpool:_make_request - 544: https://api.shoonya.com:443 "POST /NorenWClientTP/OrderBook HTTP/1.1" 200 2479
2025-04-30 14:17:48,358 - DEBUG    - [2692] - MainThread - urllib3.connectionpool - connectionpool:_new_conn - 1049: Starting new HTTPS connection (1): api.shoonya.com:443
2025-04-30 14:17:48,428 - DEBUG    - [2692] - MainThread - urllib3.connectionpool - connectionpool:_make_request - 544: https://api.shoonya.com:443 "POST /NorenWClientTP/GetPendingGTTOrder HTTP/1.1" 200 2
2025-04-30 14:17:48,428 - DEBUG    - [2692] - MainThread - oms - oms:finvesia_get_pending_gtt_orders - 399: pending gtt orders []
2025-04-30 14:17:48,430 - DEBUG    - [2692] - MainThread - oms - oms:finvasia_get_orderbook - 333: Payload: jData= {"uid": "FN112899"}&jKey=bf890ec97c5fc9ca31259c455e87ea28a532457e8bb630e288daf20618a352c5
2025-04-30 14:17:48,430 - DEBUG    - [2692] - MainThread - urllib3.connectionpool - connectionpool:_new_conn - 1049: Starting new HTTPS connection (1): api.shoonya.com:443
2025-04-30 14:17:48,488 - DEBUG    - [2692] - MainThread - urllib3.connectionpool - connectionpool:_make_request - 544: https://api.shoonya.com:443 "POST /NorenWClientTP/OrderBook HTTP/1.1" 200 2479
2025-04-30 14:17:49,889 - DEBUG    - [2692] - MainThread - urllib3.connectionpool - connectionpool:_new_conn - 1049: Starting new HTTPS connection (1): api.shoonya.com:443
2025-04-30 14:17:49,947 - DEBUG    - [2692] - MainThread - urllib3.connectionpool - connectionpool:_make_request - 544: https://api.shoonya.com:443 "POST /NorenWClientTP/GetPendingGTTOrder HTTP/1.1" 200 2
2025-04-30 14:17:49,954 - DEBUG    - [2692] - MainThread - oms - oms:finvesia_get_pending_gtt_orders - 399: pending gtt orders []
2025-04-30 14:17:49,954 - DEBUG    - [2692] - MainThread - oms - oms:finvasia_get_orderbook - 333: Payload: jData= {"uid": "FN112899"}&jKey=bf890ec97c5fc9ca31259c455e87ea28a532457e8bb630e288daf20618a352c5
2025-04-30 14:17:49,954 - DEBUG    - [2692] - MainThread - urllib3.connectionpool - connectionpool:_new_conn - 1049: Starting new HTTPS connection (1): api.shoonya.com:443
2025-04-30 14:17:50,019 - DEBUG    - [2692] - MainThread - urllib3.connectionpool - connectionpool:_make_request - 544: https://api.shoonya.com:443 "POST /NorenWClientTP/OrderBook HTTP/1.1" 200 2479
2025-04-30 14:17:51,360 - DEBUG    - [2692] - MainThread - urllib3.connectionpool - connectionpool:_new_conn - 1049: Starting new HTTPS connection (1): api.shoonya.com:443
2025-04-30 14:17:51,435 - DEBUG    - [2692] - MainThread - urllib3.connectionpool - connectionpool:_make_request - 544: https://api.shoonya.com:443 "POST /NorenWClientTP/GetPendingGTTOrder HTTP/1.1" 200 2
2025-04-30 14:17:51,435 - DEBUG    - [2692] - MainThread - oms - oms:finvesia_get_pending_gtt_orders - 399: pending gtt orders []
2025-04-30 14:17:51,435 - DEBUG    - [2692] - MainThread - oms - oms:finvasia_get_orderbook - 333: Payload: jData= {"uid": "FN112899"}&jKey=bf890ec97c5fc9ca31259c455e87ea28a532457e8bb630e288daf20618a352c5
2025-04-30 14:17:51,435 - DEBUG    - [2692] - MainThread - urllib3.connectionpool - connectionpool:_new_conn - 1049: Starting new HTTPS connection (1): api.shoonya.com:443
2025-04-30 14:17:51,504 - DEBUG    - [2692] - MainThread - urllib3.connectionpool - connectionpool:_make_request - 544: https://api.shoonya.com:443 "POST /NorenWClientTP/OrderBook HTTP/1.1" 200 2479
2025-04-30 14:17:52,790 - DEBUG    - [2692] - MainThread - urllib3.connectionpool - connectionpool:_new_conn - 1049: Starting new HTTPS connection (1): api.shoonya.com:443
2025-04-30 14:17:52,841 - DEBUG    - [2692] - MainThread - urllib3.connectionpool - connectionpool:_make_request - 544: https://api.shoonya.com:443 "POST /NorenWClientTP/GetPendingGTTOrder HTTP/1.1" 200 2
2025-04-30 14:17:52,841 - DEBUG    - [2692] - MainThread - oms - oms:finvesia_get_pending_gtt_orders - 399: pending gtt orders []
2025-04-30 14:17:52,857 - DEBUG    - [2692] - MainThread - oms - oms:finvasia_get_orderbook - 333: Payload: jData= {"uid": "FN112899"}&jKey=bf890ec97c5fc9ca31259c455e87ea28a532457e8bb630e288daf20618a352c5
2025-04-30 14:17:52,857 - DEBUG    - [2692] - MainThread - urllib3.connectionpool - connectionpool:_new_conn - 1049: Starting new HTTPS connection (1): api.shoonya.com:443
2025-04-30 14:17:52,921 - DEBUG    - [2692] - MainThread - urllib3.connectionpool - connectionpool:_make_request - 544: https://api.shoonya.com:443 "POST /NorenWClientTP/OrderBook HTTP/1.1" 200 2479
2025-04-30 14:17:54,376 - DEBUG    - [2692] - MainThread - urllib3.connectionpool - connectionpool:_new_conn - 1049: Starting new HTTPS connection (1): api.shoonya.com:443
2025-04-30 14:17:54,457 - DEBUG    - [2692] - MainThread - urllib3.connectionpool - connectionpool:_make_request - 544: https://api.shoonya.com:443 "POST /NorenWClientTP/GetPendingGTTOrder HTTP/1.1" 200 2
2025-04-30 14:17:54,457 - DEBUG    - [2692] - MainThread - oms - oms:finvesia_get_pending_gtt_orders - 399: pending gtt orders []
2025-04-30 14:17:54,457 - DEBUG    - [2692] - MainThread - oms - oms:finvasia_get_orderbook - 333: Payload: jData= {"uid": "FN112899"}&jKey=bf890ec97c5fc9ca31259c455e87ea28a532457e8bb630e288daf20618a352c5
2025-04-30 14:17:54,457 - DEBUG    - [2692] - MainThread - urllib3.connectionpool - connectionpool:_new_conn - 1049: Starting new HTTPS connection (1): api.shoonya.com:443
2025-04-30 14:17:54,521 - DEBUG    - [2692] - MainThread - urllib3.connectionpool - connectionpool:_make_request - 544: https://api.shoonya.com:443 "POST /NorenWClientTP/OrderBook HTTP/1.1" 200 2479
2025-04-30 14:17:55,783 - DEBUG    - [2692] - MainThread - urllib3.connectionpool - connectionpool:_new_conn - 1049: Starting new HTTPS connection (1): api.shoonya.com:443
2025-04-30 14:17:55,853 - DEBUG    - [2692] - MainThread - urllib3.connectionpool - connectionpool:_make_request - 544: https://api.shoonya.com:443 "POST /NorenWClientTP/GetPendingGTTOrder HTTP/1.1" 200 2
2025-04-30 14:17:55,853 - DEBUG    - [2692] - MainThread - oms - oms:finvesia_get_pending_gtt_orders - 399: pending gtt orders []
2025-04-30 14:17:55,853 - DEBUG    - [2692] - MainThread - oms - oms:finvasia_get_orderbook - 333: Payload: jData= {"uid": "FN112899"}&jKey=bf890ec97c5fc9ca31259c455e87ea28a532457e8bb630e288daf20618a352c5
2025-04-30 14:17:55,853 - DEBUG    - [2692] - MainThread - urllib3.connectionpool - connectionpool:_new_conn - 1049: Starting new HTTPS connection (1): api.shoonya.com:443
2025-04-30 14:17:55,931 - DEBUG    - [2692] - MainThread - urllib3.connectionpool - connectionpool:_make_request - 544: https://api.shoonya.com:443 "POST /NorenWClientTP/OrderBook HTTP/1.1" 200 2479
2025-04-30 14:17:58,579 - DEBUG    - [2692] - MainThread - urllib3.connectionpool - connectionpool:_new_conn - 1049: Starting new HTTPS connection (1): api.shoonya.com:443
2025-04-30 14:17:58,660 - DEBUG    - [2692] - MainThread - urllib3.connectionpool - connectionpool:_make_request - 544: https://api.shoonya.com:443 "POST /NorenWClientTP/GetPendingGTTOrder HTTP/1.1" 200 2
2025-04-30 14:17:58,660 - DEBUG    - [2692] - MainThread - oms - oms:finvesia_get_pending_gtt_orders - 399: pending gtt orders []
2025-04-30 14:17:58,660 - DEBUG    - [2692] - MainThread - oms - oms:finvasia_get_orderbook - 333: Payload: jData= {"uid": "FN112899"}&jKey=bf890ec97c5fc9ca31259c455e87ea28a532457e8bb630e288daf20618a352c5
2025-04-30 14:17:58,660 - DEBUG    - [2692] - MainThread - urllib3.connectionpool - connectionpool:_new_conn - 1049: Starting new HTTPS connection (1): api.shoonya.com:443
2025-04-30 14:17:58,721 - DEBUG    - [2692] - MainThread - urllib3.connectionpool - connectionpool:_make_request - 544: https://api.shoonya.com:443 "POST /NorenWClientTP/OrderBook HTTP/1.1" 200 2479
2025-04-30 14:18:08,605 - DEBUG    - [2692] - MainThread - urllib3.connectionpool - connectionpool:_new_conn - 1049: Starting new HTTPS connection (1): api.shoonya.com:443
2025-04-30 14:18:08,666 - DEBUG    - [2692] - MainThread - urllib3.connectionpool - connectionpool:_make_request - 544: https://api.shoonya.com:443 "POST /NorenWClientTP/GetPendingGTTOrder HTTP/1.1" 200 2
2025-04-30 14:18:08,666 - DEBUG    - [2692] - MainThread - oms - oms:finvesia_get_pending_gtt_orders - 399: pending gtt orders []
2025-04-30 14:18:08,666 - DEBUG    - [2692] - MainThread - oms - oms:finvasia_get_orderbook - 333: Payload: jData= {"uid": "FN112899"}&jKey=bf890ec97c5fc9ca31259c455e87ea28a532457e8bb630e288daf20618a352c5
2025-04-30 14:18:08,666 - DEBUG    - [2692] - MainThread - urllib3.connectionpool - connectionpool:_new_conn - 1049: Starting new HTTPS connection (1): api.shoonya.com:443
2025-04-30 14:18:08,761 - DEBUG    - [2692] - MainThread - urllib3.connectionpool - connectionpool:_make_request - 544: https://api.shoonya.com:443 "POST /NorenWClientTP/OrderBook HTTP/1.1" 200 2479
2025-04-30 14:18:09,779 - DEBUG    - [2692] - MainThread - urllib3.connectionpool - connectionpool:_new_conn - 1049: Starting new HTTPS connection (1): api.shoonya.com:443
2025-04-30 14:18:09,843 - DEBUG    - [2692] - MainThread - urllib3.connectionpool - connectionpool:_make_request - 544: https://api.shoonya.com:443 "POST /NorenWClientTP/GetPendingGTTOrder HTTP/1.1" 200 2
2025-04-30 14:18:09,843 - DEBUG    - [2692] - MainThread - oms - oms:finvesia_get_pending_gtt_orders - 399: pending gtt orders []
2025-04-30 14:18:09,843 - DEBUG    - [2692] - MainThread - oms - oms:finvasia_get_orderbook - 333: Payload: jData= {"uid": "FN112899"}&jKey=bf890ec97c5fc9ca31259c455e87ea28a532457e8bb630e288daf20618a352c5
2025-04-30 14:18:09,859 - DEBUG    - [2692] - MainThread - urllib3.connectionpool - connectionpool:_new_conn - 1049: Starting new HTTPS connection (1): api.shoonya.com:443
2025-04-30 14:18:09,923 - DEBUG    - [2692] - MainThread - urllib3.connectionpool - connectionpool:_make_request - 544: https://api.shoonya.com:443 "POST /NorenWClientTP/OrderBook HTTP/1.1" 200 2479
2025-04-30 14:18:12,382 - DEBUG    - [2692] - MainThread - urllib3.connectionpool - connectionpool:_new_conn - 1049: Starting new HTTPS connection (1): api.shoonya.com:443
2025-04-30 14:18:12,731 - DEBUG    - [2692] - MainThread - urllib3.connectionpool - connectionpool:_make_request - 544: https://api.shoonya.com:443 "POST /NorenWClientTP/GetPendingGTTOrder HTTP/1.1" 200 2
2025-04-30 14:18:12,731 - DEBUG    - [2692] - MainThread - oms - oms:finvesia_get_pending_gtt_orders - 399: pending gtt orders []
2025-04-30 14:18:12,742 - DEBUG    - [2692] - MainThread - oms - oms:finvasia_get_orderbook - 333: Payload: jData= {"uid": "FN112899"}&jKey=bf890ec97c5fc9ca31259c455e87ea28a532457e8bb630e288daf20618a352c5
2025-04-30 14:18:12,742 - DEBUG    - [2692] - MainThread - urllib3.connectionpool - connectionpool:_new_conn - 1049: Starting new HTTPS connection (1): api.shoonya.com:443
2025-04-30 14:18:12,929 - DEBUG    - [2692] - MainThread - urllib3.connectionpool - connectionpool:_make_request - 544: https://api.shoonya.com:443 "POST /NorenWClientTP/OrderBook HTTP/1.1" 200 2479
2025-04-30 14:18:13,984 - DEBUG    - [2692] - MainThread - urllib3.connectionpool - connectionpool:_new_conn - 1049: Starting new HTTPS connection (1): api.shoonya.com:443
2025-04-30 14:18:14,177 - DEBUG    - [2692] - MainThread - urllib3.connectionpool - connectionpool:_make_request - 544: https://api.shoonya.com:443 "POST /NorenWClientTP/GetPendingGTTOrder HTTP/1.1" 200 2
2025-04-30 14:18:14,177 - DEBUG    - [2692] - MainThread - oms - oms:finvesia_get_pending_gtt_orders - 399: pending gtt orders []
2025-04-30 14:18:14,182 - DEBUG    - [2692] - MainThread - oms - oms:finvasia_get_orderbook - 333: Payload: jData= {"uid": "FN112899"}&jKey=bf890ec97c5fc9ca31259c455e87ea28a532457e8bb630e288daf20618a352c5
2025-04-30 14:18:14,184 - DEBUG    - [2692] - MainThread - urllib3.connectionpool - connectionpool:_new_conn - 1049: Starting new HTTPS connection (1): api.shoonya.com:443
2025-04-30 14:18:14,257 - DEBUG    - [2692] - MainThread - urllib3.connectionpool - connectionpool:_make_request - 544: https://api.shoonya.com:443 "POST /NorenWClientTP/OrderBook HTTP/1.1" 200 2479
2025-04-30 14:18:16,611 - DEBUG    - [2692] - MainThread - urllib3.connectionpool - connectionpool:_new_conn - 1049: Starting new HTTPS connection (1): api.shoonya.com:443
2025-04-30 14:18:16,686 - DEBUG    - [2692] - MainThread - urllib3.connectionpool - connectionpool:_make_request - 544: https://api.shoonya.com:443 "POST /NorenWClientTP/GetPendingGTTOrder HTTP/1.1" 200 2
2025-04-30 14:18:16,686 - DEBUG    - [2692] - MainThread - oms - oms:finvesia_get_pending_gtt_orders - 399: pending gtt orders []
2025-04-30 14:18:16,686 - DEBUG    - [2692] - MainThread - oms - oms:finvasia_get_orderbook - 333: Payload: jData= {"uid": "FN112899"}&jKey=bf890ec97c5fc9ca31259c455e87ea28a532457e8bb630e288daf20618a352c5
2025-04-30 14:18:16,686 - DEBUG    - [2692] - MainThread - urllib3.connectionpool - connectionpool:_new_conn - 1049: Starting new HTTPS connection (1): api.shoonya.com:443
2025-04-30 14:18:16,771 - DEBUG    - [2692] - MainThread - urllib3.connectionpool - connectionpool:_make_request - 544: https://api.shoonya.com:443 "POST /NorenWClientTP/OrderBook HTTP/1.1" 200 2479
2025-04-30 14:18:18,637 - DEBUG    - [2692] - MainThread - urllib3.connectionpool - connectionpool:_new_conn - 1049: Starting new HTTPS connection (1): api.shoonya.com:443
2025-04-30 14:18:18,704 - DEBUG    - [2692] - MainThread - urllib3.connectionpool - connectionpool:_make_request - 544: https://api.shoonya.com:443 "POST /NorenWClientTP/GetPendingGTTOrder HTTP/1.1" 200 2
2025-04-30 14:18:18,704 - DEBUG    - [2692] - MainThread - oms - oms:finvesia_get_pending_gtt_orders - 399: pending gtt orders []
2025-04-30 14:18:18,704 - DEBUG    - [2692] - MainThread - oms - oms:finvasia_get_orderbook - 333: Payload: jData= {"uid": "FN112899"}&jKey=bf890ec97c5fc9ca31259c455e87ea28a532457e8bb630e288daf20618a352c5
2025-04-30 14:18:18,704 - DEBUG    - [2692] - MainThread - urllib3.connectionpool - connectionpool:_new_conn - 1049: Starting new HTTPS connection (1): api.shoonya.com:443
2025-04-30 14:18:18,775 - DEBUG    - [2692] - MainThread - urllib3.connectionpool - connectionpool:_make_request - 544: https://api.shoonya.com:443 "POST /NorenWClientTP/OrderBook HTTP/1.1" 200 2479
2025-04-30 14:18:20,196 - DEBUG    - [2692] - MainThread - urllib3.connectionpool - connectionpool:_new_conn - 1049: Starting new HTTPS connection (1): api.shoonya.com:443
2025-04-30 14:18:20,284 - DEBUG    - [2692] - MainThread - urllib3.connectionpool - connectionpool:_make_request - 544: https://api.shoonya.com:443 "POST /NorenWClientTP/GetPendingGTTOrder HTTP/1.1" 200 2
2025-04-30 14:18:20,284 - DEBUG    - [2692] - MainThread - oms - oms:finvesia_get_pending_gtt_orders - 399: pending gtt orders []
2025-04-30 14:18:20,286 - DEBUG    - [2692] - MainThread - oms - oms:finvasia_get_orderbook - 333: Payload: jData= {"uid": "FN112899"}&jKey=bf890ec97c5fc9ca31259c455e87ea28a532457e8bb630e288daf20618a352c5
2025-04-30 14:18:20,286 - DEBUG    - [2692] - MainThread - urllib3.connectionpool - connectionpool:_new_conn - 1049: Starting new HTTPS connection (1): api.shoonya.com:443
2025-04-30 14:18:20,347 - DEBUG    - [2692] - MainThread - urllib3.connectionpool - connectionpool:_make_request - 544: https://api.shoonya.com:443 "POST /NorenWClientTP/OrderBook HTTP/1.1" 200 2479
2025-04-30 14:18:21,513 - DEBUG    - [2692] - MainThread - urllib3.connectionpool - connectionpool:_new_conn - 1049: Starting new HTTPS connection (1): api.shoonya.com:443
2025-04-30 14:18:21,594 - DEBUG    - [2692] - MainThread - urllib3.connectionpool - connectionpool:_make_request - 544: https://api.shoonya.com:443 "POST /NorenWClientTP/GetPendingGTTOrder HTTP/1.1" 200 2
2025-04-30 14:18:21,594 - DEBUG    - [2692] - MainThread - oms - oms:finvesia_get_pending_gtt_orders - 399: pending gtt orders []
2025-04-30 14:18:21,594 - DEBUG    - [2692] - MainThread - oms - oms:finvasia_get_orderbook - 333: Payload: jData= {"uid": "FN112899"}&jKey=bf890ec97c5fc9ca31259c455e87ea28a532457e8bb630e288daf20618a352c5
2025-04-30 14:18:21,594 - DEBUG    - [2692] - MainThread - urllib3.connectionpool - connectionpool:_new_conn - 1049: Starting new HTTPS connection (1): api.shoonya.com:443
2025-04-30 14:18:21,659 - DEBUG    - [2692] - MainThread - urllib3.connectionpool - connectionpool:_make_request - 544: https://api.shoonya.com:443 "POST /NorenWClientTP/OrderBook HTTP/1.1" 200 2479
2025-04-30 14:18:22,872 - DEBUG    - [2692] - MainThread - urllib3.connectionpool - connectionpool:_new_conn - 1049: Starting new HTTPS connection (1): api.shoonya.com:443
2025-04-30 14:18:22,945 - DEBUG    - [2692] - MainThread - urllib3.connectionpool - connectionpool:_make_request - 544: https://api.shoonya.com:443 "POST /NorenWClientTP/GetPendingGTTOrder HTTP/1.1" 200 2
2025-04-30 14:18:22,945 - DEBUG    - [2692] - MainThread - oms - oms:finvesia_get_pending_gtt_orders - 399: pending gtt orders []
2025-04-30 14:18:22,945 - DEBUG    - [2692] - MainThread - oms - oms:finvasia_get_orderbook - 333: Payload: jData= {"uid": "FN112899"}&jKey=bf890ec97c5fc9ca31259c455e87ea28a532457e8bb630e288daf20618a352c5
2025-04-30 14:18:22,945 - DEBUG    - [2692] - MainThread - urllib3.connectionpool - connectionpool:_new_conn - 1049: Starting new HTTPS connection (1): api.shoonya.com:443
2025-04-30 14:18:23,015 - DEBUG    - [2692] - MainThread - urllib3.connectionpool - connectionpool:_make_request - 544: https://api.shoonya.com:443 "POST /NorenWClientTP/OrderBook HTTP/1.1" 200 2479
2025-04-30 14:18:24,025 - DEBUG    - [2692] - MainThread - urllib3.connectionpool - connectionpool:_new_conn - 1049: Starting new HTTPS connection (1): api.shoonya.com:443
2025-04-30 14:18:24,091 - DEBUG    - [2692] - MainThread - urllib3.connectionpool - connectionpool:_make_request - 544: https://api.shoonya.com:443 "POST /NorenWClientTP/GetPendingGTTOrder HTTP/1.1" 200 2
2025-04-30 14:18:24,091 - DEBUG    - [2692] - MainThread - oms - oms:finvesia_get_pending_gtt_orders - 399: pending gtt orders []
2025-04-30 14:18:24,091 - DEBUG    - [2692] - MainThread - oms - oms:finvasia_get_orderbook - 333: Payload: jData= {"uid": "FN112899"}&jKey=bf890ec97c5fc9ca31259c455e87ea28a532457e8bb630e288daf20618a352c5
2025-04-30 14:18:24,091 - DEBUG    - [2692] - MainThread - urllib3.connectionpool - connectionpool:_new_conn - 1049: Starting new HTTPS connection (1): api.shoonya.com:443
2025-04-30 14:18:24,161 - DEBUG    - [2692] - MainThread - urllib3.connectionpool - connectionpool:_make_request - 544: https://api.shoonya.com:443 "POST /NorenWClientTP/OrderBook HTTP/1.1" 200 2479
2025-04-30 14:18:25,270 - DEBUG    - [2692] - MainThread - urllib3.connectionpool - connectionpool:_new_conn - 1049: Starting new HTTPS connection (1): api.shoonya.com:443
2025-04-30 14:18:25,351 - DEBUG    - [2692] - MainThread - urllib3.connectionpool - connectionpool:_make_request - 544: https://api.shoonya.com:443 "POST /NorenWClientTP/GetPendingGTTOrder HTTP/1.1" 200 2
2025-04-30 14:18:25,351 - DEBUG    - [2692] - MainThread - oms - oms:finvesia_get_pending_gtt_orders - 399: pending gtt orders []
2025-04-30 14:18:25,351 - DEBUG    - [2692] - MainThread - oms - oms:finvasia_get_orderbook - 333: Payload: jData= {"uid": "FN112899"}&jKey=bf890ec97c5fc9ca31259c455e87ea28a532457e8bb630e288daf20618a352c5
2025-04-30 14:18:25,359 - DEBUG    - [2692] - MainThread - urllib3.connectionpool - connectionpool:_new_conn - 1049: Starting new HTTPS connection (1): api.shoonya.com:443
2025-04-30 14:35:20,043 - CRITICAL - [2692] - MainThread - root - main:main - 481: Runtime Error
Traceback (most recent call last):
  File "D:\38mincandle-client\env\Lib\site-packages\urllib3\connectionpool.py", line 787, in urlopen
    response = self._make_request(
               ^^^^^^^^^^^^^^^^^^^
  File "D:\38mincandle-client\env\Lib\site-packages\urllib3\connectionpool.py", line 534, in _make_request
    response = conn.getresponse()
               ^^^^^^^^^^^^^^^^^^
  File "D:\38mincandle-client\env\Lib\site-packages\urllib3\connection.py", line 516, in getresponse
    httplib_response = super().getresponse()
                       ^^^^^^^^^^^^^^^^^^^^^
  File "C:\Program Files\Python312\Lib\http\client.py", line 1411, in getresponse
    response.begin()
  File "C:\Program Files\Python312\Lib\http\client.py", line 324, in begin
    version, status, reason = self._read_status()
                              ^^^^^^^^^^^^^^^^^^^
  File "C:\Program Files\Python312\Lib\http\client.py", line 293, in _read_status
    raise RemoteDisconnected("Remote end closed connection without"
http.client.RemoteDisconnected: Remote end closed connection without response

During handling of the above exception, another exception occurred:

Traceback (most recent call last):
  File "D:\38mincandle-client\env\Lib\site-packages\requests\adapters.py", line 667, in send
    resp = conn.urlopen(
           ^^^^^^^^^^^^^
  File "D:\38mincandle-client\env\Lib\site-packages\urllib3\connectionpool.py", line 841, in urlopen
    retries = retries.increment(
              ^^^^^^^^^^^^^^^^^^
  File "D:\38mincandle-client\env\Lib\site-packages\urllib3\util\retry.py", line 474, in increment
    raise reraise(type(error), error, _stacktrace)
          ^^^^^^^^^^^^^^^^^^^^^^^^^^^^^^^^^^^^^^^^
  File "D:\38mincandle-client\env\Lib\site-packages\urllib3\util\util.py", line 38, in reraise
    raise value.with_traceback(tb)
  File "D:\38mincandle-client\env\Lib\site-packages\urllib3\connectionpool.py", line 787, in urlopen
    response = self._make_request(
               ^^^^^^^^^^^^^^^^^^^
  File "D:\38mincandle-client\env\Lib\site-packages\urllib3\connectionpool.py", line 534, in _make_request
    response = conn.getresponse()
               ^^^^^^^^^^^^^^^^^^
  File "D:\38mincandle-client\env\Lib\site-packages\urllib3\connection.py", line 516, in getresponse
    httplib_response = super().getresponse()
                       ^^^^^^^^^^^^^^^^^^^^^
  File "C:\Program Files\Python312\Lib\http\client.py", line 1411, in getresponse
    response.begin()
  File "C:\Program Files\Python312\Lib\http\client.py", line 324, in begin
    version, status, reason = self._read_status()
                              ^^^^^^^^^^^^^^^^^^^
  File "C:\Program Files\Python312\Lib\http\client.py", line 293, in _read_status
    raise RemoteDisconnected("Remote end closed connection without"
urllib3.exceptions.ProtocolError: ('Connection aborted.', RemoteDisconnected('Remote end closed connection without response'))

During handling of the above exception, another exception occurred:

Traceback (most recent call last):
  File "D:\38mincandle-client\main.py", line 471, in main
    finvasia_get_orderbook()
  File "D:\38mincandle-client\oms.py", line 334, in finvasia_get_orderbook
    response = requests.post(
               ^^^^^^^^^^^^^^
  File "D:\38mincandle-client\env\Lib\site-packages\requests\api.py", line 115, in post
    return request("post", url, data=data, json=json, **kwargs)
           ^^^^^^^^^^^^^^^^^^^^^^^^^^^^^^^^^^^^^^^^^^^^^^^^^^^^
  File "D:\38mincandle-client\env\Lib\site-packages\requests\api.py", line 59, in request
    return session.request(method=method, url=url, **kwargs)
           ^^^^^^^^^^^^^^^^^^^^^^^^^^^^^^^^^^^^^^^^^^^^^^^^^
  File "D:\38mincandle-client\env\Lib\site-packages\requests\sessions.py", line 589, in request
    resp = self.send(prep, **send_kwargs)
           ^^^^^^^^^^^^^^^^^^^^^^^^^^^^^^
  File "D:\38mincandle-client\env\Lib\site-packages\requests\sessions.py", line 703, in send
    r = adapter.send(request, **kwargs)
        ^^^^^^^^^^^^^^^^^^^^^^^^^^^^^^^
  File "D:\38mincandle-client\env\Lib\site-packages\requests\adapters.py", line 682, in send
    raise ConnectionError(err, request=request)
requests.exceptions.ConnectionError: ('Connection aborted.', RemoteDisconnected('Remote end closed connection without response'))
